\BOOKMARK [1][-]{section.1}{\376\377\000B\000a\000c\000k\000g\000r\000o\000u\000n\000d}{}% 1
\BOOKMARK [2][-]{subsection.1.1}{\376\377\000E\000x\000t\000e\000n\000d\000i\000n\000g\000\040\000p\000r\000e\000d\000i\000c\000t\000i\000o\000n\000\040\000t\000o\000\040\000p\000r\000e\000s\000c\000r\000i\000p\000t\000i\000o\000n\000\040\000r\000e\000q\000u\000i\000r\000e\000s\000\040\000c\000a\000u\000s\000a\000l\000\040\000m\000o\000d\000e\000l\000\040\000s\000e\000l\000e\000c\000t\000i\000o\000n}{section.1}% 2
\BOOKMARK [2][-]{subsection.1.2}{\376\377\000I\000l\000l\000u\000s\000t\000r\000a\000t\000i\000o\000n\000:\000\040\000t\000h\000e\000\040\000b\000e\000s\000t\000\040\000p\000r\000e\000d\000i\000c\000t\000o\000r\000\040\000m\000a\000y\000\040\000n\000o\000t\000\040\000e\000s\000t\000i\000m\000a\000t\000e\000\040\000b\000e\000s\000t\000\040\000c\000a\000u\000s\000a\000l\000\040\000e\000f\000f\000e\000c\000t\000s}{section.1}% 3
\BOOKMARK [2][-]{subsection.1.3}{\376\377\000P\000r\000i\000o\000r\000\040\000w\000o\000r\000k\000:\000\040\000m\000o\000d\000e\000l\000\040\000s\000e\000l\000e\000c\000t\000i\000o\000n\000\040\000f\000o\000r\000\040\000o\000u\000t\000c\000o\000m\000e\000\040\000m\000o\000d\000e\000l\000i\000n\000g\000\040\000\050\000g\000-\000c\000o\000m\000p\000u\000t\000a\000t\000i\000o\000n\000\051}{section.1}% 4
\BOOKMARK [1][-]{section.2}{\376\377\000F\000o\000r\000m\000a\000l\000\040\000s\000e\000t\000t\000i\000n\000g\000\040\000o\000f\000\040\000c\000a\000u\000s\000a\000l\000\040\000i\000n\000f\000e\000r\000e\000n\000c\000e\000\040\000a\000n\000d\000\040\000m\000o\000d\000e\000l\000\040\000s\000e\000l\000e\000c\000t\000i\000o\000n}{}% 5
\BOOKMARK [2][-]{subsection.2.1}{\376\377\000T\000h\000e\000\040\000N\000e\000y\000m\000a\000n\000-\000R\000u\000b\000i\000n\000\040\000P\000o\000t\000e\000n\000t\000i\000a\000l\000\040\000O\000u\000t\000c\000o\000m\000e\000s\000\040\000f\000r\000a\000m\000e\000w\000o\000r\000k}{section.2}% 6
\BOOKMARK [2][-]{subsection.2.2}{\376\377\000M\000o\000d\000e\000l\000-\000s\000e\000l\000e\000c\000t\000i\000o\000n\000\040\000r\000i\000s\000k\000s\000,\000\040\000o\000r\000a\000c\000l\000e\000\040\000a\000n\000d\000\040\000f\000e\000a\000s\000i\000b\000l\000e}{section.2}% 7
\BOOKMARK [2][-]{subsection.2.3}{\376\377\000E\000s\000t\000i\000m\000a\000t\000i\000o\000n\000\040\000a\000n\000d\000\040\000m\000o\000d\000e\000l\000\040\000s\000e\000l\000e\000c\000t\000i\000o\000n\000\040\000p\000r\000o\000c\000e\000d\000u\000r\000e}{section.2}% 8
\BOOKMARK [1][-]{section.3}{\376\377\000T\000h\000e\000o\000r\000y\000:\000\040\000L\000i\000n\000k\000s\000\040\000b\000e\000t\000w\000e\000e\000n\000\040\000f\000e\000a\000s\000i\000b\000l\000e\000\040\000a\000n\000d\000\040\000o\000r\000a\000c\000l\000e\000\040\000r\000i\000s\000k\000s}{}% 9
\BOOKMARK [2][-]{subsection.3.1}{\376\377\000U\000p\000p\000e\000r\000\040\000b\000o\000u\000n\000d\000\040\000o\000f\000\040\000-\000r\000i\000s\000k\000\040\000w\000i\000t\000h\000\040\000-\000r\000i\000s\000k\000I\000P\000W}{section.3}% 10
\BOOKMARK [2][-]{subsection.3.2}{\376\377\000R\000e\000f\000o\000r\000m\000u\000l\000a\000t\000i\000o\000n\000\040\000o\000f\000\040\000t\000h\000e\000\040\000R\000-\000r\000i\000s\000k\000\040\000a\000s\000\040\000r\000e\000w\000e\000i\000g\000h\000t\000e\000d\000\040\000-\000r\000i\000s\000k}{section.3}% 11
\BOOKMARK [2][-]{subsection.3.3}{\376\377\000I\000n\000t\000e\000r\000e\000s\000t\000i\000n\000g\000\040\000s\000p\000e\000c\000i\000a\000l\000\040\000c\000a\000s\000e\000s}{section.3}% 12
\BOOKMARK [1][-]{section.4}{\376\377\000E\000m\000p\000i\000r\000i\000c\000a\000l\000\040\000S\000t\000u\000d\000y}{}% 13
\BOOKMARK [2][-]{subsection.4.1}{\376\377\000C\000a\000u\000s\000s\000i\000m\000:\000\040\000E\000x\000t\000e\000n\000s\000i\000v\000e\000\040\000s\000i\000m\000u\000l\000a\000t\000i\000o\000n\000\040\000s\000e\000t\000t\000i\000n\000g\000s}{section.4}% 14
\BOOKMARK [2][-]{subsection.4.2}{\376\377\000S\000e\000m\000i\000-\000s\000i\000m\000u\000l\000a\000t\000e\000d\000\040\000d\000a\000t\000a\000s\000e\000t\000s}{section.4}% 15
\BOOKMARK [2][-]{subsection.4.3}{\376\377\000M\000e\000a\000s\000u\000r\000i\000n\000g\000\040\000o\000v\000e\000r\000l\000a\000p\000\040\000b\000e\000t\000w\000e\000e\000n\000\040\000t\000r\000e\000a\000t\000e\000d\000\040\000a\000n\000d\000\040\000n\000o\000n\000\040\000t\000r\000e\000a\000t\000e\000d}{section.4}% 16
\BOOKMARK [2][-]{subsection.4.4}{\376\377\000E\000m\000p\000i\000r\000i\000c\000a\000l\000\040\000r\000e\000s\000u\000l\000t\000s\000:\000\040\000f\000a\000c\000t\000o\000r\000s\000\040\000d\000r\000i\000v\000i\000n\000g\000\040\000g\000o\000o\000d\000\040\000m\000o\000d\000e\000l\000\040\000s\000e\000l\000e\000c\000t\000i\000o\000n\000\040\000a\000c\000r\000o\000s\000s\000\040\000d\000a\000t\000a\000s\000e\000t\000s}{section.4}% 17
\BOOKMARK [1][-]{section.5}{\376\377\000D\000i\000s\000c\000u\000s\000s\000i\000o\000n\000\040\000a\000n\000d\000\040\000c\000o\000n\000c\000l\000u\000s\000i\000o\000n}{}% 18
\BOOKMARK [1][-]{appendix.A}{\376\377\000V\000a\000r\000i\000a\000b\000i\000l\000i\000t\000y\000\040\000o\000f\000\040\000A\000T\000E\000\040\000e\000s\000t\000i\000m\000a\000t\000i\000o\000n\000\040\000o\000n\000\040\000A\000C\000I\000C\000\040\0002\0000\0001\0006}{}% 19
\BOOKMARK [1][-]{appendix.B}{\376\377\000C\000a\000u\000s\000a\000l\000\040\000a\000s\000s\000u\000m\000p\000t\000i\000o\000n\000s}{}% 20
\BOOKMARK [1][-]{appendix.C}{\376\377\000P\000r\000o\000o\000f\000s\000:\000\040\000L\000i\000n\000k\000s\000\040\000b\000e\000t\000w\000e\000e\000n\000\040\000f\000e\000a\000s\000i\000b\000l\000e\000\040\000a\000n\000d\000\040\000o\000r\000a\000c\000l\000e\000\040\000r\000i\000s\000k\000s}{}% 21
\BOOKMARK [2][-]{subsection.C.1}{\376\377\000U\000p\000p\000e\000r\000\040\000b\000o\000u\000n\000d\000\040\000o\000f\000\040\000-\000r\000i\000s\000k\000\040\000w\000i\000t\000h\000\040\000-\000r\000i\000s\000k\000I\000P\000W}{appendix.C}% 22
\BOOKMARK [2][-]{subsection.C.2}{\376\377\000R\000e\000f\000o\000r\000m\000u\000l\000a\000t\000i\000o\000n\000\040\000o\000f\000\040\000t\000h\000e\000\040\000R\000-\000r\000i\000s\000k\000\040\000a\000s\000\040\000r\000e\000w\000e\000i\000g\000h\000t\000e\000d\000\040\000-\000r\000i\000s\000k}{appendix.C}% 23
\BOOKMARK [1][-]{appendix.D}{\376\377\000M\000e\000a\000s\000u\000r\000i\000n\000g\000\040\000o\000v\000e\000r\000l\000a\000p}{}% 24
\BOOKMARK [1][-]{appendix.E}{\376\377\000E\000x\000p\000e\000r\000i\000m\000e\000n\000t\000s}{}% 25
\BOOKMARK [2][-]{subsection.E.1}{\376\377\000D\000e\000t\000a\000i\000l\000s\000\040\000o\000n\000\040\000t\000h\000e\000\040\000d\000a\000t\000a\000\040\000g\000e\000n\000e\000r\000a\000t\000i\000o\000n\000\040\000p\000r\000o\000c\000e\000s\000s}{appendix.E}% 26
\BOOKMARK [2][-]{subsection.E.2}{\376\377\000M\000o\000d\000e\000l\000\040\000s\000e\000l\000e\000c\000t\000i\000o\000n\000\040\000p\000r\000o\000c\000e\000d\000u\000r\000e\000s}{appendix.E}% 27
\BOOKMARK [2][-]{subsection.E.3}{\376\377\000A\000d\000d\000i\000t\000i\000o\000n\000a\000l\000\040\000R\000e\000s\000u\000l\000t\000s}{appendix.E}% 28
\BOOKMARK [1][-]{appendix.F}{\376\377\000H\000e\000t\000e\000r\000o\000g\000e\000n\000e\000i\000t\000y\000\040\000i\000n\000\040\000p\000r\000a\000c\000t\000i\000c\000e\000s\000\040\000f\000o\000r\000\040\000d\000a\000t\000a\000\040\000s\000p\000l\000i\000t}{}% 29
