This is pdfTeX, Version 3.141592653-2.6-1.40.22 (TeX Live 2022/dev/Debian) (preloaded format=pdflatex 2023.5.31)  16 NOV 2023 13:38
entering extended mode
 restricted \write18 enabled.
 file:line:error style messages enabled.
 %&-line parsing enabled.
**/home/mdoutrel/projets/inria/papiers/finished_papers/how_to_select_causal_models_bmc/how_to_select_causal_models.tex
(/home/mdoutrel/projets/inria/papiers/finished_papers/how_to_select_causal_models_bmc/how_to_select_causal_models.tex
LaTeX2e <2021-11-15> patch level 1
L3 programming layer <2022-01-21> (/usr/share/texlive/texmf-dist/tex/latex/base/article.cls
Document Class: article 2021/10/04 v1.4n Standard LaTeX document class
(/usr/share/texlive/texmf-dist/tex/latex/base/size10.clo
File: size10.clo 2021/10/04 v1.4n Standard LaTeX file (size option)
)
\c@part=\count185
\c@section=\count186
\c@subsection=\count187
\c@subsubsection=\count188
\c@paragraph=\count189
\c@subparagraph=\count190
\c@figure=\count191
\c@table=\count192
\abovecaptionskip=\skip47
\belowcaptionskip=\skip48
\bibindent=\dimen138
) (/usr/share/texlive/texmf-dist/tex/latex/caption/caption.sty
Package: caption 2020/10/26 v3.5g Customizing captions (AR)
 (/usr/share/texlive/texmf-dist/tex/latex/caption/caption3.sty
Package: caption3 2020/10/21 v2.2e caption3 kernel (AR)
 (/usr/share/texlive/texmf-dist/tex/latex/graphics/keyval.sty
Package: keyval 2014/10/28 v1.15 key=value parser (DPC)
\KV@toks@=\toks16
)
\captionmargin=\dimen139
\captionmargin@=\dimen140
\captionwidth=\dimen141
\caption@tempdima=\dimen142
\caption@indent=\dimen143
\caption@parindent=\dimen144
\caption@hangindent=\dimen145
Package caption Info: Standard document class detected.
)
\c@caption@flags=\count193
\c@continuedfloat=\count194
) (/usr/share/texlive/texmf-dist/tex/latex/caption/subcaption.sty
Package: subcaption 2020/10/07 v1.3j Sub-captions (AR)
\c@subfigure=\count195
\c@subtable=\count196
) (/usr/share/texlive/texmf-dist/tex/latex/threeparttable/threeparttable.sty
Package: threeparttable 2003/06/13  v 3.0
\@tempboxb=\box50
) (/usr/share/texlive/texmf-dist/tex/latex/psnfss/times.sty
Package: times 2020/03/25 PSNFSS-v9.3 (SPQR) 
) (/usr/share/texlive/texmf-dist/tex/latex/hyperref/hyperref.sty
Package: hyperref 2021-06-07 v7.00m Hypertext links for LaTeX
 (/usr/share/texlive/texmf-dist/tex/generic/ltxcmds/ltxcmds.sty
Package: ltxcmds 2020-05-10 v1.25 LaTeX kernel commands for general use (HO)
) (/usr/share/texlive/texmf-dist/tex/generic/iftex/iftex.sty
Package: iftex 2020/03/06 v1.0d TeX engine tests
) (/usr/share/texlive/texmf-dist/tex/generic/pdftexcmds/pdftexcmds.sty
Package: pdftexcmds 2020-06-27 v0.33 Utility functions of pdfTeX for LuaTeX (HO)
 (/usr/share/texlive/texmf-dist/tex/generic/infwarerr/infwarerr.sty
Package: infwarerr 2019/12/03 v1.5 Providing info/warning/error messages (HO)
)
Package pdftexcmds Info: \pdf@primitive is available.
Package pdftexcmds Info: \pdf@ifprimitive is available.
Package pdftexcmds Info: \pdfdraftmode found.
) (/usr/share/texlive/texmf-dist/tex/generic/kvsetkeys/kvsetkeys.sty
Package: kvsetkeys 2019/12/15 v1.18 Key value parser (HO)
) (/usr/share/texlive/texmf-dist/tex/generic/kvdefinekeys/kvdefinekeys.sty
Package: kvdefinekeys 2019-12-19 v1.6 Define keys (HO)
) (/usr/share/texlive/texmf-dist/tex/generic/pdfescape/pdfescape.sty
Package: pdfescape 2019/12/09 v1.15 Implements pdfTeX's escape features (HO)
) (/usr/share/texlive/texmf-dist/tex/latex/hycolor/hycolor.sty
Package: hycolor 2020-01-27 v1.10 Color options for hyperref/bookmark (HO)
) (/usr/share/texlive/texmf-dist/tex/latex/letltxmacro/letltxmacro.sty
Package: letltxmacro 2019/12/03 v1.6 Let assignment for LaTeX macros (HO)
) (/usr/share/texlive/texmf-dist/tex/latex/auxhook/auxhook.sty
Package: auxhook 2019-12-17 v1.6 Hooks for auxiliary files (HO)
) (/usr/share/texlive/texmf-dist/tex/latex/kvoptions/kvoptions.sty
Package: kvoptions 2020-10-07 v3.14 Key value format for package options (HO)
)
\@linkdim=\dimen146
\Hy@linkcounter=\count197
\Hy@pagecounter=\count198
 (/usr/share/texlive/texmf-dist/tex/latex/hyperref/pd1enc.def
File: pd1enc.def 2021-06-07 v7.00m Hyperref: PDFDocEncoding definition (HO)
Now handling font encoding PD1 ...
... no UTF-8 mapping file for font encoding PD1
) (/usr/share/texlive/texmf-dist/tex/latex/hyperref/hyperref-langpatches.def
File: hyperref-langpatches.def 2021-06-07 v7.00m Hyperref: patches for babel languages
) (/usr/share/texlive/texmf-dist/tex/generic/intcalc/intcalc.sty
Package: intcalc 2019/12/15 v1.3 Expandable calculations with integers (HO)
) (/usr/share/texlive/texmf-dist/tex/generic/etexcmds/etexcmds.sty
Package: etexcmds 2019/12/15 v1.7 Avoid name clashes with e-TeX commands (HO)
)
\Hy@SavedSpaceFactor=\count199
 (/usr/share/texlive/texmf-dist/tex/latex/hyperref/puenc.def
File: puenc.def 2021-06-07 v7.00m Hyperref: PDF Unicode definition (HO)
Now handling font encoding PU ...
... no UTF-8 mapping file for font encoding PU
)
Package hyperref Info: Hyper figures OFF on input line 4192.
Package hyperref Info: Link nesting OFF on input line 4197.
Package hyperref Info: Hyper index ON on input line 4200.
Package hyperref Info: Plain pages OFF on input line 4207.
Package hyperref Info: Backreferencing OFF on input line 4212.
Package hyperref Info: Implicit mode ON; LaTeX internals redefined.
Package hyperref Info: Bookmarks ON on input line 4445.
\c@Hy@tempcnt=\count266
 (/usr/share/texlive/texmf-dist/tex/latex/url/url.sty
\Urlmuskip=\muskip16
Package: url 2013/09/16  ver 3.4  Verb mode for urls, etc.
)
LaTeX Info: Redefining \url on input line 4804.
\XeTeXLinkMargin=\dimen147
 (/usr/share/texlive/texmf-dist/tex/generic/bitset/bitset.sty
Package: bitset 2019/12/09 v1.3 Handle bit-vector datatype (HO)
 (/usr/share/texlive/texmf-dist/tex/generic/bigintcalc/bigintcalc.sty
Package: bigintcalc 2019/12/15 v1.5 Expandable calculations on big integers (HO)
))
\Fld@menulength=\count267
\Field@Width=\dimen148
\Fld@charsize=\dimen149
Package hyperref Info: Hyper figures OFF on input line 6076.
Package hyperref Info: Link nesting OFF on input line 6081.
Package hyperref Info: Hyper index ON on input line 6084.
Package hyperref Info: backreferencing OFF on input line 6091.
Package hyperref Info: Link coloring OFF on input line 6096.
Package hyperref Info: Link coloring with OCG OFF on input line 6101.
Package hyperref Info: PDF/A mode OFF on input line 6106.
LaTeX Info: Redefining \ref on input line 6146.
LaTeX Info: Redefining \pageref on input line 6150.
 (/usr/share/texlive/texmf-dist/tex/latex/base/atbegshi-ltx.sty
Package: atbegshi-ltx 2021/01/10 v1.0c Emulation of the original atbegshi
package with kernel methods
)
\Hy@abspage=\count268
\c@Item=\count269
\c@Hfootnote=\count270
)
Package hyperref Info: Driver (autodetected): hpdftex.
 (/usr/share/texlive/texmf-dist/tex/latex/hyperref/hpdftex.def
File: hpdftex.def 2021-06-07 v7.00m Hyperref driver for pdfTeX
 (/usr/share/texlive/texmf-dist/tex/latex/base/atveryend-ltx.sty
Package: atveryend-ltx 2020/08/19 v1.0a Emulation of the original atveryend package
with kernel methods
)
\Fld@listcount=\count271
\c@bookmark@seq@number=\count272
 (/usr/share/texlive/texmf-dist/tex/latex/rerunfilecheck/rerunfilecheck.sty
Package: rerunfilecheck 2019/12/05 v1.9 Rerun checks for auxiliary files (HO)
 (/usr/share/texlive/texmf-dist/tex/generic/uniquecounter/uniquecounter.sty
Package: uniquecounter 2019/12/15 v1.4 Provide unlimited unique counter (HO)
)
Package uniquecounter Info: New unique counter `rerunfilecheck' on input line 286.
)
\Hy@SectionHShift=\skip49
)
Package hyperref Info: Option `colorlinks' set `true' on input line 12.
 (/usr/share/texlive/texmf-dist/tex/latex/base/inputenc.sty
Package: inputenc 2021/02/14 v1.3d Input encoding file
\inpenc@prehook=\toks17
\inpenc@posthook=\toks18
) (/usr/share/texlive/texmf-dist/tex/latex/base/fontenc.sty
Package: fontenc 2021/04/29 v2.0v Standard LaTeX package
LaTeX Font Info:    Trying to load font information for T1+ptm on input line 112.
 (/usr/share/texlive/texmf-dist/tex/latex/psnfss/t1ptm.fd
File: t1ptm.fd 2001/06/04 font definitions for T1/ptm.
)) (/usr/share/texlive/texmf-dist/tex/latex/graphics/graphicx.sty
Package: graphicx 2021/09/16 v1.2d Enhanced LaTeX Graphics (DPC,SPQR)
 (/usr/share/texlive/texmf-dist/tex/latex/graphics/graphics.sty
Package: graphics 2021/03/04 v1.4d Standard LaTeX Graphics (DPC,SPQR)
 (/usr/share/texlive/texmf-dist/tex/latex/graphics/trig.sty
Package: trig 2021/08/11 v1.11 sin cos tan (DPC)
) (/usr/share/texlive/texmf-dist/tex/latex/graphics-cfg/graphics.cfg
File: graphics.cfg 2016/06/04 v1.11 sample graphics configuration
)
Package graphics Info: Driver file: pdftex.def on input line 107.
 (/usr/share/texlive/texmf-dist/tex/latex/graphics-def/pdftex.def
File: pdftex.def 2020/10/05 v1.2a Graphics/color driver for pdftex
))
\Gin@req@height=\dimen150
\Gin@req@width=\dimen151
) (/usr/share/texlive/texmf-dist/tex/latex/booktabs/booktabs.sty
Package: booktabs 2020/01/12 v1.61803398 Publication quality tables
\heavyrulewidth=\dimen152
\lightrulewidth=\dimen153
\cmidrulewidth=\dimen154
\belowrulesep=\dimen155
\belowbottomsep=\dimen156
\aboverulesep=\dimen157
\abovetopsep=\dimen158
\cmidrulesep=\dimen159
\cmidrulekern=\dimen160
\defaultaddspace=\dimen161
\@cmidla=\count273
\@cmidlb=\count274
\@aboverulesep=\dimen162
\@belowrulesep=\dimen163
\@thisruleclass=\count275
\@lastruleclass=\count276
\@thisrulewidth=\dimen164
) (/usr/share/texlive/texmf-dist/tex/latex/amsmath/amsmath.sty
Package: amsmath 2021/10/15 v2.17l AMS math features
\@mathmargin=\skip50

For additional information on amsmath, use the `?' option.
(/usr/share/texlive/texmf-dist/tex/latex/amsmath/amstext.sty
Package: amstext 2021/08/26 v2.01 AMS text
 (/usr/share/texlive/texmf-dist/tex/latex/amsmath/amsgen.sty
File: amsgen.sty 1999/11/30 v2.0 generic functions
\@emptytoks=\toks19
\ex@=\dimen165
)) (/usr/share/texlive/texmf-dist/tex/latex/amsmath/amsbsy.sty
Package: amsbsy 1999/11/29 v1.2d Bold Symbols
\pmbraise@=\dimen166
) (/usr/share/texlive/texmf-dist/tex/latex/amsmath/amsopn.sty
Package: amsopn 2021/08/26 v2.02 operator names
)
\inf@bad=\count277
LaTeX Info: Redefining \frac on input line 234.
\uproot@=\count278
\leftroot@=\count279
LaTeX Info: Redefining \overline on input line 399.
\classnum@=\count280
\DOTSCASE@=\count281
LaTeX Info: Redefining \ldots on input line 496.
LaTeX Info: Redefining \dots on input line 499.
LaTeX Info: Redefining \cdots on input line 620.
\Mathstrutbox@=\box51
\strutbox@=\box52
\big@size=\dimen167
LaTeX Font Info:    Redeclaring font encoding OML on input line 743.
LaTeX Font Info:    Redeclaring font encoding OMS on input line 744.
\macc@depth=\count282
\c@MaxMatrixCols=\count283
\dotsspace@=\muskip17
\c@parentequation=\count284
\dspbrk@lvl=\count285
\tag@help=\toks20
\row@=\count286
\column@=\count287
\maxfields@=\count288
\andhelp@=\toks21
\eqnshift@=\dimen168
\alignsep@=\dimen169
\tagshift@=\dimen170
\tagwidth@=\dimen171
\totwidth@=\dimen172
\lineht@=\dimen173
\@envbody=\toks22
\multlinegap=\skip51
\multlinetaggap=\skip52
\mathdisplay@stack=\toks23
LaTeX Info: Redefining \[ on input line 2938.
LaTeX Info: Redefining \] on input line 2939.
) (/usr/share/texlive/texmf-dist/tex/latex/amsfonts/amssymb.sty
Package: amssymb 2013/01/14 v3.01 AMS font symbols
 (/usr/share/texlive/texmf-dist/tex/latex/amsfonts/amsfonts.sty
Package: amsfonts 2013/01/14 v3.01 Basic AMSFonts support
\symAMSa=\mathgroup4
\symAMSb=\mathgroup5
LaTeX Font Info:    Redeclaring math symbol \hbar on input line 98.
LaTeX Font Info:    Overwriting math alphabet `\mathfrak' in version `bold'
(Font)                  U/euf/m/n --> U/euf/b/n on input line 106.
)) (/usr/share/texlive/texmf-dist/tex/latex/siunitx/siunitx.sty
Package: siunitx 2022-02-02 v3.0.46 A comprehensive (SI) units package
\l__siunitx_angle_tmp_dim=\dimen174
\l__siunitx_angle_marker_box=\box53
\l__siunitx_angle_unit_box=\box54
\l__siunitx_compound_count_int=\count289
 (/usr/share/texlive/texmf-dist/tex/latex/translations/translations.sty
Package: translations 2022/01/04 v1.11 internationalization of LaTeX2e packages (CN)
 (/usr/share/texlive/texmf-dist/tex/latex/etoolbox/etoolbox.sty
Package: etoolbox 2020/10/05 v2.5k e-TeX tools for LaTeX (JAW)
\etb@tempcnta=\count290
))
\l__siunitx_number_exponent_fixed_int=\count291
\l__siunitx_number_min_decimal_int=\count292
\l__siunitx_number_min_integer_int=\count293
\l__siunitx_number_round_precision_int=\count294
\l__siunitx_number_group_minimum_int=\count295
\l__siunitx_table_tmp_box=\box55
\l__siunitx_table_tmp_dim=\dimen175
\l__siunitx_table_column_width_dim=\dimen176
\l__siunitx_table_integer_box=\box56
\l__siunitx_table_decimal_box=\box57
\l__siunitx_table_before_box=\box58
\l__siunitx_table_after_box=\box59
\l__siunitx_table_before_dim=\dimen177
\l__siunitx_table_carry_dim=\dimen178
\l__siunitx_unit_tmp_int=\count296
\l__siunitx_unit_position_int=\count297
\l__siunitx_unit_total_int=\count298
 (/usr/share/texlive/texmf-dist/tex/latex/l3packages/l3keys2e/l3keys2e.sty (/usr/share/texlive/texmf-dist/tex/latex/l3kernel/expl3.sty
Package: expl3 2022-01-21 L3 programming layer (loader) 
 (/usr/share/texlive/texmf-dist/tex/latex/l3backend/l3backend-pdftex.def
File: l3backend-pdftex.def 2022-01-12 L3 backend support: PDF output (pdfTeX)
\l__color_backend_stack_int=\count299
\l__pdf_internal_box=\box60
))
Package: l3keys2e 2022-01-12 LaTeX2e option processing using LaTeX3 keys
) (/usr/share/texlive/texmf-dist/tex/latex/tools/array.sty
Package: array 2021/10/04 v2.5f Tabular extension package (FMi)
\col@sep=\dimen179
\ar@mcellbox=\box61
\extrarowheight=\dimen180
\NC@list=\toks24
\extratabsurround=\skip53
\backup@length=\skip54
\ar@cellbox=\box62
)) (/usr/share/texlive/texmf-dist/tex/latex/algorithms/algorithm.sty
Package: algorithm 2009/08/24 v0.1 Document Style `algorithm' - floating environment
 (/usr/share/texlive/texmf-dist/tex/latex/float/float.sty
Package: float 2001/11/08 v1.3d Float enhancements (AL)
\c@float@type=\count300
\float@exts=\toks25
\float@box=\box63
\@float@everytoks=\toks26
\@floatcapt=\box64
) (/usr/share/texlive/texmf-dist/tex/latex/base/ifthen.sty
Package: ifthen 2020/11/24 v1.1c Standard LaTeX ifthen package (DPC)
)
\@float@every@algorithm=\toks27
\c@algorithm=\count301
) (/usr/share/texlive/texmf-dist/tex/latex/algorithmicx/algorithmicx.sty
Package: algorithmicx 2005/04/27 v1.2 Algorithmicx

Document Style algorithmicx 1.2 - a greatly improved `algorithmic' style
\c@ALG@line=\count302
\c@ALG@rem=\count303
\c@ALG@nested=\count304
\ALG@tlm=\skip55
\ALG@thistlm=\skip56
\c@ALG@Lnr=\count305
\c@ALG@blocknr=\count306
\c@ALG@storecount=\count307
\c@ALG@tmpcounter=\count308
\ALG@tmplength=\skip57
) (/usr/share/texlive/texmf-dist/tex/latex/algorithmicx/algpseudocode.sty
Package: algpseudocode 

Document Style - pseudocode environments for use with the `algorithmicx' style
) (/usr/share/texlive/texmf-dist/tex/latex/multirow/multirow.sty
Package: multirow 2021/03/15 v2.8 Span multiple rows of a table
\multirow@colwidth=\skip58
\multirow@cntb=\count309
\multirow@dima=\skip59
\bigstrutjot=\dimen181
) (/usr/share/texlive/texmf-dist/tex/latex/biblatex/biblatex.sty
Package: biblatex 2022/02/02 v3.17 programmable bibliographies (PK/MW)
 (/usr/share/texlive/texmf-dist/tex/latex/logreq/logreq.sty
Package: logreq 2010/08/04 v1.0 xml request logger
\lrq@indent=\count310
 (/usr/share/texlive/texmf-dist/tex/latex/logreq/logreq.def
File: logreq.def 2010/08/04 v1.0 logreq spec v1.0
))
\c@tabx@nest=\count311
\c@listtotal=\count312
\c@listcount=\count313
\c@liststart=\count314
\c@liststop=\count315
\c@citecount=\count316
\c@citetotal=\count317
\c@multicitecount=\count318
\c@multicitetotal=\count319
\c@instcount=\count320
\c@maxnames=\count321
\c@minnames=\count322
\c@maxitems=\count323
\c@minitems=\count324
\c@citecounter=\count325
\c@maxcitecounter=\count326
\c@savedcitecounter=\count327
\c@uniquelist=\count328
\c@uniquename=\count329
\c@refsection=\count330
\c@refsegment=\count331
\c@maxextratitle=\count332
\c@maxextratitleyear=\count333
\c@maxextraname=\count334
\c@maxextradate=\count335
\c@maxextraalpha=\count336
\c@abbrvpenalty=\count337
\c@highnamepenalty=\count338
\c@lownamepenalty=\count339
\c@maxparens=\count340
\c@parenlevel=\count341
\blx@tempcnta=\count342
\blx@tempcntb=\count343
\blx@tempcntc=\count344
\c@blx@maxsection=\count345
\c@blx@maxsegment@0=\count346
\blx@notetype=\count347
\blx@parenlevel@text=\count348
\blx@parenlevel@foot=\count349
\c@blx@sectionciteorder@0=\count350
\blx@entrysetcounter=\count351
\blx@biblioinstance=\count352
\labelnumberwidth=\skip60
\labelalphawidth=\skip61
\biblabelsep=\skip62
\bibitemsep=\skip63
\bibnamesep=\skip64
\bibinitsep=\skip65
\bibparsep=\skip66
\bibhang=\skip67
\blx@bcfin=\read2
\blx@bcfout=\write3
\blx@langwohyphens=\language7
\c@mincomprange=\count353
\c@maxcomprange=\count354
\c@mincompwidth=\count355
Package biblatex Info: Trying to load biblatex default data model...
Package biblatex Info: ... file 'blx-dm.def' found.
 (/usr/share/texlive/texmf-dist/tex/latex/biblatex/blx-dm.def
File: blx-dm.def 2022/02/02 v3.17 biblatex localization (PK/MW)
)
Package biblatex Info: Trying to load biblatex style data model...
Package biblatex Info: ... file 'numeric.dbx' not found.
Package biblatex Info: Trying to load biblatex custom data model...
Package biblatex Info: ... file 'biblatex-dm.cfg' not found.
\c@afterword=\count356
\c@savedafterword=\count357
\c@annotator=\count358
\c@savedannotator=\count359
\c@author=\count360
\c@savedauthor=\count361
\c@bookauthor=\count362
\c@savedbookauthor=\count363
\c@commentator=\count364
\c@savedcommentator=\count365
\c@editor=\count366
\c@savededitor=\count367
\c@editora=\count368
\c@savededitora=\count369
\c@editorb=\count370
\c@savededitorb=\count371
\c@editorc=\count372
\c@savededitorc=\count373
\c@foreword=\count374
\c@savedforeword=\count375
\c@holder=\count376
\c@savedholder=\count377
\c@introduction=\count378
\c@savedintroduction=\count379
\c@namea=\count380
\c@savednamea=\count381
\c@nameb=\count382
\c@savednameb=\count383
\c@namec=\count384
\c@savednamec=\count385
\c@translator=\count386
\c@savedtranslator=\count387
\c@shortauthor=\count388
\c@savedshortauthor=\count389
\c@shorteditor=\count390
\c@savedshorteditor=\count391
\c@labelname=\count392
\c@savedlabelname=\count393
\c@institution=\count394
\c@savedinstitution=\count395
\c@lista=\count396
\c@savedlista=\count397
\c@listb=\count398
\c@savedlistb=\count399
\c@listc=\count400
\c@savedlistc=\count401
\c@listd=\count402
\c@savedlistd=\count403
\c@liste=\count404
\c@savedliste=\count405
\c@listf=\count406
\c@savedlistf=\count407
\c@location=\count408
\c@savedlocation=\count409
\c@organization=\count410
\c@savedorganization=\count411
\c@origlocation=\count412
\c@savedoriglocation=\count413
\c@origpublisher=\count414
\c@savedorigpublisher=\count415
\c@publisher=\count416
\c@savedpublisher=\count417
\c@language=\count418
\c@savedlanguage=\count419
\c@origlanguage=\count420
\c@savedoriglanguage=\count421
\c@pageref=\count422
\c@savedpageref=\count423
\shorthandwidth=\skip68
\shortjournalwidth=\skip69
\shortserieswidth=\skip70
\shorttitlewidth=\skip71
\shortauthorwidth=\skip72
\shorteditorwidth=\skip73
\locallabelnumberwidth=\skip74
\locallabelalphawidth=\skip75
\localshorthandwidth=\skip76
\localshortjournalwidth=\skip77
\localshortserieswidth=\skip78
\localshorttitlewidth=\skip79
\localshortauthorwidth=\skip80
\localshorteditorwidth=\skip81
Package biblatex Info: Trying to load compatibility code...
Package biblatex Info: ... file 'blx-compat.def' found.
 (/usr/share/texlive/texmf-dist/tex/latex/biblatex/blx-compat.def
File: blx-compat.def 2022/02/02 v3.17 biblatex compatibility (PK/MW)
)
Package biblatex Info: Trying to load generic definitions...
Package biblatex Info: ... file 'biblatex.def' found.
 (/usr/share/texlive/texmf-dist/tex/latex/biblatex/biblatex.def
File: biblatex.def 2022/02/02 v3.17 biblatex compatibility (PK/MW)
\c@textcitecount=\count424
\c@textcitetotal=\count425
\c@textcitemaxnames=\count426
\c@biburlbigbreakpenalty=\count427
\c@biburlbreakpenalty=\count428
\c@biburlnumpenalty=\count429
\c@biburlucpenalty=\count430
\c@biburllcpenalty=\count431
\biburlbigskip=\muskip18
\biburlnumskip=\muskip19
\biburlucskip=\muskip20
\biburllcskip=\muskip21
\c@smartand=\count432
)
Package biblatex Info: Trying to load natbib compatibility...
Package biblatex Info: ... file 'blx-natbib.def' found.
 (/usr/share/texlive/texmf-dist/tex/latex/biblatex/blx-natbib.def
File: blx-natbib.def 2022/02/02 v3.17 biblatex compatibility (PK/MW)
Package biblatex Info: Delimiter 'nameyeardelim' in context '' already defined, overwriting.
)
Package biblatex Info: Trying to load bibliography style 'numeric'...
Package biblatex Info: ... file 'numeric.bbx' found.
 (/usr/share/texlive/texmf-dist/tex/latex/biblatex/bbx/numeric.bbx
File: numeric.bbx 2022/02/02 v3.17 biblatex bibliography style (PK/MW)
Package biblatex Info: Trying to load bibliography style 'standard'...
Package biblatex Info: ... file 'standard.bbx' found.
 (/usr/share/texlive/texmf-dist/tex/latex/biblatex/bbx/standard.bbx
File: standard.bbx 2022/02/02 v3.17 biblatex bibliography style (PK/MW)
\c@bbx:relatedcount=\count433
\c@bbx:relatedtotal=\count434
))
Package biblatex Info: Trying to load citation style 'numeric'...
Package biblatex Info: ... file 'numeric.cbx' found.
 (/usr/share/texlive/texmf-dist/tex/latex/biblatex/cbx/numeric.cbx
File: numeric.cbx 2022/02/02 v3.17 biblatex citation style (PK/MW)
Package biblatex Info: Redefining '\cite'.
Package biblatex Info: Redefining '\parencite'.
Package biblatex Info: Redefining '\footcite'.
Package biblatex Info: Redefining '\footcitetext'.
Package biblatex Info: Redefining '\smartcite'.
Package biblatex Info: Redefining '\supercite'.
Package biblatex Info: Redefining '\textcite'.
Package biblatex Info: Redefining '\textcites'.
Package biblatex Info: Redefining '\cites'.
Package biblatex Info: Redefining '\parencites'.
Package biblatex Info: Redefining '\smartcites'.
)
Package biblatex Info: Trying to load configuration file...
Package biblatex Info: ... file 'biblatex.cfg' found.
 (/usr/share/texlive/texmf-dist/tex/latex/biblatex/biblatex.cfg
File: biblatex.cfg 
)
Package biblatex Info: Input encoding 'utf8' detected.
Package biblatex Info: Document encoding is UTF8 ....
Package biblatex Info: ... and expl3
(biblatex)             2022-01-21 L3 programming layer (loader) 
(biblatex)             is new enough (at least 2020/04/06),
(biblatex)             setting 'casechanger=expl3'.
 (/usr/share/texlive/texmf-dist/tex/latex/biblatex/blx-case-expl3.sty (/usr/share/texlive/texmf-dist/tex/latex/l3packages/xparse/xparse.sty
Package: xparse 2022-01-12 L3 Experimental document command parser
)
Package: blx-case-expl3 2022/02/02 v3.17 expl3 case changing code for biblatex
)) (/usr/share/texlive/texmf-dist/tex/latex/placeins/placeins.sty
Package: placeins 2005/04/18  v 2.2
) (./arxiv.sty (/usr/share/texlive/texmf-dist/tex/latex/geometry/geometry.sty
Package: geometry 2020/01/02 v5.9 Page Geometry
 (/usr/share/texlive/texmf-dist/tex/generic/iftex/ifvtex.sty
Package: ifvtex 2019/10/25 v1.7 ifvtex legacy package. Use iftex instead.
)
\Gm@cnth=\count435
\Gm@cntv=\count436
\c@Gm@tempcnt=\count437
\Gm@bindingoffset=\dimen182
\Gm@wd@mp=\dimen183
\Gm@odd@mp=\dimen184
\Gm@even@mp=\dimen185
\Gm@layoutwidth=\dimen186
\Gm@layoutheight=\dimen187
\Gm@layouthoffset=\dimen188
\Gm@layoutvoffset=\dimen189
\Gm@dimlist=\toks28
) (/usr/share/texlive/texmf-dist/tex/latex/fancyhdr/fancyhdr.sty
Package: fancyhdr 2021/01/28 v4.0.1 Extensive control of page headers and footers
\f@nch@headwidth=\skip82
\f@nch@O@elh=\skip83
\f@nch@O@erh=\skip84
\f@nch@O@olh=\skip85
\f@nch@O@orh=\skip86
\f@nch@O@elf=\skip87
\f@nch@O@erf=\skip88
\f@nch@O@olf=\skip89
\f@nch@O@orf=\skip90
)
\@abovecaptionskip=\skip91
\@belowcaptionskip=\skip92
) (/usr/share/texlive/texmf-dist/tex/latex/tools/multicol.sty
Package: multicol 2021/10/28 v1.9b multicolumn formatting (FMi)
\c@tracingmulticols=\count438
\mult@box=\box65
\multicol@leftmargin=\dimen190
\c@unbalance=\count439
\c@collectmore=\count440
\doublecol@number=\count441
\multicoltolerance=\count442
\multicolpretolerance=\count443
\full@width=\dimen191
\page@free=\dimen192
\premulticols=\dimen193
\postmulticols=\dimen194
\multicolsep=\skip93
\multicolbaselineskip=\skip94
\partial@page=\box66
\last@line=\box67
\maxbalancingoverflow=\dimen195
\mult@rightbox=\box68
\mult@grightbox=\box69
\mult@firstbox=\box70
\mult@gfirstbox=\box71
\@tempa=\box72
\@tempa=\box73
\@tempa=\box74
\@tempa=\box75
\@tempa=\box76
\@tempa=\box77
\@tempa=\box78
\@tempa=\box79
\@tempa=\box80
\@tempa=\box81
\@tempa=\box82
\@tempa=\box83
\@tempa=\box84
\@tempa=\box85
\@tempa=\box86
\@tempa=\box87
\@tempa=\box88
\@tempa=\box89
\@tempa=\box90
\@tempa=\box91
\@tempa=\box92
\@tempa=\box93
\@tempa=\box94
\@tempa=\box95
\@tempa=\box96
\@tempa=\box97
\@tempa=\box98
\@tempa=\box99
\@tempa=\box100
\@tempa=\box101
\@tempa=\box102
\@tempa=\box103
\@tempa=\box104
\@tempa=\box105
\@tempa=\box106
\@tempa=\box107
\c@minrows=\count444
\c@columnbadness=\count445
\c@finalcolumnbadness=\count446
\last@try=\dimen196
\multicolovershoot=\dimen197
\multicolundershoot=\dimen198
\mult@nat@firstbox=\box108
\colbreak@box=\box109
\mc@col@check@num=\count447
) (/usr/share/texlive/texmf-dist/tex/latex/preprint/authblk.sty
Package: authblk 2001/02/27 1.3 (PWD)
\affilsep=\skip95
\@affilsep=\skip96
\c@Maxaffil=\count448
\c@authors=\count449
\c@affil=\count450
) (/usr/share/texlive/texmf-dist/tex/latex/xcolor/xcolor.sty
Package: xcolor 2021/10/31 v2.13 LaTeX color extensions (UK)
 (/usr/share/texlive/texmf-dist/tex/latex/graphics-cfg/color.cfg
File: color.cfg 2016/01/02 v1.6 sample color configuration
)
Package xcolor Info: Driver file: pdftex.def on input line 227.
Package xcolor Info: Model `cmy' substituted by `cmy0' on input line 1352.
Package xcolor Info: Model `hsb' substituted by `rgb' on input line 1356.
Package xcolor Info: Model `RGB' extended on input line 1368.
Package xcolor Info: Model `HTML' substituted by `rgb' on input line 1370.
Package xcolor Info: Model `Hsb' substituted by `hsb' on input line 1371.
Package xcolor Info: Model `tHsb' substituted by `hsb' on input line 1372.
Package xcolor Info: Model `HSB' substituted by `hsb' on input line 1373.
Package xcolor Info: Model `Gray' substituted by `gray' on input line 1374.
Package xcolor Info: Model `wave' substituted by `hsb' on input line 1375.
 (/usr/share/texlive/texmf-dist/tex/latex/graphics/dvipsnam.def
File: dvipsnam.def 2016/06/17 v3.0m Driver-dependent file (DPC,SPQR)
)) (/usr/share/texlive/texmf-dist/tex/latex/comment/comment.sty
\CommentStream=\write4
 Excluding comment 'comment') (/usr/share/texlive/texmf-dist/tex/latex/mathtools/mathtools.sty
Package: mathtools 2021/02/02 v1.28 mathematical typesetting tools
 (/usr/share/texlive/texmf-dist/tex/latex/tools/calc.sty
Package: calc 2017/05/25 v4.3 Infix arithmetic (KKT,FJ)
\calc@Acount=\count451
\calc@Bcount=\count452
\calc@Adimen=\dimen199
\calc@Bdimen=\dimen256
\calc@Askip=\skip97
\calc@Bskip=\skip98
LaTeX Info: Redefining \setlength on input line 80.
LaTeX Info: Redefining \addtolength on input line 81.
\calc@Ccount=\count453
\calc@Cskip=\skip99
) (/usr/share/texlive/texmf-dist/tex/latex/mathtools/mhsetup.sty
Package: mhsetup 2021/03/18 v1.4 programming setup (MH)
)
\g_MT_multlinerow_int=\count454
\l_MT_multwidth_dim=\dimen257
\origjot=\skip100
\l_MT_shortvdotswithinadjustabove_dim=\dimen258
\l_MT_shortvdotswithinadjustbelow_dim=\dimen259
\l_MT_above_intertext_sep=\dimen260
\l_MT_below_intertext_sep=\dimen261
\l_MT_above_shortintertext_sep=\dimen262
\l_MT_below_shortintertext_sep=\dimen263
\xmathstrut@box=\box110
\xmathstrut@dim=\dimen264
)
\c@definition=\count455
\c@condition=\count456
\c@property=\count457
\c@remark=\count458
\c@notation=\count459
\c@proposition*=\count460
\c@proposition=\count461
\c@lemma=\count462
\c@theorem=\count463
\c@assumption=\count464
\c@proof=\count465
Package translations Info: No language package found. I am going to use `english' as default language. on input line 79.
\@quotelevel=\count466
\@quotereset=\count467
 (./how_to_select_causal_models.aux)
\openout1 = `how_to_select_causal_models.aux'.

LaTeX Font Info:    Checking defaults for OML/cmm/m/it on input line 79.
LaTeX Font Info:    ... okay on input line 79.
LaTeX Font Info:    Checking defaults for OMS/cmsy/m/n on input line 79.
LaTeX Font Info:    ... okay on input line 79.
LaTeX Font Info:    Checking defaults for OT1/cmr/m/n on input line 79.
LaTeX Font Info:    ... okay on input line 79.
LaTeX Font Info:    Checking defaults for T1/cmr/m/n on input line 79.
LaTeX Font Info:    ... okay on input line 79.
LaTeX Font Info:    Checking defaults for TS1/cmr/m/n on input line 79.
LaTeX Font Info:    ... okay on input line 79.
LaTeX Font Info:    Checking defaults for OMX/cmex/m/n on input line 79.
LaTeX Font Info:    ... okay on input line 79.
LaTeX Font Info:    Checking defaults for U/cmr/m/n on input line 79.
LaTeX Font Info:    ... okay on input line 79.
LaTeX Font Info:    Checking defaults for PD1/pdf/m/n on input line 79.
LaTeX Font Info:    ... okay on input line 79.
LaTeX Font Info:    Checking defaults for PU/pdf/m/n on input line 79.
LaTeX Font Info:    ... okay on input line 79.
Package caption Info: Begin \AtBeginDocument code.
Package caption Info: float package is loaded.
Package caption Info: hyperref package is loaded.
Package caption Info: threeparttable package is loaded.
Package caption Info: End \AtBeginDocument code.
Package hyperref Info: Link coloring ON on input line 79.
 (/usr/share/texlive/texmf-dist/tex/latex/hyperref/nameref.sty
Package: nameref 2021-04-02 v2.47 Cross-referencing by name of section
 (/usr/share/texlive/texmf-dist/tex/latex/refcount/refcount.sty
Package: refcount 2019/12/15 v3.6 Data extraction from label references (HO)
) (/usr/share/texlive/texmf-dist/tex/generic/gettitlestring/gettitlestring.sty
Package: gettitlestring 2019/12/15 v1.6 Cleanup title references (HO)
)
\c@section@level=\count468
)
LaTeX Info: Redefining \ref on input line 79.
LaTeX Info: Redefining \pageref on input line 79.
LaTeX Info: Redefining \nameref on input line 79.
 (./how_to_select_causal_models.out) (./how_to_select_causal_models.out)
\@outlinefile=\write5
\openout5 = `how_to_select_causal_models.out'.

 (/usr/share/texlive/texmf-dist/tex/context/base/mkii/supp-pdf.mkii
[Loading MPS to PDF converter (version 2006.09.02).]
\scratchcounter=\count469
\scratchdimen=\dimen265
\scratchbox=\box111
\nofMPsegments=\count470
\nofMParguments=\count471
\everyMPshowfont=\toks29
\MPscratchCnt=\count472
\MPscratchDim=\dimen266
\MPnumerator=\count473
\makeMPintoPDFobject=\count474
\everyMPtoPDFconversion=\toks30
) (/usr/share/texlive/texmf-dist/tex/latex/epstopdf-pkg/epstopdf-base.sty
Package: epstopdf-base 2020-01-24 v2.11 Base part for package epstopdf
Package epstopdf-base Info: Redefining graphics rule for `.eps' on input line 485.
 (/usr/share/texlive/texmf-dist/tex/latex/latexconfig/epstopdf-sys.cfg
File: epstopdf-sys.cfg 2010/07/13 v1.3 Configuration of (r)epstopdf for TeX Live
)) (/usr/share/texlive/texmf-dist/tex/latex/translations/translations-basic-dictionary-english.trsl
File: translations-basic-dictionary-english.trsl (english translation file `translations-basic-dictionary')
)
Package translations Info: loading dictionary `translations-basic-dictionary' for `english'. on input line 79.
Package biblatex Info: Trying to load language 'english'...
Package biblatex Info: ... file 'english.lbx' found.
 (/usr/share/texlive/texmf-dist/tex/latex/biblatex/lbx/english.lbx
File: english.lbx 2022/02/02 v3.17 biblatex localization (PK/MW)
)
Package biblatex Info: Input encoding 'utf8' detected.
Package biblatex Info: Automatic encoding selection.
(biblatex)             Assuming data encoding 'utf8'.
\openout3 = `how_to_select_causal_models.bcf'.

Package biblatex Info: Trying to load bibliographic data...
Package biblatex Info: ... file 'how_to_select_causal_models.bbl' found.
 (./how_to_select_causal_models.bbl)
Package biblatex Info: Reference section=0 on input line 79.
Package biblatex Info: Reference segment=0 on input line 79.

*geometry* driver: auto-detecting
*geometry* detected driver: pdftex
*geometry* verbose mode - [ preamble ] result:
* driver: pdftex
* paper: letterpaper
* layout: <same size as paper>
* layoutoffset:(h,v)=(0.0pt,0.0pt)
* modes: 
* h-part:(L,W,R)=(92.14519pt, 430.00462pt, 92.14519pt)
* v-part:(T,H,B)=(95.39737pt, 556.47656pt, 143.09605pt)
* \paperwidth=614.295pt
* \paperheight=794.96999pt
* \textwidth=505.89pt
* \textheight=556.47656pt
* \oddsidemargin=19.8752pt
* \evensidemargin=19.8752pt
* \topmargin=-13.87262pt
* \headheight=12.0pt
* \headsep=25.0pt
* \topskip=10.0pt
* \footskip=30.0pt
* \marginparwidth=42.67912pt
* \marginparsep=11.0pt
* \columnsep=28.45274pt
* \skip\footins=9.0pt plus 4.0pt minus 2.0pt
* \hoffset=0.0pt
* \voffset=0.0pt
* \mag=1000
* \@twocolumnfalse
* \@twosidefalse
* \@mparswitchfalse
* \@reversemarginfalse
* (1in=72.27pt=25.4mm, 1cm=28.453pt)

*geometry* verbose mode - [ newgeometry ] result:
* driver: pdftex
* paper: letterpaper
* layout: <same size as paper>
* layoutoffset:(h,v)=(0.0pt,0.0pt)
* modes: 
* h-part:(L,W,R)=(72.27pt, 469.75499pt, 72.27pt)
* v-part:(T,H,B)=(72.26999pt, 650.43pt, 72.27pt)
* \paperwidth=614.295pt
* \paperheight=794.96999pt
* \textwidth=469.75499pt
* \textheight=650.43pt
* \oddsidemargin=0.00002pt
* \evensidemargin=0.00002pt
* \topmargin=-39.0pt
* \headheight=14.0pt
* \headsep=25.0pt
* \topskip=10.0pt
* \footskip=30.0pt
* \marginparwidth=42.67912pt
* \marginparsep=11.0pt
* \columnsep=28.45274pt
* \skip\footins=9.0pt plus 4.0pt minus 2.0pt
* \hoffset=0.0pt
* \voffset=0.0pt
* \mag=1000
* \@twocolumnfalse
* \@twosidefalse
* \@mparswitchfalse
* \@reversemarginfalse
* (1in=72.27pt=25.4mm, 1cm=28.453pt)

LaTeX Font Info:    Trying to load font information for U+msa on input line 85.
(/usr/share/texlive/texmf-dist/tex/latex/amsfonts/umsa.fd
File: umsa.fd 2013/01/14 v3.01 AMS symbols A
)
LaTeX Font Info:    Trying to load font information for U+msb on input line 85.
 (/usr/share/texlive/texmf-dist/tex/latex/amsfonts/umsb.fd
File: umsb.fd 2013/01/14 v3.01 AMS symbols B
) [1


{/var/lib/texmf/fonts/map/pdftex/updmap/pdftex.map}]

LaTeX Warning: Reference `fig:acic_2016_ate_heterogeneity' on page 2 undefined on input line 209.


Underfull \hbox (badness 10000) in paragraph at lines 238--238
\T1/ptm/b/n/10 out-come mod-els
 []


Underfull \hbox (badness 10000) in paragraph at lines 238--238
\T1/ptm/b/n/10 lead to dif-fer-ent
 []


Underfull \hbox (badness 10000) in paragraph at lines 238--238
\T1/ptm/m/n/10 sim-u-la-tions where
 []


Underfull \hbox (badness 5787) in paragraph at lines 238--238
\T1/ptm/m/n/10 mod-els are ran-dom
 []


Underfull \hbox (badness 10000) in paragraph at lines 238--238
\T1/ptm/m/n/10 treat-ment, (hyper-
 []


Underfull \hbox (badness 10000) in paragraph at lines 238--238
\T1/ptm/m/n/10 parameters de-tailed
 []


Underfull \hbox (badness 10000) in paragraph at lines 238--238
\T1/ptm/m/n/10 dif-fer-ent con-fig-u-ra-
 []


Underfull \hbox (badness 10000) in paragraph at lines 238--238
\T1/ptm/m/n/10 dif-fer-ence be-tween
 []


Underfull \hbox (badness 7468) in paragraph at lines 238--238
\T1/ptm/m/n/10 pop-u-la-tion --detailed
 []


Underfull \hbox (badness 10000) in paragraph at lines 238--238
\T1/ptm/m/n/10 choos-ing the best
 []


Underfull \hbox (badness 10000) in paragraph at lines 238--238
\T1/ptm/m/n/10 model among a
 []


Underfull \hbox (badness 10000) in paragraph at lines 238--238
\T1/ptm/m/n/10 fam-ily of can-di-
 []


Underfull \hbox (badness 10000) in paragraph at lines 238--238
\T1/ptm/m/n/10 date es-ti-ma-tors is
 []

<images/2023-03-08-11-10-28_acic_2016_ate_heterogeneity.parquet_abs_bias_ylog_scale=True.pdf, id=174, 946.34492pt x 597.16pt>
File: images/2023-03-08-11-10-28_acic_2016_ate_heterogeneity.parquet_abs_bias_ylog_scale=True.pdf Graphic file (type pdf)
<use images/2023-03-08-11-10-28_acic_2016_ate_heterogeneity.parquet_abs_bias_ylog_scale=True.pdf>
Package pdftex.def Info: images/2023-03-08-11-10-28_acic_2016_ate_heterogeneity.parquet_abs_bias_ylog_scale=True.pdf  used on input line 242.
(pdftex.def)             Requested size: 125.772pt x 79.36478pt.

Package multicol Warning: Floats and marginpars not allowed inside `multicols' environment!.


Package multicol Warning: Floats and marginpars not allowed inside `multicols' environment!.


Underfull \hbox (badness 10000) in paragraph at lines 312--312
\T1/ptm/m/n/10 stan-dard pre-dic-tion
 []


Underfull \hbox (badness 10000) in paragraph at lines 312--312
\T1/ptm/m/n/10 yields poor causal
 []


Underfull \hbox (badness 10000) in paragraph at lines 312--312
\T1/ptm/m/n/10 smaller pre-dic-tion
 []


Underfull \hbox (badness 5741) in paragraph at lines 312--312
\T1/ptm/m/n/10 per-for-mance lead-ing
 []


Underfull \hbox (badness 10000) in paragraph at lines 312--312
\U/msb/m/n/10 E\OT1/cmr/m/n/10 [(\OML/cmm/m/it/10 ^^\\OT1/cmr/m/n/10 (\OML/cmm/m/it/10 x\OT1/cmr/m/n/10 ) \OMS/cmsy/m/n/10 ^^@ []\OT1/cmr/m/n/10 (\OML/cmm/m/it/10 x\OT1/cmr/m/n/10 ))[]]$
 []


Underfull \hbox (badness 10000) in paragraph at lines 312--312
\T1/ptm/m/n/10 --the $\OML/cmm/m/it/10 ^^\[]$\T1/ptm/m/n/10 , def.[][]1[][]
 []


Underfull \hbox (badness 10000) in paragraph at lines 312--312
\T1/ptm/m/n/10 how-ever com-put-ing
 []


Underfull \hbox (badness 10000) in paragraph at lines 312--312
\T1/ptm/m/n/10 re-quires ac-cess to
 []


Underfull \hbox (badness 10000) in paragraph at lines 312--312
\T1/ptm/m/n/10 un-known quan-ti-ties:
 []


Underfull \hbox (badness 10000) in paragraph at lines 312--312
\T1/ptm/m/n/10 While the ran-dom
 []


Underfull \hbox (badness 5274) in paragraph at lines 312--312
\T1/ptm/m/n/10 for-est fits the data
 []


Underfull \hbox (badness 10000) in paragraph at lines 312--312
\T1/ptm/m/n/10 in-ho-mo-ge-neous be-
 []

LaTeX Font Info:    Trying to load font information for T1+phv on input line 315.
(/usr/share/texlive/texmf-dist/tex/latex/psnfss/t1phv.fd
File: t1phv.fd 2020/03/25 scalable font definitions for T1/phv.
)
<images/toy_random_forest_high_R2_high_tau_risk.pdf, id=183, 800.9006pt x 419.24709pt>
File: images/toy_random_forest_high_R2_high_tau_risk.pdf Graphic file (type pdf)
<use images/toy_random_forest_high_R2_high_tau_risk.pdf>
Package pdftex.def Info: images/toy_random_forest_high_R2_high_tau_risk.pdf  used on input line 319.
(pdftex.def)             Requested size: 127.31477pt x 66.6395pt.
<images/toy_tlinear_model_small_R2_small_tau_risk.pdf, id=184, 780.85023pt x 419.24709pt>
File: images/toy_tlinear_model_small_R2_small_tau_risk.pdf Graphic file (type pdf)
<use images/toy_tlinear_model_small_R2_small_tau_risk.pdf>
Package pdftex.def Info: images/toy_tlinear_model_small_R2_small_tau_risk.pdf  used on input line 324.
(pdftex.def)             Requested size: 127.31477pt x 68.35394pt.


Package multicol Warning: Floats and marginpars not allowed inside `multicols' environment!.


Package multicol Warning: Floats and marginpars not allowed inside `multicols' environment!.


LaTeX Warning: Reference `fig:toy_example' on page 2 undefined on input line 340.

[2

]

LaTeX Warning: Reference `fig:toy_example' on page 3 undefined on input line 351.


LaTeX Warning: Reference `fig:toy_example' on page 3 undefined on input line 358.

[3]
Overfull \hbox (14.46616pt too wide) detected at line 481
[] \OML/cmm/m/it/10 ^^\\OT1/cmr/m/n/10 (\OML/cmm/m/it/10 x\OT1/cmr/m/n/10 ) []  \U/msb/m/n/10 E[]\OT1/cmr/m/n/10 [\OML/cmm/m/it/10 Y\OT1/cmr/m/n/10 (1) \OMS/cmsy/m/n/10 ^^@ \OML/cmm/m/it/10 Y\OT1/cmr/m/n/10 (0)\OMS/cmsy/m/n/10 j\OML/cmm/m/it/10 X \OT1/cmr/m/n/10 = \OML/cmm/m/it/10 x\OT1/cmr/m/n/10 ]\OML/cmm/m/it/10 :
 []


Overfull \hbox (72.54951pt too wide) detected at line 521
[][][]\OML/cmm/m/it/10 ^^\ \OT1/cmr/m/n/10 = \U/msb/m/n/10 E[]\OT1/cmr/m/n/10 [\OML/cmm/m/it/10 Y\OT1/cmr/m/n/10 (1) \OMS/cmsy/m/n/10 ^^@ \OML/cmm/m/it/10 Y\OT1/cmr/m/n/10 (0)\OMS/cmsy/m/n/10 j\OML/cmm/m/it/10 X \OT1/cmr/m/n/10 = \OML/cmm/m/it/10 x\OT1/cmr/m/n/10 ] = \U/msb/m/n/10 E[]\OT1/cmr/m/n/10 [\OML/cmm/m/it/10 Y\OMS/cmsy/m/n/10 j\OML/cmm/m/it/10 A \OT1/cmr/m/n/10 = 1] \OMS/cmsy/m/n/10 ^^@ \U/msb/m/n/10 E[]\OT1/cmr/m/n/10 [\OML/cmm/m/it/10 Y\OMS/cmsy/m/n/10 j\OML/cmm/m/it/10 A \OT1/cmr/m/n/10 = 0]
 []


Overfull \hbox (24.73666pt too wide) detected at line 530
[][][][] \OML/cmm/m/it/10 ^^V[]\OT1/cmr/m/n/10 (\OML/cmm/m/it/10 x\OT1/cmr/m/n/10 ) []  \U/msb/m/n/10 E[]\OT1/cmr/m/n/10 [\OML/cmm/m/it/10 Y\OMS/cmsy/m/n/10 j\OML/cmm/m/it/10 X \OT1/cmr/m/n/10 = \OML/cmm/m/it/10 x; A \OT1/cmr/m/n/10 = \OML/cmm/m/it/10 a\OT1/cmr/m/n/10 ]\OML/cmm/m/it/10 :
 []


Overfull \hbox (23.48203pt too wide) detected at line 566
[]
 []


Overfull \hbox (156.67435pt too wide) detected at line 570
[][][][] \OML/cmm/m/it/10 y\OT1/cmr/m/n/10 (\OML/cmm/m/it/10 a\OT1/cmr/m/n/10 ) = \OML/cmm/m/it/10 m\OT1/cmr/m/n/10 (\OML/cmm/m/it/10 x\OT1/cmr/m/n/10 ) + []\OML/cmm/m/it/10 a \OMS/cmsy/m/n/10 ^^@ \OML/cmm/m/it/10 e\OT1/cmr/m/n/10 (\OML/cmm/m/it/10 x\OT1/cmr/m/n/10 )[]\OML/cmm/m/it/10 ^^\\OT1/cmr/m/n/10 (\OML/cmm/m/it/10 x\OT1/cmr/m/n/10 ) + \OML/cmm/m/it/10 "\OT1/cmr/m/n/10 (\OML/cmm/m/it/10 x\OT1/cmr/m/n/10 ; \OML/cmm/m/it/10 a\OT1/cmr/m/n/10 ) [] \U/msb/m/n/10 E\OT1/cmr/m/n/10 [\OML/cmm/m/it/10 "\OT1/cmr/m/n/10 (\OML/cmm/m/it/10 X\OT1/cmr/m/n/10 ; \OML/cmm/m/it/10 A\OT1/cmr/m/n/10 )\OMS/cmsy/m/n/10 j\OML/cmm/m/it/10 X; A\OT1/cmr/m/n/10 ] = 0
 []

[4]
Overfull \hbox (67.51102pt too wide) detected at line 652
\OML/cmm/m/it/10 ^^V[][]\OT1/cmr/m/n/10 (\OML/cmm/m/it/10 f\OT1/cmr/m/n/10 ) = \U/msb/m/n/10 E[] [][]
 []


Overfull \hbox (283.84854pt too wide) detected at line 669
\OML/cmm/m/it/10 ^^\[][]\OT1/cmr/m/n/10 (\OML/cmm/m/it/10 f\OT1/cmr/m/n/10 ) = \U/msb/m/n/10 E[] [] \OT1/cmr/m/n/10 = \U/msb/m/n/10 E[] []
 []


Overfull \hbox (8.72919pt too wide) detected at line 683
\OML/cmm/m/it/10 U[][]\OT1/cmr/m/n/10 (\OML/cmm/m/it/10 f\OT1/cmr/m/n/10 ) = \U/msb/m/n/10 E[] []
 []


Overfull \hbox (54.52919pt too wide) detected at line 696
\OML/cmm/m/it/10 R[][]\OT1/cmr/m/n/10 (\OML/cmm/m/it/10 f\OT1/cmr/m/n/10 ) = \U/msb/m/n/10 E[][][] [] \OMS/cmsy/m/n/10 ^^@ [] \OML/cmm/m/it/10 ^^\[] [] [][][]
 []


LaTeX Warning: Reference `tab:evaluation_metrics' on page 5 undefined on input line 705.


Package multicol Warning: Floats and marginpars not allowed inside `multicols' environment!.


Package multicol Warning: Floats and marginpars not allowed inside `multicols' environment!.


LaTeX Warning: Reference `problem:estimation_procedure:algo' on page 5 undefined on input line 767.


LaTeX Warning: Reference `problem:estimation_procedure:figure' on page 5 undefined on input line 768.

Package hyperref Info: bookmark level for unknown algorithm defaults to 0 on input line 776.

Underfull \hbox (badness 10000) in paragraph at lines 784--792
[]\T1/ptm/m/n/10 Model se-lec-tion: $\OMS/cmsy/m/n/10 8\OML/cmm/m/it/10 x \OMS/cmsy/m/n/10 2 S$ \T1/ptm/m/n/10 pre-dict
 []


Package multicol Warning: Floats and marginpars not allowed inside `multicols' environment!.


Package multicol Warning: Floats and marginpars not allowed inside `multicols' environment!.

<images/estimation_procedure_causal_selection_procedure.png, id=350, 461.35605pt x 185.5581pt>
File: images/estimation_procedure_causal_selection_procedure.png Graphic file (type png)
<use images/estimation_procedure_causal_selection_procedure.png>
Package pdftex.def Info: images/estimation_procedure_causal_selection_procedure.png  used on input line 800.
(pdftex.def)             Requested size: 154.45511pt x 62.12341pt.

Package multicol Warning: Floats and marginpars not allowed inside `multicols' environment!.


Package multicol Warning: Floats and marginpars not allowed inside `multicols' environment!.


Underfull \hbox (badness 10000) in paragraph at lines 816--823
\T1/ptm/m/n/10 squared er-ror: $\OML/cmm/m/it/10 ^^[[]\OT1/cmr/m/n/10 (\OML/cmm/m/it/10 a\OT1/cmr/m/n/10 ) = [][] \OML/cmm/m/it/10 ^^[[]\OT1/cmr/m/n/10 (\OML/cmm/m/it/10 x\OT1/cmr/m/n/10 ; \OML/cmm/m/it/10 a\OT1/cmr/m/n/10 )\OML/cmm/m/it/10 p\OT1/cmr/m/n/10 (\OML/cmm/m/it/10 x\OT1/cmr/m/n/10 )\OML/cmm/m/it/10 dx$
 []


Package hyperref Warning: Token not allowed in a PDF string (Unicode):
(hyperref)                removing `math shift' on input line 826.


Package hyperref Warning: Token not allowed in a PDF string (Unicode):
(hyperref)                removing `\tau' on input line 826.


Package hyperref Warning: Token not allowed in a PDF string (Unicode):
(hyperref)                removing `math shift' on input line 826.


Package hyperref Warning: Token not allowed in a PDF string (Unicode):
(hyperref)                removing `math shift' on input line 826.


Package hyperref Warning: Token not allowed in a PDF string (Unicode):
(hyperref)                removing `\mu' on input line 826.


Package hyperref Warning: Token not allowed in a PDF string (Unicode):
(hyperref)                removing `subscript' on input line 826.


Package hyperref Warning: Token not allowed in a PDF string (Unicode):
(hyperref)                removing `math shift' on input line 826.


Underfull \hbox (badness 10000) in paragraph at lines 830--834
[]\T1/ptm/m/it/10 [[][]38[][]]
 []

[5]

LaTeX Warning: Reference `fig:toy_example' on page 6 undefined on input line 864.


Package hyperref Warning: Token not allowed in a PDF string (Unicode):
(hyperref)                removing `math shift' on input line 873.


Package hyperref Warning: Token not allowed in a PDF string (Unicode):
(hyperref)                removing `math shift' on input line 873.


Package hyperref Warning: Token not allowed in a PDF string (Unicode):
(hyperref)                removing `math shift' on input line 873.


Package hyperref Warning: Token not allowed in a PDF string (Unicode):
(hyperref)                removing `\tau' on input line 873.


Package hyperref Warning: Token not allowed in a PDF string (Unicode):
(hyperref)                removing `math shift' on input line 873.


Underfull \hbox (badness 10000) in paragraph at lines 879--882
[]\T1/ptm/m/it/10 Given
 []


Overfull \hbox (77.86592pt too wide) detected at line 884
[][][]\OML/cmm/m/it/10 R[][]\OT1/cmr/m/n/10 (\OML/cmm/m/it/10 f\OT1/cmr/m/n/10 ) = [][] \OML/cmm/m/it/10 e\OT1/cmr/m/n/10 (\OML/cmm/m/it/10 x\OT1/cmr/m/n/10 )[]1 \OMS/cmsy/m/n/10 ^^@ \OML/cmm/m/it/10 e\OT1/cmr/m/n/10 (\OML/cmm/m/it/10 x\OT1/cmr/m/n/10 )[][]\OML/cmm/m/it/10 ^^\\OT1/cmr/m/n/10 (\OML/cmm/m/it/10 x\OT1/cmr/m/n/10 ) \OMS/cmsy/m/n/10 ^^@ \OML/cmm/m/it/10 ^^\[]\OT1/cmr/m/n/10 (\OML/cmm/m/it/10 x\OT1/cmr/m/n/10 )[][]\OML/cmm/m/it/10 p\OT1/cmr/m/n/10 (\OML/cmm/m/it/10 x\OT1/cmr/m/n/10 )\OML/cmm/m/it/10 dx  \OT1/cmr/m/n/10 +  [](1)  +  [](0)
 []


Overfull \hbox (33.84442pt too wide) detected at line 916
\OML/cmm/m/it/10 ^^V[][] \OT1/cmr/m/n/10 = \U/msb/m/n/10 E[] []
 []


Overfull \hbox (12.22322pt too wide) detected at line 927
[][][]\OML/cmm/m/it/10 R[] \OT1/cmr/m/n/10 = \OML/cmm/m/it/10 p[] \OT1/cmr/m/n/10 (1 \OMS/cmsy/m/n/10 ^^@ \OML/cmm/m/it/10 p[]\OT1/cmr/m/n/10 ) \OML/cmm/m/it/10 ^^\[]  \OT1/cmr/m/n/10 +  (1 \OMS/cmsy/m/n/10 ^^@ \OML/cmm/m/it/10 p[]\OT1/cmr/m/n/10 ) \OML/cmm/m/it/10 ^^[[]\OT1/cmr/m/n/10 (0)  +  \OML/cmm/m/it/10 p[]^^[[]\OT1/cmr/m/n/10 (1)
 []


Overfull \hbox (191.50317pt too wide) detected at line 943
[][][]\OML/cmm/m/it/10 ^^V[]\OT1/cmr/m/n/10 (\OML/cmm/m/it/10 ^^V\OT1/cmr/m/n/10 ) = \U/msb/m/n/10 E[]\OT1/cmr/m/n/10 [[]\OML/cmm/m/it/10 Y \OMS/cmsy/m/n/10 ^^@ \OML/cmm/m/it/10 ^^V[]\OT1/cmr/m/n/10 (\OML/cmm/m/it/10 X\OT1/cmr/m/n/10 )[][]] = [][]  \OML/cmm/m/it/10 "\OT1/cmr/m/n/10 (\OML/cmm/m/it/10 x; a\OT1/cmr/m/n/10 )[]\OML/cmm/m/it/10 p\OT1/cmr/m/n/10 (\OML/cmm/m/it/10 a \OMS/cmsy/m/n/10 j \OML/cmm/m/it/10 x\OT1/cmr/m/n/10 ) \OML/cmm/m/it/10 p\OT1/cmr/m/n/10 (\OML/cmm/m/it/10 x\OT1/cmr/m/n/10 ) \OML/cmm/m/it/10 dx da \OMS/cmsy/m/n/10 ^^T \OML/cmm/m/it/10 ^^[[]\OT1/cmr/m/n/10 (0) + \OML/cmm/m/it/10 ^^[[]\OT1/cmr/m/n/10 (1)
 []


Overfull \hbox (10.96046pt too wide) detected at line 948
[][][]\OML/cmm/m/it/10 ^^V[][]\OT1/cmr/m/n/10 (\OML/cmm/m/it/10 ^^V\OT1/cmr/m/n/10 ) = \OML/cmm/m/it/10 ^^[[]\OT1/cmr/m/n/10 (0) + \OML/cmm/m/it/10 ^^[[]\OT1/cmr/m/n/10 (1) []
 []


Overfull \hbox (113.7322pt too wide) detected at line 953
[][][]\OML/cmm/m/it/10 R[]\OT1/cmr/m/n/10 (\OML/cmm/m/it/10 ^^V\OT1/cmr/m/n/10 ) = [](0) + [](1) \OMS/cmsy/m/n/10 ^^T \OML/cmm/m/it/10 ^^[[]\OT1/cmr/m/n/10 (0) + \OML/cmm/m/it/10 ^^[[]\OT1/cmr/m/n/10 (1) []
 []


LaTeX Warning: Reference `tab:evaluation_metrics' on page 6 undefined on input line 967.

LaTeX Font Info:    Trying to load font information for T1+pcr on input line 981.
(/usr/share/texlive/texmf-dist/tex/latex/psnfss/t1pcr.fd
File: t1pcr.fd 2001/06/04 font definitions for T1/pcr.
) [6]
<images/caussim_example_rs_gaussian=8_rs_rotation=8_ntv=0.37_D=2_overlap=0.7_p_A=0.1.pdf, id=412, 1125.98634pt x 875.67104pt>
File: images/caussim_example_rs_gaussian=8_rs_rotation=8_ntv=0.37_D=2_overlap=0.7_p_A=0.1.pdf Graphic file (type pdf)
<use images/caussim_example_rs_gaussian=8_rs_rotation=8_ntv=0.37_D=2_overlap=0.7_p_A=0.1.pdf>
Package pdftex.def Info: images/caussim_example_rs_gaussian=8_rs_rotation=8_ntv=0.37_D=2_overlap=0.7_p_A=0.1.pdf  used on input line 1025.
(pdftex.def)             Requested size: 103.7929pt x 40.59006pt.
File: images/caussim_example_rs_gaussian=8_rs_rotation=8_ntv=0.37_D=2_overlap=0.7_p_A=0.1.pdf Graphic file (type pdf)
<use images/caussim_example_rs_gaussian=8_rs_rotation=8_ntv=0.37_D=2_overlap=0.7_p_A=0.1.pdf>
Package pdftex.def Info: images/caussim_example_rs_gaussian=8_rs_rotation=8_ntv=0.37_D=2_overlap=0.7_p_A=0.1.pdf  used on input line 1030.
(pdftex.def)             Requested size: 103.7929pt x 36.13144pt.


Package multicol Warning: Floats and marginpars not allowed inside `multicols' environment!.


Package multicol Warning: Floats and marginpars not allowed inside `multicols' environment!.

LaTeX Font Info:    Trying to load font information for TS1+ptm on input line 1056.
(/usr/share/texlive/texmf-dist/tex/latex/psnfss/ts1ptm.fd
File: ts1ptm.fd 2001/06/04 font definitions for TS1/ptm.
)
Underfull \hbox (badness 10000) in paragraph at lines 1074--1080
\OT1/cmr/m/n/10 [10[]\OML/cmm/m/it/10 ; \OT1/cmr/m/n/10 10[]\OML/cmm/m/it/10 ; \OT1/cmr/m/n/10 10[]\OML/cmm/m/it/10 ; \OT1/cmr/m/n/10 1\OML/cmm/m/it/10 ; \OT1/cmr/m/n/10 10[]\OML/cmm/m/it/10 ; \OT1/cmr/m/n/10 10[]]$\T1/ptm/m/n/10 , cou-pled with a
 []


Package multicol Warning: I moved some lines to the next page.
(multicol)                Footnotes on page 7 might be wrong on input line 1112.

[7]
Overfull \hbox (190.91486pt too wide) detected at line 1129
[][][]\OT1/cmr/bx/n/10 t[] \OMS/cmsy/m/n/10 j \OT1/cmr/bx/n/10 x[]\OML/cmm/m/it/10 ; \OT1/cmr/bx/n/10 z[] \OMS/cmsy/m/n/10 ^^X [] []  [] \OML/cmm/m/it/10 w[] \OMS/cmsy/m/n/10 ^^X N\OT1/cmr/m/n/10 (0\OML/cmm/m/it/10 ; \OT1/cmr/m/n/10 0\OML/cmm/m/it/10 :\OT1/cmr/m/n/10 1 \OMS/cmsy/m/n/10 ^^A \OML/cmm/m/it/10 I\OT1/cmr/m/n/10 )\OML/cmm/m/it/10 ;  w[] \OMS/cmsy/m/n/10 ^^X N\OT1/cmr/m/n/10 (5\OML/cmm/m/it/10 ; \OT1/cmr/m/n/10 0\OML/cmm/m/it/10 :\OT1/cmr/m/n/10 1)
 []


LaTeX Warning: Reference `fig:toy_example' on page 8 undefined on input line 1180.

<images/_1_r_risk_domination_r_risk_domination__ref_metric_mean_risks_by_Dataset.pdf, id=460, 1917.26003pt x 989.51567pt>
File: images/_1_r_risk_domination_r_risk_domination__ref_metric_mean_risks_by_Dataset.pdf Graphic file (type pdf)
<use images/_1_r_risk_domination_r_risk_domination__ref_metric_mean_risks_by_Dataset.pdf>
Package pdftex.def Info: images/_1_r_risk_domination_r_risk_domination__ref_metric_mean_risks_by_Dataset.pdf  used on input line 1193.
(pdftex.def)             Requested size: 469.75499pt x 242.44101pt.

Overfull \hbox (249.10387pt too wide) in paragraph at lines 1193--1205
 [][] 
 []


Package multicol Warning: Floats and marginpars not allowed inside `multicols' environment!.


Package multicol Warning: Floats and marginpars not allowed inside `multicols' environment!.


LaTeX Warning: Reference `fig:relative_kendalls_all_datasets' on page 8 undefined on input line 1215.


Package multicol Warning: I moved some lines to the next page.
(multicol)                Footnotes on page 8 might be wrong on input line 1254.

[8]

LaTeX Warning: Reference `fig:all_datasets_overlap_effect_r_risk' on page 9 undefined on input line 1262.

<images/_2_overlap_influence_overlap_by_bin_comparaison_kendall_by_Dataset_r_risk_only.pdf, id=510, 2607.60135pt x 665.71286pt>
File: images/_2_overlap_influence_overlap_by_bin_comparaison_kendall_by_Dataset_r_risk_only.pdf Graphic file (type pdf)
<use images/_2_overlap_influence_overlap_by_bin_comparaison_kendall_by_Dataset_r_risk_only.pdf>
Package pdftex.def Info: images/_2_overlap_influence_overlap_by_bin_comparaison_kendall_by_Dataset_r_risk_only.pdf  used on input line 1271.
(pdftex.def)             Requested size: 422.77661pt x 107.92818pt.

Overfull \hbox (202.12549pt too wide) in paragraph at lines 1271--1279
 [][] 
 []


Package multicol Warning: Floats and marginpars not allowed inside `multicols' environment!.


Package multicol Warning: Floats and marginpars not allowed inside `multicols' environment!.


LaTeX Warning: Reference `fig:procedures_comparison' on page 9 undefined on input line 1293.

<images/_3_procedure_r_risk_only_3datasets.pdf, id=521, 1708.93633pt x 487.44922pt>
File: images/_3_procedure_r_risk_only_3datasets.pdf Graphic file (type pdf)
<use images/_3_procedure_r_risk_only_3datasets.pdf>
Package pdftex.def Info: images/_3_procedure_r_risk_only_3datasets.pdf  used on input line 1304.
(pdftex.def)             Requested size: 450.96075pt x 128.63045pt.

Overfull \hbox (225.48038pt too wide) in paragraph at lines 1304--1305
[][] 
 []


Overfull \hbox (4.82925pt too wide) in paragraph at lines 1301--1312
[][]
 []


Underfull \hbox (badness 10000) in paragraph at lines 1301--1312

 []


Package multicol Warning: Floats and marginpars not allowed inside `multicols' environment!.


Package multicol Warning: Floats and marginpars not allowed inside `multicols' environment!.


LaTeX Warning: Reference `fig:all_datasets_nuisances_comparison' on page 9 undefined on input line 1327.

<images/_4_nuisance_models_r_risk_only_3datasets.pdf, id=526, 1667.57231pt x 487.44922pt>
File: images/_4_nuisance_models_r_risk_only_3datasets.pdf Graphic file (type pdf)
<use images/_4_nuisance_models_r_risk_only_3datasets.pdf>
Package pdftex.def Info: images/_4_nuisance_models_r_risk_only_3datasets.pdf  used on input line 1342.
(pdftex.def)             Requested size: 450.96075pt x 131.81386pt.

Overfull \hbox (225.48038pt too wide) in paragraph at lines 1342--1343
 [][] 
 []


Overfull \hbox (4.82925pt too wide) in paragraph at lines 1340--1353
[][]
 []


Underfull \hbox (badness 10000) in paragraph at lines 1340--1353

 []


Package multicol Warning: Floats and marginpars not allowed inside `multicols' environment!.


Package multicol Warning: Floats and marginpars not allowed inside `multicols' environment!.

<images/_5_train_size_evaluated_metric_r_risk__evaluation_validation_tau_risk__best_tau_norm__False_norm_False__acic16.pdf, id=530, 821.93806pt x 377.80347pt>
File: images/_5_train_size_evaluated_metric_r_risk__evaluation_validation_tau_risk__best_tau_norm__False_norm_False__acic16.pdf Graphic file (type pdf)
<use images/_5_train_size_evaluated_metric_r_risk__evaluation_validation_tau_risk__best_tau_norm__False_norm_False__acic16.pdf>
Package pdftex.def Info: images/_5_train_size_evaluated_metric_r_risk__evaluation_validation_tau_risk__best_tau_norm__False_norm_False__acic16.pdf  used on input line 1391.
(pdftex.def)             Requested size: 178.84534pt x 82.20854pt.
<images/_5_train_size_evaluated_metric_r_risk__evaluation_validation_test_abs_bias_ate__best_tau_norm__False_norm_True__acic16.pdf, id=531, 894.26651pt x 398.6644pt>
File: images/_5_train_size_evaluated_metric_r_risk__evaluation_validation_test_abs_bias_ate__best_tau_norm__False_norm_True__acic16.pdf Graphic file (type pdf)
<use images/_5_train_size_evaluated_metric_r_risk__evaluation_validation_test_abs_bias_ate__best_tau_norm__False_norm_True__acic16.pdf>
Package pdftex.def Info: images/_5_train_size_evaluated_metric_r_risk__evaluation_validation_test_abs_bias_ate__best_tau_norm__False_norm_True__acic16.pdf  used on input line 1396.
(pdftex.def)             Requested size: 184.40381pt x 82.20854pt.

Overfull \hbox (14.22636pt too wide) in paragraph at lines 1388--1403
[]$[]$
 []


Overfull \hbox (14.22636pt too wide) in paragraph at lines 1388--1403
[]$ 
 []


Package multicol Warning: Floats and marginpars not allowed inside `multicols' environment!.


Package multicol Warning: Floats and marginpars not allowed inside `multicols' environment!.


LaTeX Warning: Reference `fig:train_test_ratio' on page 9 undefined on input line 1406.


Package hyperref Warning: No autoref name for `definition' on input line 1419.


LaTeX Warning: Reference `fig:all_datasets_nuisances_comparison' on page 9 undefined on input line 1429.

[9]

Package biblatex Warning: Name format 'last-first' deprecated.
(biblatex)                Please use 'family-given' instead.
(biblatex)                Using 'family-given' now.

[10]
Underfull \hbox (badness 1472) in paragraph at lines 1540--1540
\T1/ptm/m/n/10 nis, Vasilis. \T1/ptm/m/it/10 EconML: A Python Pack-age for ML-Based Het-ero-ge-neous Treat-ment Ef-fects Es-ti-ma-tion\T1/ptm/m/n/10 .
 []

[11] [12] [13] [14]

LaTeX Warning: Reference `fig:acic_2016_ate_heterogeneity' on page 15 undefined on input line 1550.


Package hyperref Warning: Token not allowed in a PDF string (Unicode):
(hyperref)                removing `math shift' on input line 1638.


Package hyperref Warning: Token not allowed in a PDF string (Unicode):
(hyperref)                removing `\tau' on input line 1638.


Package hyperref Warning: Token not allowed in a PDF string (Unicode):
(hyperref)                removing `math shift' on input line 1638.


Package hyperref Warning: Token not allowed in a PDF string (Unicode):
(hyperref)                removing `math shift' on input line 1638.


Package hyperref Warning: Token not allowed in a PDF string (Unicode):
(hyperref)                removing `\mu' on input line 1638.


Package hyperref Warning: Token not allowed in a PDF string (Unicode):
(hyperref)                removing `subscript' on input line 1638.


Package hyperref Warning: Token not allowed in a PDF string (Unicode):
(hyperref)                removing `math shift' on input line 1638.

[15

]

Package hyperref Warning: Token not allowed in a PDF string (Unicode):
(hyperref)                removing `math shift' on input line 1712.


Package hyperref Warning: Token not allowed in a PDF string (Unicode):
(hyperref)                removing `math shift' on input line 1712.


Package hyperref Warning: Token not allowed in a PDF string (Unicode):
(hyperref)                removing `math shift' on input line 1712.


Package hyperref Warning: Token not allowed in a PDF string (Unicode):
(hyperref)                removing `\tau' on input line 1712.


Package hyperref Warning: Token not allowed in a PDF string (Unicode):
(hyperref)                removing `math shift' on input line 1712.

[16]
Underfull \vbox (badness 3209) has occurred while \output is active []

 [17]

LaTeX Warning: Reference `problem:estimation_procedure:algo' on page 18 undefined on input line 1840.

<images/overlap_measure_diff_oracle_ntv_to_n_tv_calibration=False_vs_oracle_n_tv.pdf, id=661, 917.00967pt x 386.60341pt>
File: images/overlap_measure_diff_oracle_ntv_to_n_tv_calibration=False_vs_oracle_n_tv.pdf Graphic file (type pdf)
<use images/overlap_measure_diff_oracle_ntv_to_n_tv_calibration=False_vs_oracle_n_tv.pdf>
Package pdftex.def Info: images/overlap_measure_diff_oracle_ntv_to_n_tv_calibration=False_vs_oracle_n_tv.pdf  used on input line 1859.
(pdftex.def)             Requested size: 469.75499pt x 198.04408pt.
<images/overlap_measure_diff_oracle_ntv_to_n_tv_calibration=True_vs_oracle_n_tv.pdf, id=662, 925.6984pt x 386.60341pt>
File: images/overlap_measure_diff_oracle_ntv_to_n_tv_calibration=True_vs_oracle_n_tv.pdf Graphic file (type pdf)
<use images/overlap_measure_diff_oracle_ntv_to_n_tv_calibration=True_vs_oracle_n_tv.pdf>
Package pdftex.def Info: images/overlap_measure_diff_oracle_ntv_to_n_tv_calibration=True_vs_oracle_n_tv.pdf  used on input line 1865.
(pdftex.def)             Requested size: 469.75499pt x 196.18588pt.
<images/overlap_measure_acic_2016_recovery_overlap_setup.pdf, id=665, 881.01645pt x 674.27654pt>
File: images/overlap_measure_acic_2016_recovery_overlap_setup.pdf Graphic file (type pdf)
<use images/overlap_measure_acic_2016_recovery_overlap_setup.pdf>
Package pdftex.def Info: images/overlap_measure_acic_2016_recovery_overlap_setup.pdf  used on input line 1879.
(pdftex.def)             Requested size: 328.82706pt x 251.65959pt.
<images/overlap_measure_caussim_transformed_mmd_vs_ntv.pdf, id=666, 924.79567pt x 668.81741pt>
File: images/overlap_measure_caussim_transformed_mmd_vs_ntv.pdf Graphic file (type pdf)
<use images/overlap_measure_caussim_transformed_mmd_vs_ntv.pdf>
Package pdftex.def Info: images/overlap_measure_caussim_transformed_mmd_vs_ntv.pdf  used on input line 1888.
(pdftex.def)             Requested size: 328.82706pt x 237.80434pt.
<images/overlap_measure_caussim_max_ipw_vs_ntv.pdf, id=667, 908.4941pt x 668.81741pt>
File: images/overlap_measure_caussim_max_ipw_vs_ntv.pdf Graphic file (type pdf)
<use images/overlap_measure_caussim_max_ipw_vs_ntv.pdf>
Package pdftex.def Info: images/overlap_measure_caussim_max_ipw_vs_ntv.pdf  used on input line 1897.
(pdftex.def)             Requested size: 220.78542pt x 162.5299pt.
<images/overlap_measure_acic_2016_max_ipw_vs_ntv.pdf, id=668, 908.4941pt x 668.81741pt>
File: images/overlap_measure_acic_2016_max_ipw_vs_ntv.pdf Graphic file (type pdf)
<use images/overlap_measure_acic_2016_max_ipw_vs_ntv.pdf>
Package pdftex.def Info: images/overlap_measure_acic_2016_max_ipw_vs_ntv.pdf  used on input line 1904.
(pdftex.def)             Requested size: 220.78542pt x 162.5299pt.
<images/overlap_measure_acic_2018_max_ipw_vs_ntv.pdf, id=669, 908.73781pt x 703.657pt>
File: images/overlap_measure_acic_2018_max_ipw_vs_ntv.pdf Graphic file (type pdf)
<use images/overlap_measure_acic_2018_max_ipw_vs_ntv.pdf>
Package pdftex.def Info: images/overlap_measure_acic_2018_max_ipw_vs_ntv.pdf  used on input line 1910.
(pdftex.def)             Requested size: 220.78542pt x 170.95335pt.
<images/overlap_measure_twins_max_ipw_vs_ntv.pdf, id=670, 908.4941pt x 668.81741pt>
File: images/overlap_measure_twins_max_ipw_vs_ntv.pdf Graphic file (type pdf)
<use images/overlap_measure_twins_max_ipw_vs_ntv.pdf>
Package pdftex.def Info: images/overlap_measure_twins_max_ipw_vs_ntv.pdf  used on input line 1917.
(pdftex.def)             Requested size: 230.18251pt x 169.44911pt.
[18] [19 <./images/overlap_measure_diff_oracle_ntv_to_n_tv_calibration=False_vs_oracle_n_tv.pdf> <./images/overlap_measure_diff_oracle_ntv_to_n_tv_calibration=True_vs_oracle_n_tv.pdf>] [20 <./images/overlap_measure_acic_2016_recovery_overlap_setup.pdf> <./images/overlap_measure_caussim_transformed_mmd_vs_ntv.pdf>] [21 <./images/overlap_measure_caussim_max_ipw_vs_ntv.pdf> <./images/overlap_measure_acic_2016_max_ipw_vs_ntv.pdf> <./images/overlap_measure_acic_2018_max_ipw_vs_ntv.pdf> <./images/overlap_measure_twins_max_ipw_vs_ntv.pdf>]
Overfull \hbox (86.29922pt too wide) in paragraph at lines 2003--2025
[][] 
 []

(./images/_1_r_risk_domination_boxplot_df.tex)

LaTeX Warning: Reference `fig:relative_kendalls_all_datasets' on page 22 undefined on input line 2052.


LaTeX Warning: Reference `fig:relative_kendalls_all_datasets' on page 22 undefined on input line 2052.


LaTeX Warning: Reference `fig:relative_kendalls_all_datasets' on page 22 undefined on input line 2055.

<images/kendalls_tau_caussim__nuisance_non_linear__candidates_ridge__overlap_01-247.pdf, id=1112, 959.443pt x 669.71304pt>
File: images/kendalls_tau_caussim__nuisance_non_linear__candidates_ridge__overlap_01-247.pdf Graphic file (type pdf)
<use images/kendalls_tau_caussim__nuisance_non_linear__candidates_ridge__overlap_01-247.pdf>
Package pdftex.def Info: images/kendalls_tau_caussim__nuisance_non_linear__candidates_ridge__overlap_01-247.pdf  used on input line 2064.
(pdftex.def)             Requested size: 206.69333pt x 144.27162pt.
<images/kendalls_tau_acic_2016__nuisance_non_linear__candidates_hist_gradient_boosting__dgp_1-77__rs_1-10.pdf, id=1113, 959.443pt x 669.71304pt>
File: images/kendalls_tau_acic_2016__nuisance_non_linear__candidates_hist_gradient_boosting__dgp_1-77__rs_1-10.pdf Graphic file (type pdf)
<use images/kendalls_tau_acic_2016__nuisance_non_linear__candidates_hist_gradient_boosting__dgp_1-77__rs_1-10.pdf>
Package pdftex.def Info: images/kendalls_tau_acic_2016__nuisance_non_linear__candidates_hist_gradient_boosting__dgp_1-77__rs_1-10.pdf  used on input line 2071.
(pdftex.def)             Requested size: 206.69333pt x 144.27162pt.
<images/legend_metrics.pdf, id=1114, 350.5095pt x 793.5246pt>
File: images/legend_metrics.pdf Graphic file (type pdf)
<use images/legend_metrics.pdf>
Package pdftex.def Info: images/legend_metrics.pdf  used on input line 2077.
(pdftex.def)             Requested size: 70.46754pt x 159.52547pt.

Overfull \hbox (23.48918pt too wide) in paragraph at lines 2077--2078
 [][] 
 []

<images/kendalls_tau_acic_2018__nuisance_stacking__candidates_hist_gradient_boosting__tset_50.pdf, id=1115, 959.443pt x 669.58145pt>
File: images/kendalls_tau_acic_2018__nuisance_stacking__candidates_hist_gradient_boosting__tset_50.pdf Graphic file (type pdf)
<use images/kendalls_tau_acic_2018__nuisance_stacking__candidates_hist_gradient_boosting__tset_50.pdf>
Package pdftex.def Info: images/kendalls_tau_acic_2018__nuisance_stacking__candidates_hist_gradient_boosting__tset_50.pdf  used on input line 2082.
(pdftex.def)             Requested size: 206.69333pt x 144.24327pt.
<images/kendalls_tau_twins__nuisance_stacking__candidates_hist_gradient_boosting__tset_50__overlap_11-296__rs_0-9_noise10.pdf, id=1116, 959.443pt x 669.71304pt>
File: images/kendalls_tau_twins__nuisance_stacking__candidates_hist_gradient_boosting__tset_50__overlap_11-296__rs_0-9_noise10.pdf Graphic file (type pdf)
<use images/kendalls_tau_twins__nuisance_stacking__candidates_hist_gradient_boosting__tset_50__overlap_11-296__rs_0-9_noise10.pdf>
Package pdftex.def Info: images/kendalls_tau_twins__nuisance_stacking__candidates_hist_gradient_boosting__tset_50__overlap_11-296__rs_0-9_noise10.pdf  used on input line 2089.
(pdftex.def)             Requested size: 206.69333pt x 144.27162pt.
<images/normalized_bias_tau_risk_to_best_method_caussim__nuisance_non_linear__candidates_ridge__overlap_01-247.pdf, id=1119, 959.00894pt x 669.71304pt>
File: images/normalized_bias_tau_risk_to_best_method_caussim__nuisance_non_linear__candidates_ridge__overlap_01-247.pdf Graphic file (type pdf)
<use images/normalized_bias_tau_risk_to_best_method_caussim__nuisance_non_linear__candidates_ridge__overlap_01-247.pdf>
Package pdftex.def Info: images/normalized_bias_tau_risk_to_best_method_caussim__nuisance_non_linear__candidates_ridge__overlap_01-247.pdf  used on input line 2123.
(pdftex.def)             Requested size: 206.69333pt x 144.33293pt.
<images/normalized_bias_tau_risk_to_best_method_acic_2016__nuisance_non_linear__candidates_hist_gradient_boosting__dgp_1-77__rs_1-10.pdf, id=1120, 958.67021pt x 669.02835pt>
File: images/normalized_bias_tau_risk_to_best_method_acic_2016__nuisance_non_linear__candidates_hist_gradient_boosting__dgp_1-77__rs_1-10.pdf Graphic file (type pdf)
<use images/normalized_bias_tau_risk_to_best_method_acic_2016__nuisance_non_linear__candidates_hist_gradient_boosting__dgp_1-77__rs_1-10.pdf>
Package pdftex.def Info: images/normalized_bias_tau_risk_to_best_method_acic_2016__nuisance_non_linear__candidates_hist_gradient_boosting__dgp_1-77__rs_1-10.pdf  used on input line 2130.
(pdftex.def)             Requested size: 206.69333pt x 144.24663pt.
File: images/legend_metrics.pdf Graphic file (type pdf)
<use images/legend_metrics.pdf>
Package pdftex.def Info: images/legend_metrics.pdf  used on input line 2136.
(pdftex.def)             Requested size: 70.46754pt x 159.52547pt.

Overfull \hbox (23.48918pt too wide) in paragraph at lines 2136--2137
 [][] 
 []

<images/normalized_bias_tau_risk_to_best_method_acic_2018__nuisance_stacking__candidates_hist_gradient_boosting__tset_50.pdf, id=1121, 958.67021pt x 668.89676pt>
File: images/normalized_bias_tau_risk_to_best_method_acic_2018__nuisance_stacking__candidates_hist_gradient_boosting__tset_50.pdf Graphic file (type pdf)
<use images/normalized_bias_tau_risk_to_best_method_acic_2018__nuisance_stacking__candidates_hist_gradient_boosting__tset_50.pdf>
Package pdftex.def Info: images/normalized_bias_tau_risk_to_best_method_acic_2018__nuisance_stacking__candidates_hist_gradient_boosting__tset_50.pdf  used on input line 2141.
(pdftex.def)             Requested size: 206.69333pt x 144.21826pt.
<images/normalized_bias_tau_risk_to_best_method_twins__nuisance_stacking__candidates_hist_gradient_boosting__tset_50__overlap_11-296__rs_0-9_noise10.pdf, id=1122, 958.67021pt x 669.71304pt>
File: images/normalized_bias_tau_risk_to_best_method_twins__nuisance_stacking__candidates_hist_gradient_boosting__tset_50__overlap_11-296__rs_0-9_noise10.pdf Graphic file (type pdf)
<use images/normalized_bias_tau_risk_to_best_method_twins__nuisance_stacking__candidates_hist_gradient_boosting__tset_50__overlap_11-296__rs_0-9_noise10.pdf>
Package pdftex.def Info: images/normalized_bias_tau_risk_to_best_method_twins__nuisance_stacking__candidates_hist_gradient_boosting__tset_50__overlap_11-296__rs_0-9_noise10.pdf  used on input line 2148.
(pdftex.def)             Requested size: 206.69333pt x 144.39426pt.
<images/_3_procedure_Caussim_N5000__ref_metric_oracle_r_risk_training_procedure.pdf, id=1124, 1941.02742pt x 635.25356pt>
File: images/_3_procedure_Caussim_N5000__ref_metric_oracle_r_risk_training_procedure.pdf Graphic file (type pdf)
<use images/_3_procedure_Caussim_N5000__ref_metric_oracle_r_risk_training_procedure.pdf>
Package pdftex.def Info: images/_3_procedure_Caussim_N5000__ref_metric_oracle_r_risk_training_procedure.pdf  used on input line 2180.
(pdftex.def)             Requested size: 486.19052pt x 159.11348pt.

Overfull \hbox (63.41391pt too wide) in paragraph at lines 2180--2182
[][]
 []

<images/_3_procedure_ACIC2016_N4802__ref_metric_oracle_r_risk_training_procedure.pdf, id=1125, 1621.24556pt x 635.25356pt>
File: images/_3_procedure_ACIC2016_N4802__ref_metric_oracle_r_risk_training_procedure.pdf Graphic file (type pdf)
<use images/_3_procedure_ACIC2016_N4802__ref_metric_oracle_r_risk_training_procedure.pdf>
Package pdftex.def Info: images/_3_procedure_ACIC2016_N4802__ref_metric_oracle_r_risk_training_procedure.pdf  used on input line 2187.
(pdftex.def)             Requested size: 422.77661pt x 165.65637pt.
<images/_3_procedure_Twins_N11984__ref_metric_oracle_r_risk_training_procedure.pdf, id=1126, 1621.24556pt x 730.06639pt>
File: images/_3_procedure_Twins_N11984__ref_metric_oracle_r_risk_training_procedure.pdf Graphic file (type pdf)
<use images/_3_procedure_Twins_N11984__ref_metric_oracle_r_risk_training_procedure.pdf>
Package pdftex.def Info: images/_3_procedure_Twins_N11984__ref_metric_oracle_r_risk_training_procedure.pdf  used on input line 2194.
(pdftex.def)             Requested size: 422.77661pt x 190.38092pt.

Underfull \hbox (badness 10000) in paragraph at lines 2177--2201
[][]
 []


Underfull \hbox (badness 10000) in paragraph at lines 2177--2201
[]
 []

<images/_2_overlap_influence_overlap_by_bin_comparaison_kendall_by_Dataset.pdf, id=1127, 1946.56091pt x 1426.60995pt>
File: images/_2_overlap_influence_overlap_by_bin_comparaison_kendall_by_Dataset.pdf Graphic file (type pdf)
<use images/_2_overlap_influence_overlap_by_bin_comparaison_kendall_by_Dataset.pdf>
Package pdftex.def Info: images/_2_overlap_influence_overlap_by_bin_comparaison_kendall_by_Dataset.pdf  used on input line 2212.
(pdftex.def)             Requested size: 469.75499pt x 344.26546pt.
[22]
<images/_4_nuisance_models_Twins_N11984__ref_metric_oracle_r_risk_nuisance_models.pdf, id=1144, 1624.96759pt x 730.06639pt>
File: images/_4_nuisance_models_Twins_N11984__ref_metric_oracle_r_risk_nuisance_models.pdf Graphic file (type pdf)
<use images/_4_nuisance_models_Twins_N11984__ref_metric_oracle_r_risk_nuisance_models.pdf>
Package pdftex.def Info: images/_4_nuisance_models_Twins_N11984__ref_metric_oracle_r_risk_nuisance_models.pdf  used on input line 2236.
(pdftex.def)             Requested size: 230.18251pt x 103.4117pt.
<images/_4_nuisance_models_Twinsdownsampled_N4794__ref_metric_oracle_r_risk_nuisance_models.pdf, id=1145, 1624.96759pt x 730.06639pt>
File: images/_4_nuisance_models_Twinsdownsampled_N4794__ref_metric_oracle_r_risk_nuisance_models.pdf Graphic file (type pdf)
<use images/_4_nuisance_models_Twinsdownsampled_N4794__ref_metric_oracle_r_risk_nuisance_models.pdf>
Package pdftex.def Info: images/_4_nuisance_models_Twinsdownsampled_N4794__ref_metric_oracle_r_risk_nuisance_models.pdf  used on input line 2243.
(pdftex.def)             Requested size: 230.18251pt x 103.4117pt.
<images/_4_nuisance_models_Caussim_N5000__ref_metric_oracle_r_risk_nuisance_models.pdf, id=1146, 1916.31265pt x 635.25356pt>
File: images/_4_nuisance_models_Caussim_N5000__ref_metric_oracle_r_risk_nuisance_models.pdf Graphic file (type pdf)
<use images/_4_nuisance_models_Caussim_N5000__ref_metric_oracle_r_risk_nuisance_models.pdf>
Package pdftex.def Info: images/_4_nuisance_models_Caussim_N5000__ref_metric_oracle_r_risk_nuisance_models.pdf  used on input line 2250.
(pdftex.def)             Requested size: 264.70848pt x 87.74263pt.

Overfull \hbox (34.52597pt too wide) in paragraph at lines 2250--2252
[][]
 []

<images/_4_nuisance_models_ACIC2016_N4802__ref_metric_oracle_r_risk_nuisance_models.pdf, id=1147, 1624.96759pt x 635.25356pt>
File: images/_4_nuisance_models_ACIC2016_N4802__ref_metric_oracle_r_risk_nuisance_models.pdf Graphic file (type pdf)
<use images/_4_nuisance_models_ACIC2016_N4802__ref_metric_oracle_r_risk_nuisance_models.pdf>
Package pdftex.def Info: images/_4_nuisance_models_ACIC2016_N4802__ref_metric_oracle_r_risk_nuisance_models.pdf  used on input line 2257.
(pdftex.def)             Requested size: 230.18251pt x 89.98175pt.
<images/_4_nuisance_models_r_risk_only_twins_nuisances.pdf, id=1148, 1667.57231pt x 487.44922pt>
File: images/_4_nuisance_models_r_risk_only_twins_nuisances.pdf Graphic file (type pdf)
<use images/_4_nuisance_models_r_risk_only_twins_nuisances.pdf>
Package pdftex.def Info: images/_4_nuisance_models_r_risk_only_twins_nuisances.pdf  used on input line 2273.
(pdftex.def)             Requested size: 469.75499pt x 137.31044pt.
<images/caussim_seed_effect.pdf, id=1151, 1257.56961pt x 460.43643pt>
File: images/caussim_seed_effect.pdf Graphic file (type pdf)
<use images/caussim_seed_effect.pdf>
Package pdftex.def Info: images/caussim_seed_effect.pdf  used on input line 2302.
(pdftex.def)             Requested size: 469.75499pt x 171.98877pt.
[23] [24 <./images/kendalls_tau_caussim__nuisance_non_linear__candidates_ridge__overlap_01-247.pdf> <./images/kendalls_tau_acic_2016__nuisance_non_linear__candidates_hist_gradient_boosting__dgp_1-77__rs_1-10.pdf> <./images/legend_metrics.pdf> <./images/kendalls_tau_acic_2018__nuisance_stacking__candidates_hist_gradient_boosting__tset_50.pdf> <./images/kendalls_tau_twins__nuisance_stacking__candidates_hist_gradient_boosting__tset_50__overlap_11-296__rs_0-9_noise10.pdf>] [25 <./images/normalized_bias_tau_risk_to_best_method_caussim__nuisance_non_linear__candidates_ridge__overlap_01-247.pdf> <./images/normalized_bias_tau_risk_to_best_method_acic_2016__nuisance_non_linear__candidates_hist_gradient_boosting__dgp_1-77__rs_1-10.pdf> <./images/normalized_bias_tau_risk_to_best_method_acic_2018__nuisance_stacking__candidates_hist_gradient_boosting__tset_50.pdf> <./images/normalized_bias_tau_risk_to_best_method_twins__nuisance_stacking__candidates_hist_gradient_boosting__tset_50__overlap_11-296__rs_0-9_noise10.pdf>] [26 <./images/_3_procedure_Caussim_N5000__ref_metric_oracle_r_risk_training_procedure.pdf> <./images/_3_procedure_ACIC2016_N4802__ref_metric_oracle_r_risk_training_procedure.pdf> <./images/_3_procedure_Twins_N11984__ref_metric_oracle_r_risk_training_procedure.pdf>] [27 <./images/_2_overlap_influence_overlap_by_bin_comparaison_kendall_by_Dataset.pdf>] [28 <./images/_4_nuisance_models_Twins_N11984__ref_metric_oracle_r_risk_nuisance_models.pdf> <./images/_4_nuisance_models_Twinsdownsampled_N4794__ref_metric_oracle_r_risk_nuisance_models.pdf> <./images/_4_nuisance_models_Caussim_N5000__ref_metric_oracle_r_risk_nuisance_models.pdf> <./images/_4_nuisance_models_ACIC2016_N4802__ref_metric_oracle_r_risk_nuisance_models.pdf> <./images/_4_nuisance_models_r_risk_only_twins_nuisances.pdf>] [29 <./images/caussim_seed_effect.pdf>]

Package hyperref Warning: No autoref name for `definition' on input line 2316.

[30

] (./how_to_select_causal_models.aux)

LaTeX Warning: There were undefined references.

Package rerunfilecheck Info: File `how_to_select_causal_models.out' has not changed.
(rerunfilecheck)             Checksum: AEFA9E2CBC423DFCC603A7AA36FAD6AA;7421.
Package logreq Info: Writing requests to 'how_to_select_causal_models.run.xml'.
\openout1 = `how_to_select_causal_models.run.xml'.

 ) 
Here is how much of TeX's memory you used:
 26077 strings out of 480171
 525225 string characters out of 5894489
 1216017 words of memory out of 5000000
 43421 multiletter control sequences out of 15000+600000
 537611 words of font info for 91 fonts, out of 8000000 for 9000
 59 hyphenation exceptions out of 8191
 70i,18n,79p,2618b,1892s stack positions out of 5000i,500n,10000p,200000b,80000s
{/usr/share/texlive/texmf-dist/fonts/enc/dvips/base/8r.enc}</usr/share/texlive/texmf-dist/fonts/type1/public/amsfonts/cm/cmbx10.pfb></usr/share/texlive/texmf-dist/fonts/type1/public/amsfonts/cm/cmex10.pfb></usr/share/texlive/texmf-dist/fonts/type1/public/amsfonts/cmextra/cmex9.pfb></usr/share/texlive/texmf-dist/fonts/type1/public/amsfonts/cm/cmmi10.pfb></usr/share/texlive/texmf-dist/fonts/type1/public/amsfonts/cm/cmmi5.pfb></usr/share/texlive/texmf-dist/fonts/type1/public/amsfonts/cm/cmmi6.pfb></usr/share/texlive/texmf-dist/fonts/type1/public/amsfonts/cm/cmmi7.pfb></usr/share/texlive/texmf-dist/fonts/type1/public/amsfonts/cm/cmmi9.pfb></usr/share/texlive/texmf-dist/fonts/type1/public/amsfonts/cm/cmr10.pfb></usr/share/texlive/texmf-dist/fonts/type1/public/amsfonts/cm/cmr7.pfb></usr/share/texlive/texmf-dist/fonts/type1/public/amsfonts/cm/cmr9.pfb></usr/share/texlive/texmf-dist/fonts/type1/public/amsfonts/cm/cmsy10.pfb></usr/share/texlive/texmf-dist/fonts/type1/public/amsfonts/cm/cmsy5.pfb></usr/share/texlive/texmf-dist/fonts/type1/public/amsfonts/cm/cmsy7.pfb></usr/share/texlive/texmf-dist/fonts/type1/public/amsfonts/cm/cmsy9.pfb></usr/share/texlive/texmf-dist/fonts/type1/public/amsfonts/symbols/msbm10.pfb></usr/share/texlive/texmf-dist/fonts/type1/public/amsfonts/symbols/msbm7.pfb></usr/share/texlive/texmf-dist/fonts/type1/urw/courier/ucrr8a.pfb></usr/share/texlive/texmf-dist/fonts/type1/urw/times/utmb8a.pfb></usr/share/texlive/texmf-dist/fonts/type1/urw/times/utmbi8a.pfb></usr/share/texlive/texmf-dist/fonts/type1/urw/times/utmr8a.pfb></usr/share/texlive/texmf-dist/fonts/type1/urw/times/utmri8a.pfb>
Output written on how_to_select_causal_models.pdf (30 pages, 11662082 bytes).
PDF statistics:
 2515 PDF objects out of 2984 (max. 8388607)
 1052 compressed objects within 11 object streams
 250 named destinations out of 1000 (max. 500000)
 435 words of extra memory for PDF output out of 10000 (max. 10000000)

