This is pdfTeX, Version 3.141592653-2.6-1.40.22 (TeX Live 2022/dev/Debian) (preloaded format=pdflatex 2024.3.18)  2 JUN 2024 15:02
entering extended mode
 restricted \write18 enabled.
 file:line:error style messages enabled.
 %&-line parsing enabled.
**/home/mdoutreligne/inria/how_to_select_causal_models/how_to_select.tex
(/home/mdoutreligne/inria/how_to_select_causal_models/how_to_select.tex
LaTeX2e <2021-11-15> patch level 1
L3 programming layer <2022-01-21> (./oup-authoring-template.cls
Document Class: oup-authoring-template 2022/03/18 1.1
(/usr/share/texlive/texmf-dist/tex/latex/crop/crop.sty
Package: crop 2017/11/19 1.10 crop marks (mf)
 (/usr/share/texlive/texmf-dist/tex/generic/iftex/ifluatex.sty
Package: ifluatex 2019/10/25 v1.5 ifluatex legacy package. Use iftex instead.
 (/usr/share/texlive/texmf-dist/tex/generic/iftex/iftex.sty
Package: iftex 2020/03/06 v1.0d TeX engine tests
))
\stockwidth=\dimen138
\stockheight=\dimen139
\CROP@index=\count185
 (/usr/share/texlive/texmf-dist/tex/latex/graphics/color.sty
Package: color 2021/12/07 v1.3c Standard LaTeX Color (DPC)
 (/usr/share/texlive/texmf-dist/tex/latex/graphics-cfg/color.cfg
File: color.cfg 2016/01/02 v1.6 sample color configuration
)
Package color Info: Driver file: pdftex.def on input line 149.
 (/usr/share/texlive/texmf-dist/tex/latex/graphics-def/pdftex.def
File: pdftex.def 2020/10/05 v1.2a Graphics/color driver for pdftex
)) (/usr/share/texlive/texmf-dist/tex/latex/graphics/graphics.sty
Package: graphics 2021/03/04 v1.4d Standard LaTeX Graphics (DPC,SPQR)
 (/usr/share/texlive/texmf-dist/tex/latex/graphics/trig.sty
Package: trig 2021/08/11 v1.11 sin cos tan (DPC)
) (/usr/share/texlive/texmf-dist/tex/latex/graphics-cfg/graphics.cfg
File: graphics.cfg 2016/06/04 v1.11 sample graphics configuration
)
Package graphics Info: Driver file: pdftex.def on input line 107.
)
\CROP@offset=\count186
) (/usr/share/texlive/texmf-dist/tex/latex/graphics/graphicx.sty
Package: graphicx 2021/09/16 v1.2d Enhanced LaTeX Graphics (DPC,SPQR)
 (/usr/share/texlive/texmf-dist/tex/latex/graphics/keyval.sty
Package: keyval 2014/10/28 v1.15 key=value parser (DPC)
\KV@toks@=\toks16
)
\Gin@req@height=\dimen140
\Gin@req@width=\dimen141
) (/usr/share/texlive/texmf-dist/tex/latex/caption/caption.sty
Package: caption 2020/10/26 v3.5g Customizing captions (AR)
 (/usr/share/texlive/texmf-dist/tex/latex/caption/caption3.sty
Package: caption3 2020/10/21 v2.2e caption3 kernel (AR)
\captionmargin=\dimen142
\captionmargin@=\dimen143
\captionwidth=\dimen144
\caption@tempdima=\dimen145
\caption@indent=\dimen146
\caption@parindent=\dimen147
\caption@hangindent=\dimen148
\abovecaptionskip=\skip47
\belowcaptionskip=\skip48
Package caption Info: Document class w/o caption stuff detected.
)
\c@caption@flags=\count187
\c@continuedfloat=\count188
) (/usr/share/texlive/texmf-dist/tex/latex/amsmath/amsmath.sty
Package: amsmath 2021/10/15 v2.17l AMS math features
\@mathmargin=\skip49

For additional information on amsmath, use the `?' option.
(/usr/share/texlive/texmf-dist/tex/latex/amsmath/amstext.sty
Package: amstext 2021/08/26 v2.01 AMS text
 (/usr/share/texlive/texmf-dist/tex/latex/amsmath/amsgen.sty
File: amsgen.sty 1999/11/30 v2.0 generic functions
\@emptytoks=\toks17
\ex@=\dimen149
)) (/usr/share/texlive/texmf-dist/tex/latex/amsmath/amsbsy.sty
Package: amsbsy 1999/11/29 v1.2d Bold Symbols
\pmbraise@=\dimen150
) (/usr/share/texlive/texmf-dist/tex/latex/amsmath/amsopn.sty
Package: amsopn 2021/08/26 v2.02 operator names
)
\inf@bad=\count189
LaTeX Info: Redefining \frac on input line 234.
\uproot@=\count190
\leftroot@=\count191
LaTeX Info: Redefining \overline on input line 399.
\classnum@=\count192
\DOTSCASE@=\count193
LaTeX Info: Redefining \ldots on input line 496.
LaTeX Info: Redefining \dots on input line 499.
LaTeX Info: Redefining \cdots on input line 620.
\Mathstrutbox@=\box50
\strutbox@=\box51
\big@size=\dimen151
LaTeX Font Info:    Redeclaring font encoding OML on input line 743.
LaTeX Font Info:    Redeclaring font encoding OMS on input line 744.
\macc@depth=\count194
\c@MaxMatrixCols=\count195
\dotsspace@=\muskip16
\c@parentequation=\count196
\dspbrk@lvl=\count197
\tag@help=\toks18
\row@=\count198
\column@=\count199
\maxfields@=\count266
\andhelp@=\toks19
\eqnshift@=\dimen152
\alignsep@=\dimen153
\tagshift@=\dimen154
\tagwidth@=\dimen155
\totwidth@=\dimen156
\lineht@=\dimen157
\@envbody=\toks20
\multlinegap=\skip50
\multlinetaggap=\skip51
\mathdisplay@stack=\toks21
LaTeX Info: Redefining \[ on input line 2938.
LaTeX Info: Redefining \] on input line 2939.
) (/usr/share/texlive/texmf-dist/tex/latex/tools/array.sty
Package: array 2021/10/04 v2.5f Tabular extension package (FMi)
\col@sep=\dimen158
\ar@mcellbox=\box52
\extrarowheight=\dimen159
\NC@list=\toks22
\extratabsurround=\skip52
\backup@length=\skip53
\ar@cellbox=\box53
) (/usr/share/texlive/texmf-dist/tex/latex/xcolor/xcolor.sty
Package: xcolor 2021/10/31 v2.13 LaTeX color extensions (UK)
 (/usr/share/texlive/texmf-dist/tex/latex/graphics-cfg/color.cfg
File: color.cfg 2016/01/02 v1.6 sample color configuration
)
Package xcolor Info: Driver file: pdftex.def on input line 227.
LaTeX Info: Redefining \color on input line 711.
Package xcolor Info: Model `cmy' substituted by `cmy0' on input line 1352.
Package xcolor Info: Model `hsb' substituted by `rgb' on input line 1356.
Package xcolor Info: Model `RGB' extended on input line 1368.
Package xcolor Info: Model `HTML' substituted by `rgb' on input line 1370.
Package xcolor Info: Model `Hsb' substituted by `hsb' on input line 1371.
Package xcolor Info: Model `tHsb' substituted by `hsb' on input line 1372.
Package xcolor Info: Model `HSB' substituted by `hsb' on input line 1373.
Package xcolor Info: Model `Gray' substituted by `gray' on input line 1374.
Package xcolor Info: Model `wave' substituted by `hsb' on input line 1375.
 (/usr/share/texlive/texmf-dist/tex/latex/graphics/dvipsnam.def
File: dvipsnam.def 2016/06/17 v3.0m Driver-dependent file (DPC,SPQR)
)) (/usr/share/texlive/texmf-dist/tex/latex/amsfonts/amssymb.sty
Package: amssymb 2013/01/14 v3.01 AMS font symbols
 (/usr/share/texlive/texmf-dist/tex/latex/amsfonts/amsfonts.sty
Package: amsfonts 2013/01/14 v3.01 Basic AMSFonts support
\symAMSa=\mathgroup4
\symAMSb=\mathgroup5
LaTeX Font Info:    Redeclaring math symbol \hbar on input line 98.
LaTeX Font Info:    Overwriting math alphabet `\mathfrak' in version `bold'
(Font)                  U/euf/m/n --> U/euf/b/n on input line 106.
)) (/usr/share/texlive/texmf-dist/tex/latex/sttools/flushend.sty
Package: flushend 2021/10/04 v4.0 Balancing columns in twocolumn mode
\flushend@@lastskip@a=\skip54
\flushend@@lastskip@b=\skip55
\flushend@@lastnode=\count267
\var@@loop@iter=\count268
\var@@temp@spread=\dimen160
\var@@temp@a=\dimen161
\var@@temp@loop=\dimen162
\flushend@@page@rule=\dimen163
\flushend@@varbox@lastpage=\box54
\flushend@@varbox@a=\box55
\flushend@@varbox@c=\box56
\flushend@@tempbox@a=\box57
\flushend@@tempbox@c=\box58
\flushend@@floatbox=\box59
\@viper=\box60
\hold@viper=\box61
\atColsBreak=\toks23
\atColsEnd=\toks24
\oldbreak@skip=\dimen164
) (/usr/share/texlive/texmf-dist/tex/latex/sttools/stfloats.sty
Package: stfloats 2017/03/27 v3.3 Improve float mechanism and baselineskip settings
\@dblbotnum=\count269
\c@dblbotnumber=\count270
) (/usr/share/texlive/texmf-dist/tex/latex/graphics/rotating.sty
Package: rotating 2016/08/11 v2.16d rotated objects in LaTeX
 (/usr/share/texlive/texmf-dist/tex/latex/base/ifthen.sty
Package: ifthen 2020/11/24 v1.1c Standard LaTeX ifthen package (DPC)
)
\c@r@tfl@t=\count271
\rotFPtop=\skip56
\rotFPbot=\skip57
\rot@float@box=\box62
\rot@mess@toks=\toks25
) (/usr/share/texlive/texmf-dist/tex/latex/changepage/chngpage.sty
Package: chngpage 2009/10/20 v1.2b change page layout
\c@cp@cnt=\count272
\c@cp@tempcnt=\count273
) (/usr/share/texlive/texmf-dist/tex/latex/totcount/totcount.sty
Package: totcount 2011/01/25 v1.2 package for gettingthe total value of LaTeX counters
) (/usr/share/texlive/texmf-dist/tex/latex/base/fix-cm.sty
Package: fix-cm 2020/11/24 v1.1t fixes to LaTeX
 (/usr/share/texlive/texmf-dist/tex/latex/base/ts1enc.def
File: ts1enc.def 2001/06/05 v3.0e (jk/car/fm) Standard LaTeX file
LaTeX Font Info:    Redeclaring font encoding TS1 on input line 47.
))
\croppaperwidth=\dimen165
\croppaperheight=\dimen166
\Croppdfwidth=\dimen167
\Croppdfheight=\dimen168
\Trimpdfwidth=\dimen169
\Trimpdfheight=\dimen170
\CP@toff@wd=\dimen171
\CP@toff@ht=\dimen172
\CP@boff@wd=\dimen173
\CP@boff@ht=\dimen174
\CP@crop@wd=\dimen175
\CP@crop@ht=\dimen176
\CP@bled@wd=\dimen177
\CP@bled@ht=\dimen178
\CP@trim@wd=\dimen179
\CP@trim@ht=\dimen180
\c@section=\count274
\c@subsection=\count275
\c@subsubsection=\count276
\c@paragraph=\count277
\c@subparagraph=\count278
\c@figure=\count279
\c@table=\count280
\dropfromtop=\skip58
\c@myauthcount=\count281
\c@myauthcount@totc=\count282
\c@myhistorycount=\count283
\c@myhistorycount@totc=\count284
\c@myaddcount=\count285
\c@myaddcount@totc=\count286
\extraspace=\skip59
\aboveskipchk=\skip60
\titlepagewd=\skip61
\rotdimen=\dimen181
\tempdime=\dimen182
\temptbox=\box63
 (/usr/share/texlive/texmf-dist/tex/latex/natbib/natbib.sty
Package: natbib 2010/09/13 8.31b (PWD, AO)
\bibhang=\skip62
\bibsep=\skip63
LaTeX Info: Redefining \cite on input line 694.
\c@NAT@ctr=\count287
) (/usr/share/texlive/texmf-dist/tex/latex/wrapfig/wrapfig.sty
\wrapoverhang=\dimen183
\WF@size=\dimen184
\c@WF@wrappedlines=\count288
\WF@box=\box64
\WF@everypar=\toks26
Package: wrapfig 2003/01/31  v 3.6
)
\wraplines=\count289
\@authorfigbox=\box65
\@authorfigboxdim=\skip64
\biofigadjskip=\skip65
 (/usr/share/texlive/texmf-dist/tex/latex/amscls/amsthm.sty
Package: amsthm 2020/05/29 v2.20.6
\thm@style=\toks27
\thm@bodyfont=\toks28
\thm@headfont=\toks29
\thm@notefont=\toks30
\thm@headpunct=\toks31
\thm@preskip=\skip66
\thm@postskip=\skip67
\thm@headsep=\skip68
\dth@everypar=\toks32
) (/usr/share/texlive/texmf-dist/tex/latex/subfloat/subfloat.sty
Package: subfloat 2003/08/21 version 2.14
 Package `subfloat', Version 2.14 of 2003/08/21.
\c@subfloatfiguremax=\count290
\c@subfloattablemax=\count291
) (/usr/share/texlive/texmf-dist/tex/latex/anyfontsize/anyfontsize.sty
Package: anyfontsize 2007/11/22 anyfontsize.sty by pts
) (/usr/share/texlive/texmf-dist/tex/latex/multirow/multirow.sty
Package: multirow 2021/03/15 v2.8 Span multiple rows of a table
\multirow@colwidth=\skip69
\multirow@cntb=\count292
\multirow@dima=\skip70
\bigstrutjot=\dimen185
) (/usr/share/texlive/texmf-dist/tex/latex/mdwtools/footnote.sty
Package: footnote 1997/01/28 1.13 Save footnotes around boxes
\fn@notes=\box66
\fn@width=\dimen186
) (/usr/share/texlive/texmf-dist/tex/latex/url/url.sty
\Urlmuskip=\muskip17
Package: url 2013/09/16  ver 3.4  Verb mode for urls, etc.
) (/usr/share/texlive/texmf-dist/tex/latex/jknapltx/mathrsfs.sty
Package: mathrsfs 1996/01/01 Math RSFS package v1.0 (jk)
\symrsfs=\mathgroup6
) (/usr/share/texlive/texmf-dist/tex/latex/algorithms/algorithm.sty
Package: algorithm 2009/08/24 v0.1 Document Style `algorithm' - floating environment
 (/usr/share/texlive/texmf-dist/tex/latex/float/float.sty
Package: float 2001/11/08 v1.3d Float enhancements (AL)
\c@float@type=\count293
\float@exts=\toks33
\float@box=\box67
\@float@everytoks=\toks34
\@floatcapt=\box68
)
\@float@every@algorithm=\toks35
\c@algorithm=\count294
) (/usr/share/texlive/texmf-dist/tex/latex/algorithmicx/algorithmicx.sty
Package: algorithmicx 2005/04/27 v1.2 Algorithmicx

Document Style algorithmicx 1.2 - a greatly improved `algorithmic' style
\c@ALG@line=\count295
\c@ALG@rem=\count296
\c@ALG@nested=\count297
\ALG@tlm=\skip71
\ALG@thistlm=\skip72
\c@ALG@Lnr=\count298
\c@ALG@blocknr=\count299
\c@ALG@storecount=\count300
\c@ALG@tmpcounter=\count301
\ALG@tmplength=\skip73
) (/usr/share/texlive/texmf-dist/tex/latex/algorithmicx/algpseudocode.sty
Package: algpseudocode 

Document Style - pseudocode environments for use with the `algorithmicx' style
) (/usr/share/texlive/texmf-dist/tex/latex/listings/listings.sty
\lst@mode=\count302
\lst@gtempboxa=\box69
\lst@token=\toks36
\lst@length=\count303
\lst@currlwidth=\dimen187
\lst@column=\count304
\lst@pos=\count305
\lst@lostspace=\dimen188
\lst@width=\dimen189
\lst@newlines=\count306
\lst@lineno=\count307
\lst@maxwidth=\dimen190
 (/usr/share/texlive/texmf-dist/tex/latex/listings/lstmisc.sty
File: lstmisc.sty 2020/03/24 1.8d (Carsten Heinz)
\c@lstnumber=\count308
\lst@skipnumbers=\count309
\lst@framebox=\box70
) (/usr/share/texlive/texmf-dist/tex/latex/listings/listings.cfg
File: listings.cfg 2020/03/24 1.8d listings configuration
))
Package: listings 2020/03/24 1.8d (Carsten Heinz)
\c@@pps=\count310
\c@@ppsavesec=\count311
\c@@ppsaveapp=\count312
 (/usr/share/texlive/texmf-dist/tex/latex/hyperref/hyperref.sty
Package: hyperref 2021-06-07 v7.00m Hypertext links for LaTeX
 (/usr/share/texlive/texmf-dist/tex/generic/ltxcmds/ltxcmds.sty
Package: ltxcmds 2020-05-10 v1.25 LaTeX kernel commands for general use (HO)
) (/usr/share/texlive/texmf-dist/tex/generic/pdftexcmds/pdftexcmds.sty
Package: pdftexcmds 2020-06-27 v0.33 Utility functions of pdfTeX for LuaTeX (HO)
 (/usr/share/texlive/texmf-dist/tex/generic/infwarerr/infwarerr.sty
Package: infwarerr 2019/12/03 v1.5 Providing info/warning/error messages (HO)
)
Package pdftexcmds Info: \pdf@primitive is available.
Package pdftexcmds Info: \pdf@ifprimitive is available.
Package pdftexcmds Info: \pdfdraftmode found.
) (/usr/share/texlive/texmf-dist/tex/generic/kvsetkeys/kvsetkeys.sty
Package: kvsetkeys 2019/12/15 v1.18 Key value parser (HO)
) (/usr/share/texlive/texmf-dist/tex/generic/kvdefinekeys/kvdefinekeys.sty
Package: kvdefinekeys 2019-12-19 v1.6 Define keys (HO)
) (/usr/share/texlive/texmf-dist/tex/generic/pdfescape/pdfescape.sty
Package: pdfescape 2019/12/09 v1.15 Implements pdfTeX's escape features (HO)
) (/usr/share/texlive/texmf-dist/tex/latex/hycolor/hycolor.sty
Package: hycolor 2020-01-27 v1.10 Color options for hyperref/bookmark (HO)
) (/usr/share/texlive/texmf-dist/tex/latex/letltxmacro/letltxmacro.sty
Package: letltxmacro 2019/12/03 v1.6 Let assignment for LaTeX macros (HO)
) (/usr/share/texlive/texmf-dist/tex/latex/auxhook/auxhook.sty
Package: auxhook 2019-12-17 v1.6 Hooks for auxiliary files (HO)
) (/usr/share/texlive/texmf-dist/tex/latex/kvoptions/kvoptions.sty
Package: kvoptions 2020-10-07 v3.14 Key value format for package options (HO)
)
\@linkdim=\dimen191
\Hy@linkcounter=\count313
\Hy@pagecounter=\count314
 (/usr/share/texlive/texmf-dist/tex/latex/hyperref/pd1enc.def
File: pd1enc.def 2021-06-07 v7.00m Hyperref: PDFDocEncoding definition (HO)
Now handling font encoding PD1 ...
... no UTF-8 mapping file for font encoding PD1
) (/usr/share/texlive/texmf-dist/tex/latex/hyperref/hyperref-langpatches.def
File: hyperref-langpatches.def 2021-06-07 v7.00m Hyperref: patches for babel languages
) (/usr/share/texlive/texmf-dist/tex/generic/intcalc/intcalc.sty
Package: intcalc 2019/12/15 v1.3 Expandable calculations with integers (HO)
) (/usr/share/texlive/texmf-dist/tex/generic/etexcmds/etexcmds.sty
Package: etexcmds 2019/12/15 v1.7 Avoid name clashes with e-TeX commands (HO)
)
\Hy@SavedSpaceFactor=\count315
 (/usr/share/texlive/texmf-dist/tex/latex/hyperref/puenc.def
File: puenc.def 2021-06-07 v7.00m Hyperref: PDF Unicode definition (HO)
Now handling font encoding PU ...
... no UTF-8 mapping file for font encoding PU
)
Package hyperref Info: Hyper figures OFF on input line 4192.
Package hyperref Info: Link nesting OFF on input line 4197.
Package hyperref Info: Hyper index ON on input line 4200.
Package hyperref Info: Plain pages OFF on input line 4207.
Package hyperref Info: Backreferencing OFF on input line 4212.
Package hyperref Info: Implicit mode ON; LaTeX internals redefined.
Package hyperref Info: Bookmarks ON on input line 4445.
\c@Hy@tempcnt=\count316
LaTeX Info: Redefining \url on input line 4804.
\XeTeXLinkMargin=\dimen192
 (/usr/share/texlive/texmf-dist/tex/generic/bitset/bitset.sty
Package: bitset 2019/12/09 v1.3 Handle bit-vector datatype (HO)
 (/usr/share/texlive/texmf-dist/tex/generic/bigintcalc/bigintcalc.sty
Package: bigintcalc 2019/12/15 v1.5 Expandable calculations on big integers (HO)
))
\Fld@menulength=\count317
\Field@Width=\dimen193
\Fld@charsize=\dimen194
Package hyperref Info: Hyper figures OFF on input line 6076.
Package hyperref Info: Link nesting OFF on input line 6081.
Package hyperref Info: Hyper index ON on input line 6084.
Package hyperref Info: backreferencing OFF on input line 6091.
Package hyperref Info: Link coloring OFF on input line 6096.
Package hyperref Info: Link coloring with OCG OFF on input line 6101.
Package hyperref Info: PDF/A mode OFF on input line 6106.
LaTeX Info: Redefining \ref on input line 6146.
LaTeX Info: Redefining \pageref on input line 6150.
 (/usr/share/texlive/texmf-dist/tex/latex/base/atbegshi-ltx.sty
Package: atbegshi-ltx 2021/01/10 v1.0c Emulation of the original atbegshi
package with kernel methods
)
\Hy@abspage=\count318
\c@Item=\count319
\c@Hfootnote=\count320
)
Package hyperref Info: Driver (autodetected): hpdftex.
 (/usr/share/texlive/texmf-dist/tex/latex/hyperref/hpdftex.def
File: hpdftex.def 2021-06-07 v7.00m Hyperref driver for pdfTeX
 (/usr/share/texlive/texmf-dist/tex/latex/base/atveryend-ltx.sty
Package: atveryend-ltx 2020/08/19 v1.0a Emulation of the original atveryend package
with kernel methods
)
\Fld@listcount=\count321
\c@bookmark@seq@number=\count322
 (/usr/share/texlive/texmf-dist/tex/latex/rerunfilecheck/rerunfilecheck.sty
Package: rerunfilecheck 2019/12/05 v1.9 Rerun checks for auxiliary files (HO)
 (/usr/share/texlive/texmf-dist/tex/generic/uniquecounter/uniquecounter.sty
Package: uniquecounter 2019/12/15 v1.4 Provide unlimited unique counter (HO)
)
Package uniquecounter Info: New unique counter `rerunfilecheck' on input line 286.
)
\Hy@SectionHShift=\skip74
) (/usr/share/texlive/texmf-dist/tex/latex/pgf/frontendlayer/tikz.sty (/usr/share/texlive/texmf-dist/tex/latex/pgf/basiclayer/pgf.sty (/usr/share/texlive/texmf-dist/tex/latex/pgf/utilities/pgfrcs.sty (/usr/share/texlive/texmf-dist/tex/generic/pgf/utilities/pgfutil-common.tex
\pgfutil@everybye=\toks37
\pgfutil@tempdima=\dimen195
\pgfutil@tempdimb=\dimen196
 (/usr/share/texlive/texmf-dist/tex/generic/pgf/utilities/pgfutil-common-lists.tex)) (/usr/share/texlive/texmf-dist/tex/generic/pgf/utilities/pgfutil-latex.def
\pgfutil@abb=\box71
) (/usr/share/texlive/texmf-dist/tex/generic/pgf/utilities/pgfrcs.code.tex (/usr/share/texlive/texmf-dist/tex/generic/pgf/pgf.revision.tex)
Package: pgfrcs 2021/05/15 v3.1.9a (3.1.9a)
))
Package: pgf 2021/05/15 v3.1.9a (3.1.9a)
 (/usr/share/texlive/texmf-dist/tex/latex/pgf/basiclayer/pgfcore.sty (/usr/share/texlive/texmf-dist/tex/latex/pgf/systemlayer/pgfsys.sty (/usr/share/texlive/texmf-dist/tex/generic/pgf/systemlayer/pgfsys.code.tex
Package: pgfsys 2021/05/15 v3.1.9a (3.1.9a)
 (/usr/share/texlive/texmf-dist/tex/generic/pgf/utilities/pgfkeys.code.tex
\pgfkeys@pathtoks=\toks38
\pgfkeys@temptoks=\toks39
 (/usr/share/texlive/texmf-dist/tex/generic/pgf/utilities/pgfkeysfiltered.code.tex
\pgfkeys@tmptoks=\toks40
))
\pgf@x=\dimen197
\pgf@y=\dimen198
\pgf@xa=\dimen199
\pgf@ya=\dimen256
\pgf@xb=\dimen257
\pgf@yb=\dimen258
\pgf@xc=\dimen259
\pgf@yc=\dimen260
\pgf@xd=\dimen261
\pgf@yd=\dimen262
\w@pgf@writea=\write3
\r@pgf@reada=\read2
\c@pgf@counta=\count323
\c@pgf@countb=\count324
\c@pgf@countc=\count325
\c@pgf@countd=\count326
\t@pgf@toka=\toks41
\t@pgf@tokb=\toks42
\t@pgf@tokc=\toks43
\pgf@sys@id@count=\count327
 (/usr/share/texlive/texmf-dist/tex/generic/pgf/systemlayer/pgf.cfg
File: pgf.cfg 2021/05/15 v3.1.9a (3.1.9a)
)
Driver file for pgf: pgfsys-pdftex.def
 (/usr/share/texlive/texmf-dist/tex/generic/pgf/systemlayer/pgfsys-pdftex.def
File: pgfsys-pdftex.def 2021/05/15 v3.1.9a (3.1.9a)
 (/usr/share/texlive/texmf-dist/tex/generic/pgf/systemlayer/pgfsys-common-pdf.def
File: pgfsys-common-pdf.def 2021/05/15 v3.1.9a (3.1.9a)
))) (/usr/share/texlive/texmf-dist/tex/generic/pgf/systemlayer/pgfsyssoftpath.code.tex
File: pgfsyssoftpath.code.tex 2021/05/15 v3.1.9a (3.1.9a)
\pgfsyssoftpath@smallbuffer@items=\count328
\pgfsyssoftpath@bigbuffer@items=\count329
) (/usr/share/texlive/texmf-dist/tex/generic/pgf/systemlayer/pgfsysprotocol.code.tex
File: pgfsysprotocol.code.tex 2021/05/15 v3.1.9a (3.1.9a)
)) (/usr/share/texlive/texmf-dist/tex/generic/pgf/basiclayer/pgfcore.code.tex
Package: pgfcore 2021/05/15 v3.1.9a (3.1.9a)
 (/usr/share/texlive/texmf-dist/tex/generic/pgf/math/pgfmath.code.tex (/usr/share/texlive/texmf-dist/tex/generic/pgf/math/pgfmathcalc.code.tex (/usr/share/texlive/texmf-dist/tex/generic/pgf/math/pgfmathutil.code.tex) (/usr/share/texlive/texmf-dist/tex/generic/pgf/math/pgfmathparser.code.tex
\pgfmath@dimen=\dimen263
\pgfmath@count=\count330
\pgfmath@box=\box72
\pgfmath@toks=\toks44
\pgfmath@stack@operand=\toks45
\pgfmath@stack@operation=\toks46
) (/usr/share/texlive/texmf-dist/tex/generic/pgf/math/pgfmathfunctions.code.tex (/usr/share/texlive/texmf-dist/tex/generic/pgf/math/pgfmathfunctions.basic.code.tex) (/usr/share/texlive/texmf-dist/tex/generic/pgf/math/pgfmathfunctions.trigonometric.code.tex) (/usr/share/texlive/texmf-dist/tex/generic/pgf/math/pgfmathfunctions.random.code.tex) (/usr/share/texlive/texmf-dist/tex/generic/pgf/math/pgfmathfunctions.comparison.code.tex) (/usr/share/texlive/texmf-dist/tex/generic/pgf/math/pgfmathfunctions.base.code.tex) (/usr/share/texlive/texmf-dist/tex/generic/pgf/math/pgfmathfunctions.round.code.tex) (/usr/share/texlive/texmf-dist/tex/generic/pgf/math/pgfmathfunctions.misc.code.tex) (/usr/share/texlive/texmf-dist/tex/generic/pgf/math/pgfmathfunctions.integerarithmetics.code.tex))) (/usr/share/texlive/texmf-dist/tex/generic/pgf/math/pgfmathfloat.code.tex
\c@pgfmathroundto@lastzeros=\count331
)) (/usr/share/texlive/texmf-dist/tex/generic/pgf/math/pgfint.code.tex) (/usr/share/texlive/texmf-dist/tex/generic/pgf/basiclayer/pgfcorepoints.code.tex
File: pgfcorepoints.code.tex 2021/05/15 v3.1.9a (3.1.9a)
\pgf@picminx=\dimen264
\pgf@picmaxx=\dimen265
\pgf@picminy=\dimen266
\pgf@picmaxy=\dimen267
\pgf@pathminx=\dimen268
\pgf@pathmaxx=\dimen269
\pgf@pathminy=\dimen270
\pgf@pathmaxy=\dimen271
\pgf@xx=\dimen272
\pgf@xy=\dimen273
\pgf@yx=\dimen274
\pgf@yy=\dimen275
\pgf@zx=\dimen276
\pgf@zy=\dimen277
) (/usr/share/texlive/texmf-dist/tex/generic/pgf/basiclayer/pgfcorepathconstruct.code.tex
File: pgfcorepathconstruct.code.tex 2021/05/15 v3.1.9a (3.1.9a)
\pgf@path@lastx=\dimen278
\pgf@path@lasty=\dimen279
) (/usr/share/texlive/texmf-dist/tex/generic/pgf/basiclayer/pgfcorepathusage.code.tex
File: pgfcorepathusage.code.tex 2021/05/15 v3.1.9a (3.1.9a)
\pgf@shorten@end@additional=\dimen280
\pgf@shorten@start@additional=\dimen281
) (/usr/share/texlive/texmf-dist/tex/generic/pgf/basiclayer/pgfcorescopes.code.tex
File: pgfcorescopes.code.tex 2021/05/15 v3.1.9a (3.1.9a)
\pgfpic=\box73
\pgf@hbox=\box74
\pgf@layerbox@main=\box75
\pgf@picture@serial@count=\count332
) (/usr/share/texlive/texmf-dist/tex/generic/pgf/basiclayer/pgfcoregraphicstate.code.tex
File: pgfcoregraphicstate.code.tex 2021/05/15 v3.1.9a (3.1.9a)
\pgflinewidth=\dimen282
) (/usr/share/texlive/texmf-dist/tex/generic/pgf/basiclayer/pgfcoretransformations.code.tex
File: pgfcoretransformations.code.tex 2021/05/15 v3.1.9a (3.1.9a)
\pgf@pt@x=\dimen283
\pgf@pt@y=\dimen284
\pgf@pt@temp=\dimen285
) (/usr/share/texlive/texmf-dist/tex/generic/pgf/basiclayer/pgfcorequick.code.tex
File: pgfcorequick.code.tex 2021/05/15 v3.1.9a (3.1.9a)
) (/usr/share/texlive/texmf-dist/tex/generic/pgf/basiclayer/pgfcoreobjects.code.tex
File: pgfcoreobjects.code.tex 2021/05/15 v3.1.9a (3.1.9a)
) (/usr/share/texlive/texmf-dist/tex/generic/pgf/basiclayer/pgfcorepathprocessing.code.tex
File: pgfcorepathprocessing.code.tex 2021/05/15 v3.1.9a (3.1.9a)
) (/usr/share/texlive/texmf-dist/tex/generic/pgf/basiclayer/pgfcorearrows.code.tex
File: pgfcorearrows.code.tex 2021/05/15 v3.1.9a (3.1.9a)
\pgfarrowsep=\dimen286
) (/usr/share/texlive/texmf-dist/tex/generic/pgf/basiclayer/pgfcoreshade.code.tex
File: pgfcoreshade.code.tex 2021/05/15 v3.1.9a (3.1.9a)
\pgf@max=\dimen287
\pgf@sys@shading@range@num=\count333
\pgf@shadingcount=\count334
) (/usr/share/texlive/texmf-dist/tex/generic/pgf/basiclayer/pgfcoreimage.code.tex
File: pgfcoreimage.code.tex 2021/05/15 v3.1.9a (3.1.9a)
 (/usr/share/texlive/texmf-dist/tex/generic/pgf/basiclayer/pgfcoreexternal.code.tex
File: pgfcoreexternal.code.tex 2021/05/15 v3.1.9a (3.1.9a)
\pgfexternal@startupbox=\box76
)) (/usr/share/texlive/texmf-dist/tex/generic/pgf/basiclayer/pgfcorelayers.code.tex
File: pgfcorelayers.code.tex 2021/05/15 v3.1.9a (3.1.9a)
) (/usr/share/texlive/texmf-dist/tex/generic/pgf/basiclayer/pgfcoretransparency.code.tex
File: pgfcoretransparency.code.tex 2021/05/15 v3.1.9a (3.1.9a)
) (/usr/share/texlive/texmf-dist/tex/generic/pgf/basiclayer/pgfcorepatterns.code.tex
File: pgfcorepatterns.code.tex 2021/05/15 v3.1.9a (3.1.9a)
) (/usr/share/texlive/texmf-dist/tex/generic/pgf/basiclayer/pgfcorerdf.code.tex
File: pgfcorerdf.code.tex 2021/05/15 v3.1.9a (3.1.9a)
))) (/usr/share/texlive/texmf-dist/tex/generic/pgf/modules/pgfmoduleshapes.code.tex
File: pgfmoduleshapes.code.tex 2021/05/15 v3.1.9a (3.1.9a)
\pgfnodeparttextbox=\box77
) (/usr/share/texlive/texmf-dist/tex/generic/pgf/modules/pgfmoduleplot.code.tex
File: pgfmoduleplot.code.tex 2021/05/15 v3.1.9a (3.1.9a)
) (/usr/share/texlive/texmf-dist/tex/latex/pgf/compatibility/pgfcomp-version-0-65.sty
Package: pgfcomp-version-0-65 2021/05/15 v3.1.9a (3.1.9a)
\pgf@nodesepstart=\dimen288
\pgf@nodesepend=\dimen289
) (/usr/share/texlive/texmf-dist/tex/latex/pgf/compatibility/pgfcomp-version-1-18.sty
Package: pgfcomp-version-1-18 2021/05/15 v3.1.9a (3.1.9a)
)) (/usr/share/texlive/texmf-dist/tex/latex/pgf/utilities/pgffor.sty (/usr/share/texlive/texmf-dist/tex/latex/pgf/utilities/pgfkeys.sty (/usr/share/texlive/texmf-dist/tex/generic/pgf/utilities/pgfkeys.code.tex)) (/usr/share/texlive/texmf-dist/tex/latex/pgf/math/pgfmath.sty (/usr/share/texlive/texmf-dist/tex/generic/pgf/math/pgfmath.code.tex)) (/usr/share/texlive/texmf-dist/tex/generic/pgf/utilities/pgffor.code.tex
Package: pgffor 2021/05/15 v3.1.9a (3.1.9a)
 (/usr/share/texlive/texmf-dist/tex/generic/pgf/math/pgfmath.code.tex)
\pgffor@iter=\dimen290
\pgffor@skip=\dimen291
\pgffor@stack=\toks47
\pgffor@toks=\toks48
)) (/usr/share/texlive/texmf-dist/tex/generic/pgf/frontendlayer/tikz/tikz.code.tex
Package: tikz 2021/05/15 v3.1.9a (3.1.9a)
 (/usr/share/texlive/texmf-dist/tex/generic/pgf/libraries/pgflibraryplothandlers.code.tex
File: pgflibraryplothandlers.code.tex 2021/05/15 v3.1.9a (3.1.9a)
\pgf@plot@mark@count=\count335
\pgfplotmarksize=\dimen292
)
\tikz@lastx=\dimen293
\tikz@lasty=\dimen294
\tikz@lastxsaved=\dimen295
\tikz@lastysaved=\dimen296
\tikz@lastmovetox=\dimen297
\tikz@lastmovetoy=\dimen298
\tikzleveldistance=\dimen299
\tikzsiblingdistance=\dimen300
\tikz@figbox=\box78
\tikz@figbox@bg=\box79
\tikz@tempbox=\box80
\tikz@tempbox@bg=\box81
\tikztreelevel=\count336
\tikznumberofchildren=\count337
\tikznumberofcurrentchild=\count338
\tikz@fig@count=\count339
 (/usr/share/texlive/texmf-dist/tex/generic/pgf/modules/pgfmodulematrix.code.tex
File: pgfmodulematrix.code.tex 2021/05/15 v3.1.9a (3.1.9a)
\pgfmatrixcurrentrow=\count340
\pgfmatrixcurrentcolumn=\count341
\pgf@matrix@numberofcolumns=\count342
)
\tikz@expandcount=\count343
 (/usr/share/texlive/texmf-dist/tex/generic/pgf/frontendlayer/tikz/libraries/tikzlibrarytopaths.code.tex
File: tikzlibrarytopaths.code.tex 2021/05/15 v3.1.9a (3.1.9a)
))) (/usr/share/texlive/texmf-dist/tex/generic/pgf/frontendlayer/tikz/libraries/tikzlibrarysvg.path.code.tex
File: tikzlibrarysvg.path.code.tex 2021/05/15 v3.1.9a (3.1.9a)
 (/usr/share/texlive/texmf-dist/tex/generic/pgf/libraries/pgflibrarysvg.path.code.tex
File: pgflibrarysvg.path.code.tex 2021/05/15 v3.1.9a (3.1.9a)
 (/usr/share/texlive/texmf-dist/tex/generic/pgf/modules/pgfmoduleparser.code.tex
File: pgfmoduleparser.code.tex 2021/05/15 v3.1.9a (3.1.9a)
\pgfparserdef@arg@count=\count344
)
\pgf@lib@svg@last@x=\dimen301
\pgf@lib@svg@last@y=\dimen302
\pgf@lib@svg@last@c@x=\dimen303
\pgf@lib@svg@last@c@y=\dimen304
\pgf@lib@svg@count=\count345
\pgf@lib@svg@max@num=\count346
))
\@curXheight=\skip75
)
\c@theorem=\count347
\c@example=\count348
\c@remark=\count349
\c@definition=\count350
\c@assumption=\count351
\c@proposition*=\count352
 (/usr/share/texlive/texmf-dist/tex/latex/mathtools/mathtools.sty
Package: mathtools 2021/02/02 v1.28 mathematical typesetting tools
 (/usr/share/texlive/texmf-dist/tex/latex/tools/calc.sty
Package: calc 2017/05/25 v4.3 Infix arithmetic (KKT,FJ)
\calc@Acount=\count353
\calc@Bcount=\count354
\calc@Adimen=\dimen305
\calc@Bdimen=\dimen306
\calc@Askip=\skip76
\calc@Bskip=\skip77
LaTeX Info: Redefining \setlength on input line 80.
LaTeX Info: Redefining \addtolength on input line 81.
\calc@Ccount=\count355
\calc@Cskip=\skip78
) (/usr/share/texlive/texmf-dist/tex/latex/mathtools/mhsetup.sty
Package: mhsetup 2021/03/18 v1.4 programming setup (MH)
)
\g_MT_multlinerow_int=\count356
\l_MT_multwidth_dim=\dimen307
\origjot=\skip79
\l_MT_shortvdotswithinadjustabove_dim=\dimen308
\l_MT_shortvdotswithinadjustbelow_dim=\dimen309
\l_MT_above_intertext_sep=\dimen310
\l_MT_below_intertext_sep=\dimen311
\l_MT_above_shortintertext_sep=\dimen312
\l_MT_below_shortintertext_sep=\dimen313
\xmathstrut@box=\box82
\xmathstrut@dim=\dimen314
) (/usr/share/texlive/texmf-dist/tex/latex/booktabs/booktabs.sty
Package: booktabs 2020/01/12 v1.61803398 Publication quality tables
\heavyrulewidth=\dimen315
\lightrulewidth=\dimen316
\cmidrulewidth=\dimen317
\belowrulesep=\dimen318
\belowbottomsep=\dimen319
\aboverulesep=\dimen320
\abovetopsep=\dimen321
\cmidrulesep=\dimen322
\cmidrulekern=\dimen323
\defaultaddspace=\dimen324
\@cmidla=\count357
\@cmidlb=\count358
\@aboverulesep=\dimen325
\@belowrulesep=\dimen326
\@thisruleclass=\count359
\@lastruleclass=\count360
\@thisrulewidth=\dimen327
) (/usr/share/texlive/texmf-dist/tex/latex/threeparttable/threeparttable.sty
Package: threeparttable 2003/06/13  v 3.0
\@tempboxb=\box83
) (/usr/share/texlive/texmf-dist/tex/latex/caption/subcaption.sty
Package: subcaption 2020/10/07 v1.3j Sub-captions (AR)
\c@subfigure=\count361
\c@subtable=\count362
) (/usr/share/texlive/texmf-dist/tex/latex/placeins/placeins.sty
Package: placeins 2005/04/18  v 2.2
) (/usr/share/texlive/texmf-dist/tex/latex/l3backend/l3backend-pdftex.def
File: l3backend-pdftex.def 2022-01-12 L3 backend support: PDF output (pdfTeX)
\l__color_backend_stack_int=\count363
\l__pdf_internal_box=\box84
)

LaTeX Warning: Unused global option(s):
    [unnumsec,webpdf,contemporary,large].

(./how_to_select.aux)
\openout1 = `how_to_select.aux'.

LaTeX Font Info:    Checking defaults for OML/cmm/m/it on input line 82.
LaTeX Font Info:    ... okay on input line 82.
LaTeX Font Info:    Checking defaults for OMS/cmsy/m/n on input line 82.
LaTeX Font Info:    ... okay on input line 82.
LaTeX Font Info:    Checking defaults for OT1/cmr/m/n on input line 82.
LaTeX Font Info:    ... okay on input line 82.
LaTeX Font Info:    Checking defaults for T1/cmr/m/n on input line 82.
LaTeX Font Info:    ... okay on input line 82.
LaTeX Font Info:    Checking defaults for TS1/cmr/m/n on input line 82.
LaTeX Font Info:    ... okay on input line 82.
LaTeX Font Info:    Checking defaults for OMX/cmex/m/n on input line 82.
LaTeX Font Info:    ... okay on input line 82.
LaTeX Font Info:    Checking defaults for U/cmr/m/n on input line 82.
LaTeX Font Info:    ... okay on input line 82.
LaTeX Font Info:    Checking defaults for PD1/pdf/m/n on input line 82.
LaTeX Font Info:    ... okay on input line 82.
LaTeX Font Info:    Checking defaults for PU/pdf/m/n on input line 82.
LaTeX Font Info:    ... okay on input line 82.
 (/usr/share/texlive/texmf-dist/tex/context/base/mkii/supp-pdf.mkii
[Loading MPS to PDF converter (version 2006.09.02).]
\scratchcounter=\count364
\scratchdimen=\dimen328
\scratchbox=\box85
\nofMPsegments=\count365
\nofMParguments=\count366
\everyMPshowfont=\toks49
\MPscratchCnt=\count367
\MPscratchDim=\dimen329
\MPnumerator=\count368
\makeMPintoPDFobject=\count369
\everyMPtoPDFconversion=\toks50
) (/usr/share/texlive/texmf-dist/tex/latex/epstopdf-pkg/epstopdf-base.sty
Package: epstopdf-base 2020-01-24 v2.11 Base part for package epstopdf
Package epstopdf-base Info: Redefining graphics rule for `.eps' on input line 485.
 (/usr/share/texlive/texmf-dist/tex/latex/latexconfig/epstopdf-sys.cfg
File: epstopdf-sys.cfg 2010/07/13 v1.3 Configuration of (r)epstopdf for TeX Live
))
Package crop Info: requested driver: `' on input line 82.
Package crop Info: detected driver: `pdftex' on input line 82.
Package crop Info: using `pdftex' graphics driver on input line 82.
Package caption Info: Begin \AtBeginDocument code.
Package caption Info: float package is loaded.
Package caption Info: hyperref package is loaded.
Package caption Info: listings package is loaded.
Package caption Info: rotating package is loaded.
Package caption Info: threeparttable package is loaded.
Package caption Info: wrapfig package is loaded.
Package caption Info: End \AtBeginDocument code.
LaTeX Font Info:    Redeclaring symbol font `AMSa' on input line 82.
LaTeX Font Info:    Overwriting symbol font `AMSa' in version `normal'
(Font)                  U/msa/m/n --> U/msa/m/n on input line 82.
LaTeX Font Info:    Overwriting symbol font `AMSa' in version `bold'
(Font)                  U/msa/m/n --> U/msa/m/n on input line 82.
\c@lstlisting=\count370
Package hyperref Info: Link coloring OFF on input line 82.
 (/usr/share/texlive/texmf-dist/tex/latex/hyperref/nameref.sty
Package: nameref 2021-04-02 v2.47 Cross-referencing by name of section
 (/usr/share/texlive/texmf-dist/tex/latex/refcount/refcount.sty
Package: refcount 2019/12/15 v3.6 Data extraction from label references (HO)
) (/usr/share/texlive/texmf-dist/tex/generic/gettitlestring/gettitlestring.sty
Package: gettitlestring 2019/12/15 v1.6 Cleanup title references (HO)
)
\c@section@level=\count371
)
LaTeX Info: Redefining \ref on input line 82.
LaTeX Info: Redefining \pageref on input line 82.
LaTeX Info: Redefining \nameref on input line 82.
 (./how_to_select.out) (./how_to_select.out)
\@outlinefile=\write4
\openout4 = `how_to_select.out'.

LaTeX Font Info:    Calculating math sizes for size <13.04874> on input line 165.
LaTeX Font Info:    Trying to load font information for U+msa on input line 165.
 (/usr/share/texlive/texmf-dist/tex/latex/amsfonts/umsa.fd
File: umsa.fd 2013/01/14 v3.01 AMS symbols A
)
LaTeX Font Info:    Trying to load font information for U+msb on input line 165.
 (/usr/share/texlive/texmf-dist/tex/latex/amsfonts/umsb.fd
File: umsb.fd 2013/01/14 v3.01 AMS symbols B
)
LaTeX Font Info:    Trying to load font information for U+rsfs on input line 165.
 (/usr/share/texlive/texmf-dist/tex/latex/jknapltx/ursfs.fd
File: ursfs.fd 1998/03/24 rsfs font definition file (jk)
)
LaTeX Font Info:    Calculating math sizes for size <9.13406> on input line 165.
LaTeX Font Info:    Calculating math sizes for size <7.52812> on input line 165.
LaTeX Font Info:    Calculating math sizes for size <6.52437> on input line 165.
LaTeX Font Info:    Calculating math sizes for size <4.56703> on input line 165.
LaTeX Font Info:    Calculating math sizes for size <9.03374> on input line 165.

Underfull \hbox (badness 1221) in paragraph at lines 209--232
[]\OT1/cmr/m/n/7.52812 Indeed, concluding on the effect of a treatment is a
 []


Underfull \hbox (badness 2073) in paragraph at lines 209--232
\OT1/cmr/m/n/7.52812 by confounding: spurious associations between treatment
 []


Underfull \hbox (badness 1132) in paragraph at lines 209--232
\OT1/cmr/m/n/7.52812 inference theory under the name of \OT1/cmr/m/it/7.52812 outcome models \OT1/cmr/m/n/7.52812 (or
 []


Underfull \hbox (badness 1314) in paragraph at lines 209--232
\OT1/cmr/m/n/7.52812 treatment assignment with propensity scores [[], [], [],
 []


Underfull \vbox (badness 10000) has occurred while \output is active []


Overfull \hbox (0.712pt too wide) in paragraph at lines 241--258
[]\OT1/cmr/m/n/7.52812 Outcome-modeling methods, even when specifically designed
 []


Underfull \hbox (badness 4181) in paragraph at lines 241--258
\OT1/cmr/m/n/7.52812 for causal inference, are numerous: Bayesian Additive
 []


Overfull \hbox (3.65024pt too wide) in paragraph at lines 241--258
\OT1/cmr/m/n/7.52812 Regression Trees [[]], Targeted Maximum Likelihood Estimation
 []


Underfull \hbox (badness 1675) in paragraph at lines 241--258
\OT1/cmr/m/n/7.52812 wide variety of methods raises the problem of selecting
 []


Underfull \hbox (badness 1077) in paragraph at lines 241--258
\OT1/cmr/m/n/7.52812 between different estimators based on the data at hand.
 []


Underfull \vbox (badness 10000) has occurred while \output is active []

 [1
Non-PDF special ignored!
<special> ps: [{ThisPage} << /CropBox [0 0 595.26013 782.33696] >> /PUT pdf...

{/var/lib/texmf/fonts/map/pdftex/updmap/pdftex.map}


]

Package hyperref Warning: Difference (2) between bookmark levels is greater 
(hyperref)                than one, level fixed on input line 266.


Underfull \hbox (badness 1490) in paragraph at lines 268--277
\OT1/cmr/m/n/7.52812 without theoretical assumptions often made in statistical
 []


Underfull \hbox (badness 2050) in paragraph at lines 268--277
\OT1/cmr/m/n/7.52812 literature such as \OT1/cmr/m/it/7.52812 infinite \OT1/cmr/m/n/7.52812 data or \OT1/cmr/m/it/7.52812 well-specified \OT1/cmr/m/n/7.52812 models
 []


Overfull \hbox (107.22762pt too wide) in paragraph at lines 303--304
[][] 
 []

<images//toy_random_forest_high_R2_high_tau_risk.pdf, id=426, 800.9006pt x 419.24709pt>
File: images//toy_random_forest_high_R2_high_tau_risk.pdf Graphic file (type pdf)
<use images//toy_random_forest_high_R2_high_tau_risk.pdf>
Package pdftex.def Info: images//toy_random_forest_high_R2_high_tau_risk.pdf  used on input line 307.
(pdftex.def)             Requested size: 141.15143pt x 73.8875pt.

Overfull \hbox (111.96281pt too wide) in paragraph at lines 318--319
[][] 
 []

<images//toy_tlinear_model_small_R2_small_tau_risk.pdf, id=427, 780.85023pt x 419.24709pt>
File: images//toy_tlinear_model_small_R2_small_tau_risk.pdf Graphic file (type pdf)
<use images//toy_tlinear_model_small_R2_small_tau_risk.pdf>
Package pdftex.def Info: images//toy_tlinear_model_small_R2_small_tau_risk.pdf  used on input line 321.
(pdftex.def)             Requested size: 141.15143pt x 75.78107pt.
LaTeX Font Info:    Calculating math sizes for size <6.02249> on input line 341.

Underfull \hbox (badness 2088) in paragraph at lines 348--364
\OT1/cmr/m/n/7.52812 Using a predictor to reason on causal effects relies on
 []


Underfull \hbox (badness 1661) in paragraph at lines 376--386
\OT1/cmr/m/n/7.52812 outcome functions are not linear--, leading to poor $\OML/cmm/m/it/7.52812 R[]$\OT1/cmr/m/n/7.52812 ;
 []


Package hyperref Warning: Difference (2) between bookmark levels is greater 
(hyperref)                than one, level fixed on input line 401.


Underfull \hbox (badness 1237) in paragraph at lines 414--417
[]\OT1/cmr/m/n/7.52812 Popular quantities of interest (estimands) are: at the
 []


Underfull \hbox (badness 8000) in paragraph at lines 431--439
\OT1/cmr/m/n/7.52812 assumptions are (details in []C[]): \OT1/cmr/m/it/7.52812 1) unconfoundedness
 []


Underfull \hbox (badness 2368) in paragraph at lines 440--440
[][]\OT1/cmr/m/n/7.52812 Estimating treatment effects with outcome models -- g-
 []


Package hyperref Warning: Token not allowed in a PDF string (Unicode):
(hyperref)                removing `\begingroup' on input line 440.


Package hyperref Warning: Token not allowed in a PDF string (Unicode):
(hyperref)                removing `\<let>-command' on input line 440.


Package hyperref Warning: Token not allowed in a PDF string (Unicode):
(hyperref)                removing `\NAT@ctype' on input line 440.


Package hyperref Warning: Token not allowed in a PDF string (Unicode):
(hyperref)                removing `\z@' on input line 440.


Package hyperref Warning: Token not allowed in a PDF string (Unicode):
(hyperref)                removing `\let' on input line 440.


Package hyperref Warning: Token not allowed in a PDF string (Unicode):
(hyperref)                removing `\let' on input line 440.


Package hyperref Warning: Token not allowed in a PDF string (Unicode):
(hyperref)                removing `\new@ifnextchar' on input line 440.


Package hyperref Warning: Token not allowed in a PDF string (Unicode):
(hyperref)                removing `subscript' on input line 440.


Package hyperref Warning: Token not allowed in a PDF string (Unicode):
(hyperref)                removing `subscript' on input line 440.


Overfull \hbox (253.25pt too wide) has occurred while \output is active
[][][] 
 []


Overfull \vbox (1.0pt too high) has occurred while \output is active []

 [2
Non-PDF special ignored!
<special> ps: [{ThisPage} << /CropBox [0 0 595.26013 782.33696] >> /PUT pdf...
 <./images//toy_random_forest_high_R2_high_tau_risk.pdf> <./images//toy_tlinear_model_small_R2_small_tau_risk.pdf>]
Underfull \hbox (badness 1997) in paragraph at lines 464--468
\OT1/cmr/m/n/7.52812 This equation builds on two quantities: the conditional
 []


Underfull \hbox (badness 1077) in paragraph at lines 497--501
\OT1/cmr/m/n/7.52812 The \OT1/cmr/m/it/7.52812 R-decomposition \OT1/cmr/m/n/7.52812 of the outcome model[[]] plays an
 []


Package hyperref Warning: Difference (2) between bookmark levels is greater 
(hyperref)                than one, level fixed on input line 573.


Package hyperref Warning: Token not allowed in a PDF string (Unicode):
(hyperref)                removing `math shift' on input line 594.


Package hyperref Warning: Token not allowed in a PDF string (Unicode):
(hyperref)                removing `\tau' on input line 594.


Package hyperref Warning: Token not allowed in a PDF string (Unicode):
(hyperref)                removing `math shift' on input line 594.


Underfull \hbox (badness 2894) in paragraph at lines 602--608
[]\OT1/cmr/m/n/7.52812 Given observed data from $\OML/cmm/m/it/7.52812 p\OT1/cmr/m/n/7.52812 (\OML/cmm/m/it/7.52812 X\OT1/cmr/m/n/7.52812 )$, the expectation is
 []

Package hyperref Info: bookmark level for unknown algorithm defaults to 0 on input line 644.
<images//estimation_procedure_causal_selection_procedure.png, id=563, 461.35605pt x 185.5581pt>
File: images//estimation_procedure_causal_selection_procedure.png Graphic file (type png)
<use images//estimation_procedure_causal_selection_procedure.png>
Package pdftex.def Info: images//estimation_procedure_causal_selection_procedure.png  used on input line 667.
(pdftex.def)             Requested size: 141.15143pt x 56.7721pt.

LaTeX Warning: `!h' float specifier changed to `!ht'.


Overfull \hbox (253.25pt too wide) has occurred while \output is active
[][][] 
 []


Overfull \vbox (1.0pt too high) has occurred while \output is active []

 [3
Non-PDF special ignored!
<special> ps: [{ThisPage} << /CropBox [0 0 595.26013 782.33696] >> /PUT pdf...
]
Underfull \hbox (badness 1817) in paragraph at lines 683--685
[]\OT1/cmr/m/n/7.52812 This rewriting involves reweighted residuals: for each
 []


Underfull \hbox (badness 2837) in paragraph at lines 703--706
[][]\OT1/cmr/bx/n/7.52812 Proposition 1 \OT1/cmr/m/n/7.52812 ($\OML/cmm/m/it/7.52812 R[]$ \OT1/cmr/m/n/7.52812 as reweighted $\OML/cmm/m/it/7.52812 ^^\[]$\OT1/cmr/m/n/7.52812 ) []\OT1/cmr/m/it/7.52812 Given an
 []


Package hyperref Warning: Difference (2) between bookmark levels is greater 
(hyperref)                than one, level fixed on input line 748.


Underfull \hbox (badness 1824) in paragraph at lines 790--792
[]\OT1/cmr/m/n/7.52812 TLearner: Two completely different learners for each
 []


Underfull \hbox (badness 1661) in paragraph at lines 801--808
\OT1/cmr/m/n/7.52812 the transformed features with 6 different choices of the
 []


Package hyperref Warning: Difference (2) between bookmark levels is greater 
(hyperref)                than one, level fixed on input line 811.


Underfull \hbox (badness 1502) in paragraph at lines 813--827
\OT1/cmr/m/n/7.52812 ACIC 2016 [[]] is based on the Collaborative Perinatal
 []


Underfull \vbox (badness 10000) has occurred while \output is active []


Overfull \hbox (253.25pt too wide) has occurred while \output is active
[][][] 
 []


Overfull \vbox (1.0pt too high) has occurred while \output is active []

 [4
Non-PDF special ignored!
<special> ps: [{ThisPage} << /CropBox [0 0 595.26013 782.33696] >> /PUT pdf...
 <./images//estimation_procedure_causal_selection_procedure.png>]
Underfull \hbox (badness 1383) in paragraph at lines 844--848
\OT1/cmr/m/n/7.52812 of ridge and boosting classifiers (respectively regressions)
 []


Underfull \hbox (badness 1596) in paragraph at lines 853--858
\OT1/cmr/m/n/7.52812 Good overlap between treated and control population is
 []

<images//_1_r_risk_domination_r_risk_domination__ref_metric_mean_risks_by_Dataset_feasible_only.pdf, id=643, 1223.45999pt x 926.42113pt>
File: images//_1_r_risk_domination_r_risk_domination__ref_metric_mean_risks_by_Dataset_feasible_only.pdf Graphic file (type pdf)
<use images//_1_r_risk_domination_r_risk_domination__ref_metric_mean_risks_by_Dataset_feasible_only.pdf>
Package pdftex.def Info: images//_1_r_risk_domination_r_risk_domination__ref_metric_mean_risks_by_Dataset_feasible_only.pdf  used on input line 862.
(pdftex.def)             Requested size: 176.4375pt x 133.59961pt.

Package hyperref Warning: Difference (3) between bookmark levels is greater 
(hyperref)                than one, level fixed on input line 879.


Package hyperref Warning: Token not allowed in a PDF string (Unicode):
(hyperref)                removing `math shift' on input line 879.


Package hyperref Warning: Token not allowed in a PDF string (Unicode):
(hyperref)                removing `math shift' on input line 879.


Underfull \hbox (badness 1436) in paragraph at lines 888--888
$[]$ [][]\OT1/cmr/m/n/8 To remove the variance across datasets (some datasets
 []


Underfull \hbox (badness 1014) in paragraph at lines 888--888
\OT1/cmr/m/n/8 for one metric relative to the mean of all metrics for a
 []


Package hyperref Warning: Difference (2) between bookmark levels is greater 
(hyperref)                than one, level fixed on input line 918.


Underfull \hbox (badness 2772) in paragraph at lines 920--926
\OT1/cmr/m/n/7.52812 Model selection for causal inference becomes more and
 []

<images//_2_overlap_influence_overlap_by_bin_comparaison_kendall_by_Dataset_r_risk_only_twocols.pdf, id=659, 1350.3535pt x 907.44092pt>
File: images//_2_overlap_influence_overlap_by_bin_comparaison_kendall_by_Dataset_r_risk_only_twocols.pdf Graphic file (type pdf)
<use images//_2_overlap_influence_overlap_by_bin_comparaison_kendall_by_Dataset_r_risk_only_twocols.pdf>
Package pdftex.def Info: images//_2_overlap_influence_overlap_by_bin_comparaison_kendall_by_Dataset_r_risk_only_twocols.pdf  used on input line 930.
(pdftex.def)             Requested size: 176.4375pt x 118.56685pt.

Overfull \hbox (253.25pt too wide) has occurred while \output is active
[][][] 
 []


Overfull \vbox (1.0pt too high) has occurred while \output is active []

 [5
Non-PDF special ignored!
<special> ps: [{ThisPage} << /CropBox [0 0 595.26013 782.33696] >> /PUT pdf...
 <./images//_1_r_risk_domination_r_risk_domination__ref_metric_mean_risks_by_Dataset_feasible_only.pdf> <./images//_2_overlap_influence_overlap_by_bin_comparaison_kendall_by_Dataset_r_risk_only_twocols.pdf>]
<images//_3_procedure_r_risk_only_3datasets_twocols.pdf, id=869, 1333.17789pt x 490.10541pt>
File: images//_3_procedure_r_risk_only_3datasets_twocols.pdf Graphic file (type pdf)
<use images//_3_procedure_r_risk_only_3datasets_twocols.pdf>
Package pdftex.def Info: images//_3_procedure_r_risk_only_3datasets_twocols.pdf  used on input line 965.
(pdftex.def)             Requested size: 176.4375pt x 64.86012pt.

Underfull \hbox (badness 1184) in paragraph at lines 973--973
\OT1/cmr/bx/n/6.02249 Fig. 5. Nuisances can be estimated on the same data as
 []


Underfull \hbox (badness 1314) in paragraph at lines 978--992
\OT1/cmr/m/n/7.52812 settings, stacked and linear estimations of the nuisances
 []

<images//_4_nuisance_models_r_risk_only_3datasets_twocols.pdf, id=873, 1296.11914pt x 475.0021pt>
File: images//_4_nuisance_models_r_risk_only_3datasets_twocols.pdf Graphic file (type pdf)
<use images//_4_nuisance_models_r_risk_only_3datasets_twocols.pdf>
Package pdftex.def Info: images//_4_nuisance_models_r_risk_only_3datasets_twocols.pdf  used on input line 996.
(pdftex.def)             Requested size: 176.4375pt x 64.65886pt.

Package hyperref Warning: Difference (3) between bookmark levels is greater 
(hyperref)                than one, level fixed on input line 1016.


Underfull \hbox (badness 1769) in paragraph at lines 1018--1037
\OT1/cmr/m/n/7.52812 Predictive models are increasingly used to reason about
 []


Package hyperref Warning: Difference (2) between bookmark levels is greater 
(hyperref)                than one, level fixed on input line 1066.


Package hyperref Warning: Token not allowed in a PDF string (Unicode):
(hyperref)                removing `math shift' on input line 1066.


Package hyperref Warning: Token not allowed in a PDF string (Unicode):
(hyperref)                removing `math shift' on input line 1066.


Underfull \hbox (badness 2065) in paragraph at lines 1068--1088
\OT1/cmr/m/n/7.52812 Increasingly complex prediction models integrating richer
 []


Overfull \hbox (253.25pt too wide) has occurred while \output is active
[][][] 
 []


Overfull \vbox (1.0pt too high) has occurred while \output is active []

 [6
Non-PDF special ignored!
<special> ps: [{ThisPage} << /CropBox [0 0 595.26013 782.33696] >> /PUT pdf...
 <./images//_3_procedure_r_risk_only_3datasets_twocols.pdf> <./images//_4_nuisance_models_r_risk_only_3datasets_twocols.pdf>]
<images//2023-03-08-11-10-28_acic_2016_ate_heterogeneity.parquet_abs_bias_ylog_scale=True.pdf, id=1050, 946.34492pt x 597.16pt>
File: images//2023-03-08-11-10-28_acic_2016_ate_heterogeneity.parquet_abs_bias_ylog_scale=True.pdf Graphic file (type pdf)
<use images//2023-03-08-11-10-28_acic_2016_ate_heterogeneity.parquet_abs_bias_ylog_scale=True.pdf>
Package pdftex.def Info: images//2023-03-08-11-10-28_acic_2016_ate_heterogeneity.parquet_abs_bias_ylog_scale=True.pdf  used on input line 1133.
(pdftex.def)             Requested size: 464.0735pt x 292.83876pt.


Package hyperref Warning: Difference (3) between bookmark levels is greater 
(hyperref)                than one, level fixed on input line 1184.


Overfull \vbox (1.0pt too high) has occurred while \output is active []

 [7
Non-PDF special ignored!
<special> ps: [{ThisPage} << /CropBox [0 0 595.26013 782.33696] >> /PUT pdf...


 <./images//2023-03-08-11-10-28_acic_2016_ate_heterogeneity.parquet_abs_bias_ylog_scale=True.pdf>]

Package hyperref Warning: Difference (2) between bookmark levels is greater 
(hyperref)                than one, level fixed on input line 1206.


Overfull \vbox (1.0pt too high) has occurred while \output is active []

 [8
Non-PDF special ignored!
<special> ps: [{ThisPage} << /CropBox [0 0 595.26013 782.33696] >> /PUT pdf...
]
LaTeX Font Info:    Calculating math sizes for size <10.03749> on input line 1441.


Package hyperref Warning: Token not allowed in a PDF string (Unicode):
(hyperref)                removing `math shift' on input line 1441.


Package hyperref Warning: Token not allowed in a PDF string (Unicode):
(hyperref)                removing `math shift' on input line 1441.


Package hyperref Warning: Token not allowed in a PDF string (Unicode):
(hyperref)                removing `math shift' on input line 1441.


Package hyperref Warning: Token not allowed in a PDF string (Unicode):
(hyperref)                removing `\tau' on input line 1441.


Package hyperref Warning: Token not allowed in a PDF string (Unicode):
(hyperref)                removing `math shift' on input line 1441.


Package hyperref Warning: Difference (2) between bookmark levels is greater 
(hyperref)                than one, level fixed on input line 1481.


Overfull \vbox (1.0pt too high) has occurred while \output is active []

 [9
Non-PDF special ignored!
<special> ps: [{ThisPage} << /CropBox [0 0 595.26013 782.33696] >> /PUT pdf...
]

LaTeX Warning: Reference `apd:proofs:mu_risk_ipw_link_mu' on page 10 undefined on input line 1516.


Package hyperref Warning: Difference (3) between bookmark levels is greater 
(hyperref)                than one, level fixed on input line 1532.


Overfull \vbox (1.0pt too high) has occurred while \output is active []

 [10
Non-PDF special ignored!
<special> ps: [{ThisPage} << /CropBox [0 0 595.26013 782.33696] >> /PUT pdf...
]

Package hyperref Warning: Difference (2) between bookmark levels is greater 
(hyperref)                than one, level fixed on input line 1590.

<images//overlap_measure_diff_oracle_ntv_to_n_tv_calibration=False_vs_oracle_n_tv.pdf, id=1219, 917.00967pt x 386.60341pt>
File: images//overlap_measure_diff_oracle_ntv_to_n_tv_calibration=False_vs_oracle_n_tv.pdf Graphic file (type pdf)
<use images//overlap_measure_diff_oracle_ntv_to_n_tv_calibration=False_vs_oracle_n_tv.pdf>
Package pdftex.def Info: images//overlap_measure_diff_oracle_ntv_to_n_tv_calibration=False_vs_oracle_n_tv.pdf  used on input line 1647.
(pdftex.def)             Requested size: 488.5pt x 205.94887pt.
<images//overlap_measure_diff_oracle_ntv_to_n_tv_calibration=True_vs_oracle_n_tv.pdf, id=1220, 925.6984pt x 386.60341pt>
File: images//overlap_measure_diff_oracle_ntv_to_n_tv_calibration=True_vs_oracle_n_tv.pdf Graphic file (type pdf)
<use images//overlap_measure_diff_oracle_ntv_to_n_tv_calibration=True_vs_oracle_n_tv.pdf>
Package pdftex.def Info: images//overlap_measure_diff_oracle_ntv_to_n_tv_calibration=True_vs_oracle_n_tv.pdf  used on input line 1653.
(pdftex.def)             Requested size: 488.5pt x 204.01396pt.
<images//overlap_measure_acic_2016_recovery_overlap_setup.pdf, id=1222, 881.01645pt x 674.27654pt>
File: images//overlap_measure_acic_2016_recovery_overlap_setup.pdf Graphic file (type pdf)
<use images//overlap_measure_acic_2016_recovery_overlap_setup.pdf>
Package pdftex.def Info: images//overlap_measure_acic_2016_recovery_overlap_setup.pdf  used on input line 1667.
(pdftex.def)             Requested size: 341.9485pt x 261.7013pt.
<images//overlap_measure_caussim_transformed_mmd_vs_ntv.pdf, id=1223, 924.79567pt x 668.81741pt>
File: images//overlap_measure_caussim_transformed_mmd_vs_ntv.pdf Graphic file (type pdf)
<use images//overlap_measure_caussim_transformed_mmd_vs_ntv.pdf>
Package pdftex.def Info: images//overlap_measure_caussim_transformed_mmd_vs_ntv.pdf  used on input line 1676.
(pdftex.def)             Requested size: 341.9485pt x 247.29527pt.
<images//overlap_measure_caussim_max_ipw_vs_ntv.pdf, id=1224, 908.4941pt x 668.81741pt>
File: images//overlap_measure_caussim_max_ipw_vs_ntv.pdf Graphic file (type pdf)
<use images//overlap_measure_caussim_max_ipw_vs_ntv.pdf>
Package pdftex.def Info: images//overlap_measure_caussim_max_ipw_vs_ntv.pdf  used on input line 1685.
(pdftex.def)             Requested size: 229.5956pt x 169.02048pt.
<images//overlap_measure_acic_2016_max_ipw_vs_ntv.pdf, id=1225, 908.4941pt x 668.81741pt>
File: images//overlap_measure_acic_2016_max_ipw_vs_ntv.pdf Graphic file (type pdf)
<use images//overlap_measure_acic_2016_max_ipw_vs_ntv.pdf>
Package pdftex.def Info: images//overlap_measure_acic_2016_max_ipw_vs_ntv.pdf  used on input line 1692.
(pdftex.def)             Requested size: 229.5956pt x 169.02048pt.
<images//overlap_measure_acic_2018_max_ipw_vs_ntv.pdf, id=1226, 908.73781pt x 703.657pt>
File: images//overlap_measure_acic_2018_max_ipw_vs_ntv.pdf Graphic file (type pdf)
<use images//overlap_measure_acic_2018_max_ipw_vs_ntv.pdf>
Package pdftex.def Info: images//overlap_measure_acic_2018_max_ipw_vs_ntv.pdf  used on input line 1698.
(pdftex.def)             Requested size: 229.5956pt x 177.7713pt.
<images//overlap_measure_twins_max_ipw_vs_ntv.pdf, id=1227, 908.4941pt x 668.81741pt>
File: images//overlap_measure_twins_max_ipw_vs_ntv.pdf Graphic file (type pdf)
<use images//overlap_measure_twins_max_ipw_vs_ntv.pdf>
Package pdftex.def Info: images//overlap_measure_twins_max_ipw_vs_ntv.pdf  used on input line 1705.
(pdftex.def)             Requested size: 239.36768pt x 176.21524pt.

LaTeX Warning: Reference `theory:prop:mu_risk_ipw_bound' on page 11 undefined on input line 1761.


Overfull \vbox (1.0pt too high) has occurred while \output is active []

 [11
Non-PDF special ignored!
<special> ps: [{ThisPage} << /CropBox [0 0 595.26013 782.33696] >> /PUT pdf...
]
<images//caussim_example_rs_gaussian=8_rs_rotation=8_ntv=0.37_D=2_overlap=0.7_p_A=0.1.pdf, id=1243, 1125.98634pt x 875.67104pt>
File: images//caussim_example_rs_gaussian=8_rs_rotation=8_ntv=0.37_D=2_overlap=0.7_p_A=0.1.pdf Graphic file (type pdf)
<use images//caussim_example_rs_gaussian=8_rs_rotation=8_ntv=0.37_D=2_overlap=0.7_p_A=0.1.pdf>
Package pdftex.def Info: images//caussim_example_rs_gaussian=8_rs_rotation=8_ntv=0.37_D=2_overlap=0.7_p_A=0.1.pdf  used on input line 1794.
(pdftex.def)             Requested size: 488.5pt x 379.89835pt.

Overfull \vbox (1.0pt too high) has occurred while \output is active []

 [12
Non-PDF special ignored!
<special> ps: [{ThisPage} << /CropBox [0 0 595.26013 782.33696] >> /PUT pdf...
 <./images//overlap_measure_diff_oracle_ntv_to_n_tv_calibration=False_vs_oracle_n_tv.pdf> <./images//overlap_measure_diff_oracle_ntv_to_n_tv_calibration=True_vs_oracle_n_tv.pdf>]
Overfull \vbox (1.0pt too high) has occurred while \output is active []

 [13
Non-PDF special ignored!
<special> ps: [{ThisPage} << /CropBox [0 0 595.26013 782.33696] >> /PUT pdf...
 <./images//overlap_measure_acic_2016_recovery_overlap_setup.pdf> <./images//overlap_measure_caussim_transformed_mmd_vs_ntv.pdf>]

Package hyperref Warning: Difference (2) between bookmark levels is greater 
(hyperref)                than one, level fixed on input line 1859.


Overfull \vbox (1.0pt too high) has occurred while \output is active []

 [14
Non-PDF special ignored!
<special> ps: [{ThisPage} << /CropBox [0 0 595.26013 782.33696] >> /PUT pdf...
 <./images//overlap_measure_caussim_max_ipw_vs_ntv.pdf> <./images//overlap_measure_acic_2016_max_ipw_vs_ntv.pdf> <./images//overlap_measure_acic_2018_max_ipw_vs_ntv.pdf> <./images//overlap_measure_twins_max_ipw_vs_ntv.pdf>]
Overfull \hbox (17.56194pt too wide) in paragraph at lines 1873--1895
[][] 
 []


Package hyperref Warning: Difference (2) between bookmark levels is greater 
(hyperref)                than one, level fixed on input line 1902.


Package hyperref Warning: Token not allowed in a PDF string (Unicode):
(hyperref)                removing `math shift' on input line 1902.


Package hyperref Warning: Token not allowed in a PDF string (Unicode):
(hyperref)                removing `\kappa' on input line 1902.


Package hyperref Warning: Token not allowed in a PDF string (Unicode):
(hyperref)                removing `math shift' on input line 1902.


Underfull \vbox (badness 10000) has occurred while \output is active []


Overfull \vbox (1.0pt too high) has occurred while \output is active []

 [15
Non-PDF special ignored!
<special> ps: [{ThisPage} << /CropBox [0 0 595.26013 782.33696] >> /PUT pdf...
 <./images//caussim_example_rs_gaussian=8_rs_rotation=8_ntv=0.37_D=2_overlap=0.7_p_A=0.1.pdf>]

Package hyperref Warning: Token not allowed in a PDF string (Unicode):
(hyperref)                removing `math shift' on input line 1913.


Package hyperref Warning: Token not allowed in a PDF string (Unicode):
(hyperref)                removing `\kappa' on input line 1913.


Package hyperref Warning: Token not allowed in a PDF string (Unicode):
(hyperref)                removing `\ell' on input line 1913.


Package hyperref Warning: Token not allowed in a PDF string (Unicode):
(hyperref)                removing `\tau' on input line 1913.


Package hyperref Warning: Token not allowed in a PDF string (Unicode):
(hyperref)                removing `math shift' on input line 1913.

(./images/_1_r_risk_domination_boxplot_df.tex)
<images//_1_r_risk_domination_r_risk_domination__ref_metric_mean_risks_by_Dataset.pdf, id=1743, 1917.26003pt x 989.51567pt>
File: images//_1_r_risk_domination_r_risk_domination__ref_metric_mean_risks_by_Dataset.pdf Graphic file (type pdf)
<use images//_1_r_risk_domination_r_risk_domination__ref_metric_mean_risks_by_Dataset.pdf>
Package pdftex.def Info: images//_1_r_risk_domination_r_risk_domination__ref_metric_mean_risks_by_Dataset.pdf  used on input line 1935.
(pdftex.def)             Requested size: 488.5pt x 252.11932pt.
<images//kendalls_tau_caussim__nuisance_non_linear__candidates_ridge__overlap_01-247.pdf, id=1746, 959.443pt x 669.71304pt>
File: images//kendalls_tau_caussim__nuisance_non_linear__candidates_ridge__overlap_01-247.pdf Graphic file (type pdf)
<use images//kendalls_tau_caussim__nuisance_non_linear__candidates_ridge__overlap_01-247.pdf>
Package pdftex.def Info: images//kendalls_tau_caussim__nuisance_non_linear__candidates_ridge__overlap_01-247.pdf  used on input line 1953.
(pdftex.def)             Requested size: 214.9412pt x 150.02492pt.
<images//kendalls_tau_acic_2016__nuisance_non_linear__candidates_hist_gradient_boosting__dgp_1-77__rs_1-10.pdf, id=1747, 959.443pt x 669.71304pt>
File: images//kendalls_tau_acic_2016__nuisance_non_linear__candidates_hist_gradient_boosting__dgp_1-77__rs_1-10.pdf Graphic file (type pdf)
<use images//kendalls_tau_acic_2016__nuisance_non_linear__candidates_hist_gradient_boosting__dgp_1-77__rs_1-10.pdf>
Package pdftex.def Info: images//kendalls_tau_acic_2016__nuisance_non_linear__candidates_hist_gradient_boosting__dgp_1-77__rs_1-10.pdf  used on input line 1960.
(pdftex.def)             Requested size: 214.9412pt x 150.02492pt.
<images//legend_metrics.pdf, id=1748, 350.5095pt x 793.5246pt>
File: images//legend_metrics.pdf Graphic file (type pdf)
<use images//legend_metrics.pdf>
Package pdftex.def Info: images//legend_metrics.pdf  used on input line 1966.
(pdftex.def)             Requested size: 73.27946pt x 165.89436pt.

Overfull \hbox (24.42648pt too wide) in paragraph at lines 1966--1967
 [][] 
 []

<images//kendalls_tau_acic_2018__nuisance_stacking__candidates_hist_gradient_boosting__tset_50.pdf, id=1749, 959.443pt x 669.58145pt>
File: images//kendalls_tau_acic_2018__nuisance_stacking__candidates_hist_gradient_boosting__tset_50.pdf Graphic file (type pdf)
<use images//kendalls_tau_acic_2018__nuisance_stacking__candidates_hist_gradient_boosting__tset_50.pdf>
Package pdftex.def Info: images//kendalls_tau_acic_2018__nuisance_stacking__candidates_hist_gradient_boosting__tset_50.pdf  used on input line 1971.
(pdftex.def)             Requested size: 214.9412pt x 149.99544pt.
<images//kendalls_tau_twins__nuisance_stacking__candidates_hist_gradient_boosting__tset_50__overlap_11-296__rs_0-9_noise10.pdf, id=1750, 959.443pt x 669.71304pt>
File: images//kendalls_tau_twins__nuisance_stacking__candidates_hist_gradient_boosting__tset_50__overlap_11-296__rs_0-9_noise10.pdf Graphic file (type pdf)
<use images//kendalls_tau_twins__nuisance_stacking__candidates_hist_gradient_boosting__tset_50__overlap_11-296__rs_0-9_noise10.pdf>
Package pdftex.def Info: images//kendalls_tau_twins__nuisance_stacking__candidates_hist_gradient_boosting__tset_50__overlap_11-296__rs_0-9_noise10.pdf  used on input line 1978.
(pdftex.def)             Requested size: 214.9412pt x 150.02492pt.

Underfull \vbox (badness 10000) has occurred while \output is active []


Overfull \vbox (1.0pt too high) has occurred while \output is active []

 [16
Non-PDF special ignored!
<special> ps: [{ThisPage} << /CropBox [0 0 595.26013 782.33696] >> /PUT pdf...
]
<images//normalized_bias_tau_risk_to_best_method_caussim__nuisance_non_linear__candidates_ridge__overlap_01-247.pdf, id=1756, 959.00894pt x 669.71304pt>
File: images//normalized_bias_tau_risk_to_best_method_caussim__nuisance_non_linear__candidates_ridge__overlap_01-247.pdf Graphic file (type pdf)
<use images//normalized_bias_tau_risk_to_best_method_caussim__nuisance_non_linear__candidates_ridge__overlap_01-247.pdf>
Package pdftex.def Info: images//normalized_bias_tau_risk_to_best_method_caussim__nuisance_non_linear__candidates_ridge__overlap_01-247.pdf  used on input line 2012.
(pdftex.def)             Requested size: 214.9412pt x 150.09645pt.
<images//normalized_bias_tau_risk_to_best_method_acic_2016__nuisance_non_linear__candidates_hist_gradient_boosting__dgp_1-77__rs_1-10.pdf, id=1757, 958.67021pt x 669.02835pt>
File: images//normalized_bias_tau_risk_to_best_method_acic_2016__nuisance_non_linear__candidates_hist_gradient_boosting__dgp_1-77__rs_1-10.pdf Graphic file (type pdf)
<use images//normalized_bias_tau_risk_to_best_method_acic_2016__nuisance_non_linear__candidates_hist_gradient_boosting__dgp_1-77__rs_1-10.pdf>
Package pdftex.def Info: images//normalized_bias_tau_risk_to_best_method_acic_2016__nuisance_non_linear__candidates_hist_gradient_boosting__dgp_1-77__rs_1-10.pdf  used on input line 2019.
(pdftex.def)             Requested size: 214.9412pt x 149.99403pt.
File: images//legend_metrics.pdf Graphic file (type pdf)
<use images//legend_metrics.pdf>
Package pdftex.def Info: images//legend_metrics.pdf  used on input line 2025.
(pdftex.def)             Requested size: 73.27946pt x 165.89436pt.

Overfull \hbox (24.42648pt too wide) in paragraph at lines 2025--2026
 [][] 
 []

<images//normalized_bias_tau_risk_to_best_method_acic_2018__nuisance_stacking__candidates_hist_gradient_boosting__tset_50.pdf, id=1758, 958.67021pt x 668.89676pt>
File: images//normalized_bias_tau_risk_to_best_method_acic_2018__nuisance_stacking__candidates_hist_gradient_boosting__tset_50.pdf Graphic file (type pdf)
<use images//normalized_bias_tau_risk_to_best_method_acic_2018__nuisance_stacking__candidates_hist_gradient_boosting__tset_50.pdf>
Package pdftex.def Info: images//normalized_bias_tau_risk_to_best_method_acic_2018__nuisance_stacking__candidates_hist_gradient_boosting__tset_50.pdf  used on input line 2030.
(pdftex.def)             Requested size: 214.9412pt x 149.96454pt.
<images//normalized_bias_tau_risk_to_best_method_twins__nuisance_stacking__candidates_hist_gradient_boosting__tset_50__overlap_11-296__rs_0-9_noise10.pdf, id=1759, 958.67021pt x 669.71304pt>
File: images//normalized_bias_tau_risk_to_best_method_twins__nuisance_stacking__candidates_hist_gradient_boosting__tset_50__overlap_11-296__rs_0-9_noise10.pdf Graphic file (type pdf)
<use images//normalized_bias_tau_risk_to_best_method_twins__nuisance_stacking__candidates_hist_gradient_boosting__tset_50__overlap_11-296__rs_0-9_noise10.pdf>
Package pdftex.def Info: images//normalized_bias_tau_risk_to_best_method_twins__nuisance_stacking__candidates_hist_gradient_boosting__tset_50__overlap_11-296__rs_0-9_noise10.pdf  used on input line 2037.
(pdftex.def)             Requested size: 214.9412pt x 150.14754pt.
<images//_3_procedure_Caussim_N5000__ref_metric_oracle_r_risk_training_procedure.pdf, id=1761, 1941.02742pt x 635.25356pt>
File: images//_3_procedure_Caussim_N5000__ref_metric_oracle_r_risk_training_procedure.pdf Graphic file (type pdf)
<use images//_3_procedure_Caussim_N5000__ref_metric_oracle_r_risk_training_procedure.pdf>
Package pdftex.def Info: images//_3_procedure_Caussim_N5000__ref_metric_oracle_r_risk_training_procedure.pdf  used on input line 2069.
(pdftex.def)             Requested size: 505.59138pt x 165.46251pt.

Overfull \hbox (65.94437pt too wide) in paragraph at lines 2069--2071
[][]
 []

<images//_3_procedure_ACIC2016_N4802__ref_metric_oracle_r_risk_training_procedure.pdf, id=1762, 1621.24556pt x 635.25356pt>
File: images//_3_procedure_ACIC2016_N4802__ref_metric_oracle_r_risk_training_procedure.pdf Graphic file (type pdf)
<use images//_3_procedure_ACIC2016_N4802__ref_metric_oracle_r_risk_training_procedure.pdf>
Package pdftex.def Info: images//_3_procedure_ACIC2016_N4802__ref_metric_oracle_r_risk_training_procedure.pdf  used on input line 2076.
(pdftex.def)             Requested size: 439.64702pt x 172.26712pt.
<images//_3_procedure_Twins_N11984__ref_metric_oracle_r_risk_training_procedure.pdf, id=1763, 1621.24556pt x 730.06639pt>
File: images//_3_procedure_Twins_N11984__ref_metric_oracle_r_risk_training_procedure.pdf Graphic file (type pdf)
<use images//_3_procedure_Twins_N11984__ref_metric_oracle_r_risk_training_procedure.pdf>
Package pdftex.def Info: images//_3_procedure_Twins_N11984__ref_metric_oracle_r_risk_training_procedure.pdf  used on input line 2083.
(pdftex.def)             Requested size: 439.64702pt x 197.97833pt.

Underfull \hbox (badness 10000) in paragraph at lines 2066--2090
[][]
 []


Underfull \hbox (badness 10000) in paragraph at lines 2066--2090
[]
 []

<images//_2_overlap_influence_overlap_by_bin_comparaison_kendall_by_Dataset.pdf, id=1765, 1946.56091pt x 1426.60995pt>
File: images//_2_overlap_influence_overlap_by_bin_comparaison_kendall_by_Dataset.pdf Graphic file (type pdf)
<use images//_2_overlap_influence_overlap_by_bin_comparaison_kendall_by_Dataset.pdf>
Package pdftex.def Info: images//_2_overlap_influence_overlap_by_bin_comparaison_kendall_by_Dataset.pdf  used on input line 2101.
(pdftex.def)             Requested size: 488.5pt x 358.00125pt.
<images//_4_nuisance_models_Twins_N11984__ref_metric_oracle_r_risk_nuisance_models.pdf, id=1768, 1624.96759pt x 730.06639pt>
File: images//_4_nuisance_models_Twins_N11984__ref_metric_oracle_r_risk_nuisance_models.pdf Graphic file (type pdf)
<use images//_4_nuisance_models_Twins_N11984__ref_metric_oracle_r_risk_nuisance_models.pdf>
Package pdftex.def Info: images//_4_nuisance_models_Twins_N11984__ref_metric_oracle_r_risk_nuisance_models.pdf  used on input line 2125.
(pdftex.def)             Requested size: 239.36768pt x 107.53346pt.
<images//_4_nuisance_models_Twinsdownsampled_N4794__ref_metric_oracle_r_risk_nuisance_models.pdf, id=1769, 1624.96759pt x 730.06639pt>
File: images//_4_nuisance_models_Twinsdownsampled_N4794__ref_metric_oracle_r_risk_nuisance_models.pdf Graphic file (type pdf)
<use images//_4_nuisance_models_Twinsdownsampled_N4794__ref_metric_oracle_r_risk_nuisance_models.pdf>
Package pdftex.def Info: images//_4_nuisance_models_Twinsdownsampled_N4794__ref_metric_oracle_r_risk_nuisance_models.pdf  used on input line 2132.
(pdftex.def)             Requested size: 239.36768pt x 107.53346pt.
<images//_4_nuisance_models_Caussim_N5000__ref_metric_oracle_r_risk_nuisance_models.pdf, id=1770, 1916.31265pt x 635.25356pt>
File: images//_4_nuisance_models_Caussim_N5000__ref_metric_oracle_r_risk_nuisance_models.pdf Graphic file (type pdf)
<use images//_4_nuisance_models_Caussim_N5000__ref_metric_oracle_r_risk_nuisance_models.pdf>
Package pdftex.def Info: images//_4_nuisance_models_Caussim_N5000__ref_metric_oracle_r_risk_nuisance_models.pdf  used on input line 2139.
(pdftex.def)             Requested size: 275.27136pt x 91.25156pt.

Overfull \hbox (35.90369pt too wide) in paragraph at lines 2139--2141
[][]
 []

<images//_4_nuisance_models_ACIC2016_N4802__ref_metric_oracle_r_risk_nuisance_models.pdf, id=1771, 1624.96759pt x 635.25356pt>
File: images//_4_nuisance_models_ACIC2016_N4802__ref_metric_oracle_r_risk_nuisance_models.pdf Graphic file (type pdf)
<use images//_4_nuisance_models_ACIC2016_N4802__ref_metric_oracle_r_risk_nuisance_models.pdf>
Package pdftex.def Info: images//_4_nuisance_models_ACIC2016_N4802__ref_metric_oracle_r_risk_nuisance_models.pdf  used on input line 2146.
(pdftex.def)             Requested size: 239.36768pt x 93.56822pt.
<images//_4_nuisance_models_r_risk_only_twins_nuisances.pdf, id=1773, 1667.57231pt x 487.44922pt>
File: images//_4_nuisance_models_r_risk_only_twins_nuisances.pdf Graphic file (type pdf)
<use images//_4_nuisance_models_r_risk_only_twins_nuisances.pdf>
Package pdftex.def Info: images//_4_nuisance_models_r_risk_only_twins_nuisances.pdf  used on input line 2162.
(pdftex.def)             Requested size: 488.5pt x 142.79214pt.
<images//caussim_seed_effect.pdf, id=1775, 1257.56961pt x 460.43643pt>
File: images//caussim_seed_effect.pdf Graphic file (type pdf)
<use images//caussim_seed_effect.pdf>
Package pdftex.def Info: images//caussim_seed_effect.pdf  used on input line 2191.
(pdftex.def)             Requested size: 488.5pt x 178.85286pt.

Overfull \vbox (1.0pt too high) has occurred while \output is active []

 [17
Non-PDF special ignored!
<special> ps: [{ThisPage} << /CropBox [0 0 595.26013 782.33696] >> /PUT pdf...
 <./images//_1_r_risk_domination_r_risk_domination__ref_metric_mean_risks_by_Dataset.pdf>]
Underfull \vbox (badness 10000) has occurred while \output is active []


Overfull \vbox (1.0pt too high) has occurred while \output is active []

 [18
Non-PDF special ignored!
<special> ps: [{ThisPage} << /CropBox [0 0 595.26013 782.33696] >> /PUT pdf...
 <./images//kendalls_tau_caussim__nuisance_non_linear__candidates_ridge__overlap_01-247.pdf> <./images//kendalls_tau_acic_2016__nuisance_non_linear__candidates_hist_gradient_boosting__dgp_1-77__rs_1-10.pdf> <./images//legend_metrics.pdf> <./images//kendalls_tau_acic_2018__nuisance_stacking__candidates_hist_gradient_boosting__tset_50.pdf> <./images//kendalls_tau_twins__nuisance_stacking__candidates_hist_gradient_boosting__tset_50__overlap_11-296__rs_0-9_noise10.pdf>]
Underfull \vbox (badness 10000) has occurred while \output is active []


Overfull \vbox (1.0pt too high) has occurred while \output is active []

 [19
Non-PDF special ignored!
<special> ps: [{ThisPage} << /CropBox [0 0 595.26013 782.33696] >> /PUT pdf...
 <./images//normalized_bias_tau_risk_to_best_method_caussim__nuisance_non_linear__candidates_ridge__overlap_01-247.pdf> <./images//normalized_bias_tau_risk_to_best_method_acic_2016__nuisance_non_linear__candidates_hist_gradient_boosting__dgp_1-77__rs_1-10.pdf> <./images//normalized_bias_tau_risk_to_best_method_acic_2018__nuisance_stacking__candidates_hist_gradient_boosting__tset_50.pdf> <./images//normalized_bias_tau_risk_to_best_method_twins__nuisance_stacking__candidates_hist_gradient_boosting__tset_50__overlap_11-296__rs_0-9_noise10.pdf>]
Underfull \vbox (badness 10000) has occurred while \output is active []


Overfull \vbox (1.0pt too high) has occurred while \output is active []

 [20
Non-PDF special ignored!
<special> ps: [{ThisPage} << /CropBox [0 0 595.26013 782.33696] >> /PUT pdf...
 <./images//_3_procedure_Caussim_N5000__ref_metric_oracle_r_risk_training_procedure.pdf> <./images//_3_procedure_ACIC2016_N4802__ref_metric_oracle_r_risk_training_procedure.pdf> <./images//_3_procedure_Twins_N11984__ref_metric_oracle_r_risk_training_procedure.pdf>]
Underfull \vbox (badness 10000) has occurred while \output is active []


Overfull \vbox (1.0pt too high) has occurred while \output is active []

 [21
Non-PDF special ignored!
<special> ps: [{ThisPage} << /CropBox [0 0 595.26013 782.33696] >> /PUT pdf...
 <./images//_2_overlap_influence_overlap_by_bin_comparaison_kendall_by_Dataset.pdf>]
Overfull \vbox (1.0pt too high) has occurred while \output is active []

 [22
Non-PDF special ignored!
<special> ps: [{ThisPage} << /CropBox [0 0 595.26013 782.33696] >> /PUT pdf...
 <./images//_4_nuisance_models_Twins_N11984__ref_metric_oracle_r_risk_nuisance_models.pdf> <./images//_4_nuisance_models_Twinsdownsampled_N4794__ref_metric_oracle_r_risk_nuisance_models.pdf> <./images//_4_nuisance_models_Caussim_N5000__ref_metric_oracle_r_risk_nuisance_models.pdf> <./images//_4_nuisance_models_ACIC2016_N4802__ref_metric_oracle_r_risk_nuisance_models.pdf> <./images//_4_nuisance_models_r_risk_only_twins_nuisances.pdf>]
Underfull \vbox (badness 10000) has occurred while \output is active []


Overfull \vbox (1.0pt too high) has occurred while \output is active []

 [23
Non-PDF special ignored!
<special> ps: [{ThisPage} << /CropBox [0 0 595.26013 782.33696] >> /PUT pdf...
 <./images//caussim_seed_effect.pdf>]
<images//_5_train_size_evaluated_metric_r_risk__evaluation_validation_tau_risk__best_tau_norm__False_norm_False__acic16_twocols.pdf, id=3094, 1204.63858pt x 453.3211pt>
File: images//_5_train_size_evaluated_metric_r_risk__evaluation_validation_tau_risk__best_tau_norm__False_norm_False__acic16_twocols.pdf Graphic file (type pdf)
<use images//_5_train_size_evaluated_metric_r_risk__evaluation_validation_tau_risk__best_tau_norm__False_norm_False__acic16_twocols.pdf>
Package pdftex.def Info: images//_5_train_size_evaluated_metric_r_risk__evaluation_validation_tau_risk__best_tau_norm__False_norm_False__acic16_twocols.pdf  used on input line 2231.
(pdftex.def)             Requested size: 244.25pt x 91.91461pt.
<images//_5_train_size_evaluated_metric_r_risk__evaluation_validation_test_abs_bias_ate__best_tau_norm__False_norm_True__acic16_twocols.pdf, id=3095, 1324.84854pt x 379.35614pt>
File: images//_5_train_size_evaluated_metric_r_risk__evaluation_validation_test_abs_bias_ate__best_tau_norm__False_norm_True__acic16_twocols.pdf Graphic file (type pdf)
<use images//_5_train_size_evaluated_metric_r_risk__evaluation_validation_test_abs_bias_ate__best_tau_norm__False_norm_True__acic16_twocols.pdf>
Package pdftex.def Info: images//_5_train_size_evaluated_metric_r_risk__evaluation_validation_test_abs_bias_ate__best_tau_norm__False_norm_True__acic16_twocols.pdf  used on input line 2236.
(pdftex.def)             Requested size: 244.25pt x 69.93666pt.

Overfull \hbox (1.97166pt too wide) in paragraph at lines 2229--2242
[]$[]$ $[]$ 
 []

(./how_to_select.bbl
Overfull \vbox (1.0pt too high) has occurred while \output is active []

 [24
Non-PDF special ignored!
<special> ps: [{ThisPage} << /CropBox [0 0 595.26013 782.33696] >> /PUT pdf...

 <./images//_5_train_size_evaluated_metric_r_risk__evaluation_validation_tau_risk__best_tau_norm__False_norm_False__acic16_twocols.pdf> <./images//_5_train_size_evaluated_metric_r_risk__evaluation_validation_test_abs_bias_ate__best_tau_norm__False_norm_True__acic16_twocols.pdf>]
Underfull \vbox (badness 10000) has occurred while \output is active []


Overfull \vbox (1.0pt too high) has occurred while \output is active []

 [25
Non-PDF special ignored!
<special> ps: [{ThisPage} << /CropBox [0 0 595.26013 782.33696] >> /PUT pdf...
]
Underfull \vbox (badness 10000) has occurred while \output is active []


Overfull \vbox (1.0pt too high) has occurred while \output is active []

 [26
Non-PDF special ignored!
<special> ps: [{ThisPage} << /CropBox [0 0 595.26013 782.33696] >> /PUT pdf...
]
Underfull \hbox (badness 1596) in paragraph at lines 505--512
[]\OT1/cmr/m/n/7.52812 Xavier Bouthillier, Pierre Delaunay, Mirko Bronzi, Assya Trofimov, Brennan Nichyporuk, Justin Szeto, Nazanin
 []

LaTeX Font Info:    Trying to load font information for OMS+cmr on input line 578.
(/usr/share/texlive/texmf-dist/tex/latex/base/omscmr.fd
File: omscmr.fd 2019/12/16 v2.5j Standard LaTeX font definitions
)
LaTeX Font Info:    Font shape `OMS/cmr/m/n' in size <7.52812> not available
(Font)              Font shape `OMS/cmsy/m/n' tried instead on input line 578.

Underfull \vbox (badness 10000) has occurred while \output is active []


Overfull \vbox (1.0pt too high) has occurred while \output is active []

 [27
Non-PDF special ignored!
<special> ps: [{ThisPage} << /CropBox [0 0 595.26013 782.33696] >> /PUT pdf...
])
Overfull \vbox (1.0pt too high) has occurred while \output is active []

 [28
Non-PDF special ignored!
<special> ps: [{ThisPage} << /CropBox [0 0 595.26013 782.33696] >> /PUT pdf...
] (./how_to_select.aux)

LaTeX Warning: There were undefined references.

Package rerunfilecheck Info: File `how_to_select.out' has not changed.
(rerunfilecheck)             Checksum: 3F2194C963F571589431555A27467C3F;18875.
 ) 
Here is how much of TeX's memory you used:
 27451 strings out of 480171
 534705 string characters out of 5894489
 808455 words of memory out of 5000000
 44593 multiletter control sequences out of 15000+600000
 521128 words of font info for 229 fonts, out of 8000000 for 9000
 63 hyphenation exceptions out of 8191
 99i,18n,94p,17409b,649s stack positions out of 5000i,500n,10000p,200000b,80000s
 </home/mdoutreligne/.texlive2021/texmf-var/fonts/pk/ljfour/jknappen/ec/tcrm0600.650pk></usr/share/texlive/texmf-dist/fonts/type1/public/amsfonts/cm/cmb10.pfb></usr/share/texlive/texmf-dist/fonts/type1/public/amsfonts/cm/cmbsy10.pfb></usr/share/texlive/texmf-dist/fonts/type1/public/amsfonts/cm/cmbx10.pfb></usr/share/texlive/texmf-dist/fonts/type1/public/amsfonts/cm/cmbx12.pfb></usr/share/texlive/texmf-dist/fonts/type1/public/amsfonts/cm/cmbx6.pfb></usr/share/texlive/texmf-dist/fonts/type1/public/amsfonts/cm/cmbx7.pfb></usr/share/texlive/texmf-dist/fonts/type1/public/amsfonts/cm/cmbx8.pfb></usr/share/texlive/texmf-dist/fonts/type1/public/amsfonts/cm/cmbx9.pfb></usr/share/texlive/texmf-dist/fonts/type1/public/amsfonts/cm/cmex10.pfb></usr/share/texlive/texmf-dist/fonts/type1/public/amsfonts/cmextra/cmex8.pfb></usr/share/texlive/texmf-dist/fonts/type1/public/amsfonts/cm/cmmi10.pfb></usr/share/texlive/texmf-dist/fonts/type1/public/amsfonts/cm/cmmi12.pfb></usr/share/texlive/texmf-dist/fonts/type1/public/amsfonts/cm/cmmi5.pfb></usr/share/texlive/texmf-dist/fonts/type1/public/amsfonts/cm/cmmi6.pfb></usr/share/texlive/texmf-dist/fonts/type1/public/amsfonts/cm/cmmi7.pfb></usr/share/texlive/texmf-dist/fonts/type1/public/amsfonts/cm/cmmi8.pfb></usr/share/texlive/texmf-dist/fonts/type1/public/amsfonts/cm/cmmi9.pfb></usr/share/texlive/texmf-dist/fonts/type1/public/amsfonts/cm/cmr10.pfb></usr/share/texlive/texmf-dist/fonts/type1/public/amsfonts/cm/cmr12.pfb></usr/share/texlive/texmf-dist/fonts/type1/public/amsfonts/cm/cmr17.pfb></usr/share/texlive/texmf-dist/fonts/type1/public/amsfonts/cm/cmr5.pfb></usr/share/texlive/texmf-dist/fonts/type1/public/amsfonts/cm/cmr6.pfb></usr/share/texlive/texmf-dist/fonts/type1/public/amsfonts/cm/cmr7.pfb></usr/share/texlive/texmf-dist/fonts/type1/public/amsfonts/cm/cmr8.pfb></usr/share/texlive/texmf-dist/fonts/type1/public/amsfonts/cm/cmr9.pfb></usr/share/texlive/texmf-dist/fonts/type1/public/amsfonts/cm/cmss12.pfb></usr/share/texlive/texmf-dist/fonts/type1/public/amsfonts/cm/cmss17.pfb></usr/share/texlive/texmf-dist/fonts/type1/public/amsfonts/cm/cmss8.pfb></usr/share/texlive/texmf-dist/fonts/type1/public/amsfonts/cm/cmssbx10.pfb></usr/share/texlive/texmf-dist/fonts/type1/public/amsfonts/cm/cmsy10.pfb></usr/share/texlive/texmf-dist/fonts/type1/public/amsfonts/cm/cmsy5.pfb></usr/share/texlive/texmf-dist/fonts/type1/public/amsfonts/cm/cmsy6.pfb></usr/share/texlive/texmf-dist/fonts/type1/public/amsfonts/cm/cmsy7.pfb></usr/share/texlive/texmf-dist/fonts/type1/public/amsfonts/cm/cmsy8.pfb></usr/share/texlive/texmf-dist/fonts/type1/public/amsfonts/cm/cmti7.pfb></usr/share/texlive/texmf-dist/fonts/type1/public/amsfonts/cm/cmti8.pfb></usr/share/texlive/texmf-dist/fonts/type1/public/amsfonts/cm/cmti9.pfb></usr/share/texlive/texmf-dist/fonts/type1/public/amsfonts/cm/cmtt8.pfb></usr/share/texlive/texmf-dist/fonts/type1/public/amsfonts/latxfont/line10.pfb></usr/share/texlive/texmf-dist/fonts/type1/public/amsfonts/symbols/msam7.pfb></usr/share/texlive/texmf-dist/fonts/type1/public/amsfonts/symbols/msbm10.pfb></usr/share/texlive/texmf-dist/fonts/type1/public/amsfonts/symbols/msbm7.pfb>
Output written on how_to_select.pdf (28 pages, 12511654 bytes).
PDF statistics:
 3478 PDF objects out of 3580 (max. 8388607)
 1455 compressed objects within 15 object streams
 269 named destinations out of 1000 (max. 500000)
 784 words of extra memory for PDF output out of 10000 (max. 10000000)

